<?xml version="1.0" encoding="UTF-8"?>
<coverage generated="1700002932247" clover="3.2.0">
  <project timestamp="1700002932247" name="All files">
    <metrics statements="26" coveredstatements="26" conditionals="8" coveredconditionals="8" methods="2" coveredmethods="2" elements="36" coveredelements="36" complexity="0" loc="26" ncloc="26" packages="2" files="2" classes="2"/>
    <package name="services">
      <metrics statements="7" coveredstatements="7" conditionals="0" coveredconditionals="0" methods="0" coveredmethods="0"/>
      <file name="orderServices.ts" path="/home/kaliuser/Documents/portfolio/commercial_apps/automitive_service_app/a-CarServiceApplication-new/auto_service_mern_crm/Server/Order/services/orderServices.ts">
        <metrics statements="7" coveredstatements="7" conditionals="0" coveredconditionals="0" methods="0" coveredmethods="0"/>
        <line num="8" count="1" type="stmt"/>
        <line num="9" count="1" type="stmt"/>
        <line num="10" count="1" type="stmt"/>
        <line num="12" count="1" type="stmt"/>
        <line num="15" count="1" type="stmt"/>
        <line num="18" count="1" type="stmt"/>
        <line num="20" count="1" type="stmt"/>
      </file>
    </package>
    <package name="utils">
      <metrics statements="19" coveredstatements="19" conditionals="8" coveredconditionals="8" methods="2" coveredmethods="2"/>
      <file name="jwtUtil.ts" path="/home/kaliuser/Documents/portfolio/commercial_apps/automitive_service_app/a-CarServiceApplication-new/auto_service_mern_crm/Server/Order/utils/jwtUtil.ts">
        <metrics statements="19" coveredstatements="19" conditionals="8" coveredconditionals="8" methods="2" coveredmethods="2"/>
        <line num="1" count="1" type="stmt"/>
        <line num="3" count="1" type="stmt"/>
        <line num="5" count="1" type="stmt"/>
        <line num="6" count="3" type="stmt"/>
        <line num="11" count="3" type="stmt"/>
        <line num="12" count="3" type="stmt"/>
        <line num="17" count="3" type="stmt"/>
        <line num="22" count="3" type="stmt"/>
        <line num="25" count="1" type="stmt"/>
        <line num="26" count="4" type="stmt"/>
        <line num="28" count="4" type="cond" truecount="4" falsecount="0"/>
        <line num="29" count="1" type="stmt"/>
        <line num="33" count="3" type="stmt"/>
        <line num="38" count="3" type="cond" truecount="1" falsecount="0"/>
        <line num="39" count="1" type="stmt"/>
        <line num="42" count="2" type="stmt"/>
        <line num="44" count="2" type="cond" truecount="3" falsecount="0"/>
        <line num="45" count="1" type="stmt"/>
        <line num="48" count="1" type="stmt"/>
      </file>
    </package>
  </project>
</coverage>
