TN:
SF:services/orderServices.ts
FNF:0
FNH:0
DA:8,1
DA:9,1
DA:10,1
DA:12,1
DA:15,1
DA:18,1
DA:20,1
LF:7
LH:7
BRF:0
BRH:0
end_of_record
TN:
SF:utils/jwtUtil.ts
FN:5,(anonymous_1)
FN:25,(anonymous_2)
FNF:2
FNH:2
FNDA:3,(anonymous_1)
FNDA:4,(anonymous_2)
DA:1,1
DA:3,1
DA:5,1
DA:6,3
DA:11,3
DA:12,3
DA:17,3
DA:22,3
DA:25,1
DA:26,4
DA:28,4
DA:29,1
DA:33,3
DA:38,3
DA:39,1
DA:42,2
DA:44,2
DA:45,1
DA:48,1
LF:19
LH:19
BRDA:28,0,0,1
BRDA:28,1,0,4
BRDA:28,1,1,4
BRDA:28,1,2,4
BRDA:38,2,0,1
BRDA:44,3,0,1
BRDA:44,4,0,2
BRDA:44,4,1,2
BRF:8
BRH:8
end_of_record
