<?xml version="1.0" encoding="UTF-8"?>
<coverage generated="1699999634416" clover="3.2.0">
  <project timestamp="1699999634416" name="All files">
    <metrics statements="34" coveredstatements="34" conditionals="8" coveredconditionals="8" methods="2" coveredmethods="2" elements="44" coveredelements="44" complexity="0" loc="34" ncloc="34" packages="2" files="3" classes="3"/>
    <package name="services">
      <metrics statements="15" coveredstatements="15" conditionals="0" coveredconditionals="0" methods="0" coveredmethods="0"/>
      <file name="accountServices.ts" path="/home/kaliuser/Documents/portfolio/commercial_apps/automitive_service_app/a-CarServiceApplication-new/auto_service_mern_crm/Server/Manager/services/accountServices.ts">
        <metrics statements="7" coveredstatements="7" conditionals="0" coveredconditionals="0" methods="0" coveredmethods="0"/>
        <line num="8" count="1" type="stmt"/>
        <line num="9" count="1" type="stmt"/>
        <line num="10" count="1" type="stmt"/>
        <line num="12" count="1" type="stmt"/>
        <line num="14" count="1" type="stmt"/>
        <line num="20" count="1" type="stmt"/>
        <line num="26" count="1" type="stmt"/>
      </file>
      <file name="orderServices.ts" path="/home/kaliuser/Documents/portfolio/commercial_apps/automitive_service_app/a-CarServiceApplication-new/auto_service_mern_crm/Server/Manager/services/orderServices.ts">
        <metrics statements="8" coveredstatements="8" conditionals="0" coveredconditionals="0" methods="0" coveredmethods="0"/>
        <line num="8" count="1" type="stmt"/>
        <line num="9" count="1" type="stmt"/>
        <line num="10" count="1" type="stmt"/>
        <line num="12" count="1" type="stmt"/>
        <line num="14" count="1" type="stmt"/>
        <line num="20" count="1" type="stmt"/>
        <line num="26" count="1" type="stmt"/>
        <line num="32" count="1" type="stmt"/>
      </file>
    </package>
    <package name="utils">
      <metrics statements="19" coveredstatements="19" conditionals="8" coveredconditionals="8" methods="2" coveredmethods="2"/>
      <file name="jwtUtil.ts" path="/home/kaliuser/Documents/portfolio/commercial_apps/automitive_service_app/a-CarServiceApplication-new/auto_service_mern_crm/Server/Manager/utils/jwtUtil.ts">
        <metrics statements="19" coveredstatements="19" conditionals="8" coveredconditionals="8" methods="2" coveredmethods="2"/>
        <line num="1" count="1" type="stmt"/>
        <line num="3" count="1" type="stmt"/>
        <line num="5" count="1" type="stmt"/>
        <line num="6" count="3" type="stmt"/>
        <line num="11" count="3" type="stmt"/>
        <line num="12" count="3" type="stmt"/>
        <line num="17" count="3" type="stmt"/>
        <line num="22" count="3" type="stmt"/>
        <line num="25" count="1" type="stmt"/>
        <line num="26" count="4" type="stmt"/>
        <line num="28" count="4" type="cond" truecount="4" falsecount="0"/>
        <line num="29" count="1" type="stmt"/>
        <line num="33" count="3" type="stmt"/>
        <line num="38" count="3" type="cond" truecount="1" falsecount="0"/>
        <line num="39" count="1" type="stmt"/>
        <line num="42" count="2" type="stmt"/>
        <line num="44" count="2" type="cond" truecount="3" falsecount="0"/>
        <line num="45" count="1" type="stmt"/>
        <line num="48" count="1" type="stmt"/>
      </file>
    </package>
  </project>
</coverage>
