{"/home/kaliuser/Documents/portfolio/commercial_apps/automitive_service_app/a-CarServiceApplication-new/auto_service_mern_crm/Server/Manager/services/accountServices.ts": {"path":"/home/kaliuser/Documents/portfolio/commercial_apps/automitive_service_app/a-CarServiceApplication-new/auto_service_mern_crm/Server/Manager/services/accountServices.ts","statementMap":{"0":{"start":{"line":8,"column":0},"end":{"line":8,"column":30}},"1":{"start":{"line":9,"column":0},"end":{"line":9,"column":50}},"2":{"start":{"line":10,"column":0},"end":{"line":10,"column":70}},"3":{"start":{"line":12,"column":15},"end":{"line":12,"column":31}},"4":{"start":{"line":14,"column":0},"end":{"line":18,"column":2}},"5":{"start":{"line":20,"column":0},"end":{"line":24,"column":2}},"6":{"start":{"line":26,"column":0},"end":{"line":26,"column":22}}},"fnMap":{},"branchMap":{},"s":{"0":1,"1":1,"2":1,"3":1,"4":1,"5":1,"6":1},"f":{},"b":{}}
,"/home/kaliuser/Documents/portfolio/commercial_apps/automitive_service_app/a-CarServiceApplication-new/auto_service_mern_crm/Server/Manager/services/orderServices.ts": {"path":"/home/kaliuser/Documents/portfolio/commercial_apps/automitive_service_app/a-CarServiceApplication-new/auto_service_mern_crm/Server/Manager/services/orderServices.ts","statementMap":{"0":{"start":{"line":8,"column":0},"end":{"line":8,"column":30}},"1":{"start":{"line":9,"column":0},"end":{"line":9,"column":50}},"2":{"start":{"line":10,"column":0},"end":{"line":10,"column":66}},"3":{"start":{"line":12,"column":15},"end":{"line":12,"column":31}},"4":{"start":{"line":14,"column":0},"end":{"line":18,"column":2}},"5":{"start":{"line":20,"column":0},"end":{"line":24,"column":2}},"6":{"start":{"line":26,"column":0},"end":{"line":30,"column":2}},"7":{"start":{"line":32,"column":0},"end":{"line":32,"column":22}}},"fnMap":{},"branchMap":{},"s":{"0":1,"1":1,"2":1,"3":1,"4":1,"5":1,"6":1,"7":1},"f":{},"b":{}}
,"/home/kaliuser/Documents/portfolio/commercial_apps/automitive_service_app/a-CarServiceApplication-new/auto_service_mern_crm/Server/Manager/utils/jwtUtil.ts": {"path":"/home/kaliuser/Documents/portfolio/commercial_apps/automitive_service_app/a-CarServiceApplication-new/auto_service_mern_crm/Server/Manager/utils/jwtUtil.ts","statementMap":{"0":{"start":{"line":1,"column":0},"end":{"line":1,"column":28}},"1":{"start":{"line":3,"column":15},"end":{"line":3,"column":93}},"2":{"start":{"line":5,"column":25},"end":{"line":23,"column":1}},"3":{"start":{"line":6,"column":17},"end":{"line":9,"column":4}},"4":{"start":{"line":11,"column":24},"end":{"line":11,"column":78}},"5":{"start":{"line":12,"column":25},"end":{"line":15,"column":24}},"6":{"start":{"line":17,"column":20},"end":{"line":20,"column":21}},"7":{"start":{"line":22,"column":2},"end":{"line":22,"column":64}},"8":{"start":{"line":5,"column":13},"end":{"line":5,"column":25}},"9":{"start":{"line":25,"column":25},"end":{"line":49,"column":1}},"10":{"start":{"line":26,"column":53},"end":{"line":26,"column":69}},"11":{"start":{"line":28,"column":2},"end":{"line":30,"column":null}},"12":{"start":{"line":29,"column":4},"end":{"line":29,"column":37}},"13":{"start":{"line":33,"column":28},"end":{"line":36,"column":21}},"14":{"start":{"line":38,"column":2},"end":{"line":40,"column":null}},"15":{"start":{"line":39,"column":4},"end":{"line":39,"column":41}},"16":{"start":{"line":42,"column":18},"end":{"line":42,"column":78}},"17":{"start":{"line":44,"column":2},"end":{"line":46,"column":null}},"18":{"start":{"line":45,"column":4},"end":{"line":45,"column":37}},"19":{"start":{"line":48,"column":2},"end":{"line":48,"column":17}},"20":{"start":{"line":25,"column":13},"end":{"line":25,"column":25}}},"fnMap":{"0":{"name":"(anonymous_1)","decl":{"start":{"line":5,"column":25},"end":{"line":5,"column":26}},"loc":{"start":{"line":5,"column":72},"end":{"line":23,"column":1}}},"1":{"name":"(anonymous_2)","decl":{"start":{"line":25,"column":25},"end":{"line":25,"column":26}},"loc":{"start":{"line":25,"column":48},"end":{"line":49,"column":1}}}},"branchMap":{"0":{"loc":{"start":{"line":28,"column":2},"end":{"line":30,"column":null}},"type":"if","locations":[{"start":{"line":28,"column":2},"end":{"line":30,"column":null}}]},"1":{"loc":{"start":{"line":28,"column":6},"end":{"line":28,"column":53}},"type":"binary-expr","locations":[{"start":{"line":28,"column":6},"end":{"line":28,"column":20}},{"start":{"line":28,"column":24},"end":{"line":28,"column":39}},{"start":{"line":28,"column":43},"end":{"line":28,"column":53}}]},"2":{"loc":{"start":{"line":38,"column":2},"end":{"line":40,"column":null}},"type":"if","locations":[{"start":{"line":38,"column":2},"end":{"line":40,"column":null}}]},"3":{"loc":{"start":{"line":44,"column":2},"end":{"line":46,"column":null}},"type":"if","locations":[{"start":{"line":44,"column":2},"end":{"line":46,"column":null}}]},"4":{"loc":{"start":{"line":44,"column":6},"end":{"line":44,"column":52}},"type":"binary-expr","locations":[{"start":{"line":44,"column":6},"end":{"line":44,"column":17}},{"start":{"line":44,"column":21},"end":{"line":44,"column":52}}]}},"s":{"0":1,"1":1,"2":1,"3":3,"4":3,"5":3,"6":3,"7":3,"8":1,"9":1,"10":4,"11":4,"12":1,"13":3,"14":3,"15":1,"16":2,"17":2,"18":1,"19":1,"20":1},"f":{"0":3,"1":4},"b":{"0":[1],"1":[4,4,4],"2":[1],"3":[1],"4":[2,2]}}
}
