{"/home/kaliuser/Documents/portfolio/commercial_apps/automitive_service_app/a-CarServiceApplication-new/auto_service_mern_crm/Server/Customer/services/accountServices.ts": {"path":"/home/kaliuser/Documents/portfolio/commercial_apps/automitive_service_app/a-CarServiceApplication-new/auto_service_mern_crm/Server/Customer/services/accountServices.ts","statementMap":{"0":{"start":{"line":8,"column":0},"end":{"line":8,"column":30}},"1":{"start":{"line":9,"column":0},"end":{"line":9,"column":54}},"2":{"start":{"line":10,"column":0},"end":{"line":10,"column":70}},"3":{"start":{"line":12,"column":15},"end":{"line":12,"column":31}},"4":{"start":{"line":14,"column":0},"end":{"line":18,"column":2}},"5":{"start":{"line":20,"column":0},"end":{"line":20,"column":68}},"6":{"start":{"line":22,"column":0},"end":{"line":26,"column":2}},"7":{"start":{"line":28,"column":0},"end":{"line":32,"column":2}},"8":{"start":{"line":34,"column":0},"end":{"line":34,"column":22}}},"fnMap":{},"branchMap":{},"s":{"0":2,"1":2,"2":2,"3":2,"4":2,"5":2,"6":2,"7":2,"8":2},"f":{},"b":{}}
,"/home/kaliuser/Documents/portfolio/commercial_apps/automitive_service_app/a-CarServiceApplication-new/auto_service_mern_crm/Server/Customer/services/authServices.ts": {"path":"/home/kaliuser/Documents/portfolio/commercial_apps/automitive_service_app/a-CarServiceApplication-new/auto_service_mern_crm/Server/Customer/services/authServices.ts","statementMap":{"0":{"start":{"line":8,"column":0},"end":{"line":8,"column":30}},"1":{"start":{"line":9,"column":0},"end":{"line":9,"column":66}},"2":{"start":{"line":10,"column":0},"end":{"line":10,"column":65}},"3":{"start":{"line":12,"column":15},"end":{"line":12,"column":31}},"4":{"start":{"line":14,"column":0},"end":{"line":16,"column":3}},"5":{"start":{"line":15,"column":2},"end":{"line":15,"column":42}},"6":{"start":{"line":18,"column":0},"end":{"line":24,"column":2}},"7":{"start":{"line":22,"column":4},"end":{"line":22,"column":46}},"8":{"start":{"line":26,"column":0},"end":{"line":26,"column":51}},"9":{"start":{"line":27,"column":0},"end":{"line":27,"column":45}},"10":{"start":{"line":29,"column":0},"end":{"line":29,"column":22}}},"fnMap":{"0":{"name":"(anonymous_7)","decl":{"start":{"line":14,"column":25},"end":{"line":14,"column":26}},"loc":{"start":{"line":14,"column":48},"end":{"line":16,"column":1}}},"1":{"name":"(anonymous_8)","decl":{"start":{"line":21,"column":2},"end":{"line":21,"column":3}},"loc":{"start":{"line":21,"column":25},"end":{"line":23,"column":3}}}},"branchMap":{},"s":{"0":1,"1":1,"2":1,"3":1,"4":1,"5":1,"6":1,"7":1,"8":1,"9":1,"10":1},"f":{"0":1,"1":1},"b":{}}
,"/home/kaliuser/Documents/portfolio/commercial_apps/automitive_service_app/a-CarServiceApplication-new/auto_service_mern_crm/Server/Customer/utils/jwtUtil.ts": {"path":"/home/kaliuser/Documents/portfolio/commercial_apps/automitive_service_app/a-CarServiceApplication-new/auto_service_mern_crm/Server/Customer/utils/jwtUtil.ts","statementMap":{"0":{"start":{"line":1,"column":0},"end":{"line":1,"column":28}},"1":{"start":{"line":6,"column":15},"end":{"line":6,"column":93}},"2":{"start":{"line":8,"column":25},"end":{"line":26,"column":1}},"3":{"start":{"line":9,"column":17},"end":{"line":12,"column":4}},"4":{"start":{"line":14,"column":24},"end":{"line":14,"column":78}},"5":{"start":{"line":15,"column":25},"end":{"line":18,"column":24}},"6":{"start":{"line":20,"column":20},"end":{"line":23,"column":21}},"7":{"start":{"line":25,"column":2},"end":{"line":25,"column":64}},"8":{"start":{"line":8,"column":13},"end":{"line":8,"column":25}},"9":{"start":{"line":28,"column":25},"end":{"line":60,"column":1}},"10":{"start":{"line":30,"column":16},"end":{"line":30,"column":32}},"11":{"start":{"line":31,"column":2},"end":{"line":33,"column":null}},"12":{"start":{"line":32,"column":4},"end":{"line":32,"column":37}},"13":{"start":{"line":36,"column":53},"end":{"line":36,"column":69}},"14":{"start":{"line":39,"column":2},"end":{"line":41,"column":null}},"15":{"start":{"line":40,"column":4},"end":{"line":40,"column":37}},"16":{"start":{"line":44,"column":28},"end":{"line":47,"column":21}},"17":{"start":{"line":49,"column":2},"end":{"line":51,"column":null}},"18":{"start":{"line":50,"column":4},"end":{"line":50,"column":41}},"19":{"start":{"line":53,"column":18},"end":{"line":53,"column":78}},"20":{"start":{"line":55,"column":2},"end":{"line":57,"column":null}},"21":{"start":{"line":56,"column":4},"end":{"line":56,"column":37}},"22":{"start":{"line":59,"column":2},"end":{"line":59,"column":17}},"23":{"start":{"line":28,"column":13},"end":{"line":28,"column":25}}},"fnMap":{"0":{"name":"(anonymous_1)","decl":{"start":{"line":8,"column":25},"end":{"line":8,"column":26}},"loc":{"start":{"line":8,"column":72},"end":{"line":26,"column":1}}},"1":{"name":"(anonymous_2)","decl":{"start":{"line":28,"column":25},"end":{"line":28,"column":26}},"loc":{"start":{"line":28,"column":48},"end":{"line":60,"column":1}}}},"branchMap":{"0":{"loc":{"start":{"line":31,"column":2},"end":{"line":33,"column":null}},"type":"if","locations":[{"start":{"line":31,"column":2},"end":{"line":33,"column":null}}]},"1":{"loc":{"start":{"line":39,"column":2},"end":{"line":41,"column":null}},"type":"if","locations":[{"start":{"line":39,"column":2},"end":{"line":41,"column":null}}]},"2":{"loc":{"start":{"line":39,"column":6},"end":{"line":39,"column":53}},"type":"binary-expr","locations":[{"start":{"line":39,"column":6},"end":{"line":39,"column":20}},{"start":{"line":39,"column":24},"end":{"line":39,"column":39}},{"start":{"line":39,"column":43},"end":{"line":39,"column":53}}]},"3":{"loc":{"start":{"line":49,"column":2},"end":{"line":51,"column":null}},"type":"if","locations":[{"start":{"line":49,"column":2},"end":{"line":51,"column":null}}]},"4":{"loc":{"start":{"line":55,"column":2},"end":{"line":57,"column":null}},"type":"if","locations":[{"start":{"line":55,"column":2},"end":{"line":57,"column":null}}]},"5":{"loc":{"start":{"line":55,"column":6},"end":{"line":55,"column":52}},"type":"binary-expr","locations":[{"start":{"line":55,"column":6},"end":{"line":55,"column":17}},{"start":{"line":55,"column":21},"end":{"line":55,"column":52}}]}},"s":{"0":1,"1":1,"2":1,"3":2,"4":2,"5":2,"6":2,"7":2,"8":1,"9":1,"10":4,"11":4,"12":1,"13":3,"14":3,"15":0,"16":3,"17":3,"18":1,"19":2,"20":2,"21":1,"22":1,"23":1},"f":{"0":2,"1":4},"b":{"0":[1],"1":[0],"2":[3,3,3],"3":[1],"4":[1],"5":[2,2]}}
}
