TN:
SF:services/accountServices.ts
FNF:0
FNH:0
DA:8,2
DA:9,2
DA:10,2
DA:12,2
DA:14,2
DA:20,2
DA:22,2
DA:28,2
DA:34,2
LF:9
LH:9
BRF:0
BRH:0
end_of_record
TN:
SF:services/authServices.ts
FN:14,(anonymous_7)
FN:21,(anonymous_8)
FNF:2
FNH:2
FNDA:1,(anonymous_7)
FNDA:1,(anonymous_8)
DA:8,1
DA:9,1
DA:10,1
DA:12,1
DA:14,1
DA:15,1
DA:18,1
DA:22,1
DA:26,1
DA:27,1
DA:29,1
LF:11
LH:11
BRF:0
BRH:0
end_of_record
TN:
SF:utils/jwtUtil.ts
FN:8,(anonymous_1)
FN:28,(anonymous_2)
FNF:2
FNH:2
FNDA:2,(anonymous_1)
FNDA:4,(anonymous_2)
DA:1,1
DA:6,1
DA:8,1
DA:9,2
DA:14,2
DA:15,2
DA:20,2
DA:25,2
DA:28,1
DA:30,4
DA:31,4
DA:32,1
DA:36,3
DA:39,3
DA:40,0
DA:44,3
DA:49,3
DA:50,1
DA:53,2
DA:55,2
DA:56,1
DA:59,1
LF:22
LH:21
BRDA:31,0,0,1
BRDA:39,1,0,0
BRDA:39,2,0,3
BRDA:39,2,1,3
BRDA:39,2,2,3
BRDA:49,3,0,1
BRDA:55,4,0,1
BRDA:55,5,0,2
BRDA:55,5,1,2
BRF:9
BRH:8
end_of_record
