{"/home/kaliuser/Documents/portfolio/commercial_apps/automitive_service_app/a-CarServiceApplication-new/auto_service_mern_crm/Server/Admin/services/authServices.ts": {"path":"/home/kaliuser/Documents/portfolio/commercial_apps/automitive_service_app/a-CarServiceApplication-new/auto_service_mern_crm/Server/Admin/services/authServices.ts","statementMap":{"0":{"start":{"line":7,"column":0},"end":{"line":7,"column":30}},"1":{"start":{"line":8,"column":0},"end":{"line":8,"column":64}},"2":{"start":{"line":10,"column":15},"end":{"line":10,"column":31}},"3":{"start":{"line":13,"column":0},"end":{"line":13,"column":44}},"4":{"start":{"line":16,"column":0},"end":{"line":16,"column":50}},"5":{"start":{"line":19,"column":0},"end":{"line":19,"column":22}}},"fnMap":{},"branchMap":{},"s":{"0":1,"1":1,"2":1,"3":1,"4":1,"5":1},"f":{},"b":{}}
,"/home/kaliuser/Documents/portfolio/commercial_apps/automitive_service_app/a-CarServiceApplication-new/auto_service_mern_crm/Server/Admin/services/autoWashServices.ts": {"path":"/home/kaliuser/Documents/portfolio/commercial_apps/automitive_service_app/a-CarServiceApplication-new/auto_service_mern_crm/Server/Admin/services/autoWashServices.ts","statementMap":{"0":{"start":{"line":7,"column":0},"end":{"line":7,"column":30}},"1":{"start":{"line":9,"column":0},"end":{"line":9,"column":70}},"2":{"start":{"line":10,"column":0},"end":{"line":10,"column":55}},"3":{"start":{"line":12,"column":15},"end":{"line":12,"column":31}},"4":{"start":{"line":21,"column":0},"end":{"line":21,"column":101}},"5":{"start":{"line":24,"column":0},"end":{"line":24,"column":50}},"6":{"start":{"line":27,"column":0},"end":{"line":27,"column":70}},"7":{"start":{"line":30,"column":0},"end":{"line":30,"column":119}},"8":{"start":{"line":33,"column":0},"end":{"line":33,"column":120}},"9":{"start":{"line":36,"column":0},"end":{"line":36,"column":22}}},"fnMap":{},"branchMap":{},"s":{"0":1,"1":1,"2":1,"3":1,"4":1,"5":1,"6":1,"7":1,"8":1,"9":1},"f":{},"b":{}}
,"/home/kaliuser/Documents/portfolio/commercial_apps/automitive_service_app/a-CarServiceApplication-new/auto_service_mern_crm/Server/Admin/services/orderServices.ts": {"path":"/home/kaliuser/Documents/portfolio/commercial_apps/automitive_service_app/a-CarServiceApplication-new/auto_service_mern_crm/Server/Admin/services/orderServices.ts","statementMap":{"0":{"start":{"line":7,"column":0},"end":{"line":7,"column":30}},"1":{"start":{"line":9,"column":0},"end":{"line":9,"column":66}},"2":{"start":{"line":10,"column":0},"end":{"line":10,"column":55}},"3":{"start":{"line":12,"column":15},"end":{"line":12,"column":31}},"4":{"start":{"line":18,"column":0},"end":{"line":18,"column":109}},"5":{"start":{"line":21,"column":0},"end":{"line":21,"column":111}},"6":{"start":{"line":24,"column":0},"end":{"line":24,"column":22}}},"fnMap":{},"branchMap":{},"s":{"0":1,"1":1,"2":1,"3":1,"4":1,"5":1,"6":1},"f":{},"b":{}}
,"/home/kaliuser/Documents/portfolio/commercial_apps/automitive_service_app/a-CarServiceApplication-new/auto_service_mern_crm/Server/Admin/utils/jwtUtil.ts": {"path":"/home/kaliuser/Documents/portfolio/commercial_apps/automitive_service_app/a-CarServiceApplication-new/auto_service_mern_crm/Server/Admin/utils/jwtUtil.ts","statementMap":{"0":{"start":{"line":1,"column":0},"end":{"line":1,"column":69}},"1":{"start":{"line":2,"column":0},"end":{"line":2,"column":89}},"2":{"start":{"line":4,"column":21},"end":{"line":4,"column":75}},"3":{"start":{"line":5,"column":28},"end":{"line":5,"column":52}},"4":{"start":{"line":7,"column":25},"end":{"line":48,"column":1}},"5":{"start":{"line":9,"column":17},"end":{"line":12,"column":4}},"6":{"start":{"line":28,"column":28},"end":{"line":28,"column":50}},"7":{"start":{"line":32,"column":29},"end":{"line":35,"column":4}},"8":{"start":{"line":40,"column":24},"end":{"line":40,"column":71}},"9":{"start":{"line":41,"column":25},"end":{"line":41,"column":73}},"10":{"start":{"line":44,"column":20},"end":{"line":44,"column":88}},"11":{"start":{"line":45,"column":27},"end":{"line":45,"column":57}},"12":{"start":{"line":47,"column":2},"end":{"line":47,"column":66}},"13":{"start":{"line":7,"column":13},"end":{"line":7,"column":25}},"14":{"start":{"line":51,"column":25},"end":{"line":113,"column":1}},"15":{"start":{"line":52,"column":16},"end":{"line":52,"column":32}},"16":{"start":{"line":54,"column":2},"end":{"line":56,"column":null}},"17":{"start":{"line":55,"column":4},"end":{"line":55,"column":37}},"18":{"start":{"line":88,"column":60},"end":{"line":88,"column":65}},"19":{"start":{"line":90,"column":2},"end":{"line":92,"column":null}},"20":{"start":{"line":91,"column":4},"end":{"line":91,"column":37}},"21":{"start":{"line":94,"column":28},"end":{"line":94,"column":96}},"22":{"start":{"line":95,"column":35},"end":{"line":95,"column":73}},"23":{"start":{"line":97,"column":2},"end":{"line":99,"column":null}},"24":{"start":{"line":98,"column":4},"end":{"line":98,"column":41}},"25":{"start":{"line":105,"column":24},"end":{"line":105,"column":75}},"26":{"start":{"line":106,"column":18},"end":{"line":106,"column":43}},"27":{"start":{"line":108,"column":2},"end":{"line":110,"column":null}},"28":{"start":{"line":109,"column":4},"end":{"line":109,"column":37}},"29":{"start":{"line":112,"column":2},"end":{"line":112,"column":17}},"30":{"start":{"line":51,"column":13},"end":{"line":51,"column":25}},"31":{"start":{"line":118,"column":23},"end":{"line":118,"column":49}},"32":{"start":{"line":120,"column":2},"end":{"line":120,"column":81}},"33":{"start":{"line":125,"column":18},"end":{"line":125,"column":38}},"34":{"start":{"line":126,"column":2},"end":{"line":128,"column":null}},"35":{"start":{"line":127,"column":4},"end":{"line":127,"column":31}},"36":{"start":{"line":130,"column":23},"end":{"line":130,"column":64}},"37":{"start":{"line":132,"column":2},"end":{"line":132,"column":36}}},"fnMap":{"0":{"name":"(anonymous_6)","decl":{"start":{"line":7,"column":25},"end":{"line":7,"column":26}},"loc":{"start":{"line":7,"column":72},"end":{"line":48,"column":1}}},"1":{"name":"(anonymous_7)","decl":{"start":{"line":51,"column":25},"end":{"line":51,"column":26}},"loc":{"start":{"line":51,"column":48},"end":{"line":113,"column":1}}},"2":{"name":"urlSafeBase64Encode","decl":{"start":{"line":116,"column":9},"end":{"line":116,"column":28}},"loc":{"start":{"line":116,"column":51},"end":{"line":121,"column":1}}},"3":{"name":"urlSafeBase64Decode","decl":{"start":{"line":123,"column":9},"end":{"line":123,"column":28}},"loc":{"start":{"line":123,"column":40},"end":{"line":133,"column":1}}}},"branchMap":{"0":{"loc":{"start":{"line":54,"column":2},"end":{"line":56,"column":null}},"type":"if","locations":[{"start":{"line":54,"column":2},"end":{"line":56,"column":null}}]},"1":{"loc":{"start":{"line":90,"column":2},"end":{"line":92,"column":null}},"type":"if","locations":[{"start":{"line":90,"column":2},"end":{"line":92,"column":null}}]},"2":{"loc":{"start":{"line":90,"column":6},"end":{"line":90,"column":60}},"type":"binary-expr","locations":[{"start":{"line":90,"column":6},"end":{"line":90,"column":20}},{"start":{"line":90,"column":24},"end":{"line":90,"column":39}},{"start":{"line":90,"column":43},"end":{"line":90,"column":60}}]},"3":{"loc":{"start":{"line":97,"column":2},"end":{"line":99,"column":null}},"type":"if","locations":[{"start":{"line":97,"column":2},"end":{"line":99,"column":null}}]},"4":{"loc":{"start":{"line":108,"column":2},"end":{"line":110,"column":null}},"type":"if","locations":[{"start":{"line":108,"column":2},"end":{"line":110,"column":null}}]},"5":{"loc":{"start":{"line":108,"column":6},"end":{"line":108,"column":52}},"type":"binary-expr","locations":[{"start":{"line":108,"column":6},"end":{"line":108,"column":17}},{"start":{"line":108,"column":21},"end":{"line":108,"column":52}}]},"6":{"loc":{"start":{"line":126,"column":2},"end":{"line":128,"column":null}},"type":"if","locations":[{"start":{"line":126,"column":2},"end":{"line":128,"column":null}}]}},"s":{"0":1,"1":1,"2":1,"3":1,"4":1,"5":3,"6":3,"7":3,"8":3,"9":3,"10":3,"11":3,"12":3,"13":1,"14":1,"15":3,"16":3,"17":1,"18":2,"19":2,"20":0,"21":2,"22":2,"23":2,"24":0,"25":2,"26":2,"27":2,"28":1,"29":1,"30":1,"31":5,"32":5,"33":2,"34":2,"35":0,"36":2,"37":2},"f":{"0":3,"1":3,"2":5,"3":2},"b":{"0":[1],"1":[0],"2":[2,2,2],"3":[0],"4":[1],"5":[2,2],"6":[0]}}
,"/home/kaliuser/Documents/portfolio/commercial_apps/automitive_service_app/a-CarServiceApplication-new/auto_service_mern_crm/Server/Admin/utils/Crypto-lib/Crypto-ts/src/AES.ts": {"path":"/home/kaliuser/Documents/portfolio/commercial_apps/automitive_service_app/a-CarServiceApplication-new/auto_service_mern_crm/Server/Admin/utils/Crypto-lib/Crypto-ts/src/AES.ts","statementMap":{"0":{"start":{"line":7,"column":0},"end":{"line":7,"column":80}},"1":{"start":{"line":9,"column":0},"end":{"line":9,"column":81}},"2":{"start":{"line":10,"column":0},"end":{"line":10,"column":79}},"3":{"start":{"line":11,"column":0},"end":{"line":11,"column":77}},"4":{"start":{"line":15,"column":23},"end":{"line":15,"column":25}},"5":{"start":{"line":16,"column":27},"end":{"line":16,"column":29}},"6":{"start":{"line":17,"column":28},"end":{"line":17,"column":30}},"7":{"start":{"line":18,"column":28},"end":{"line":18,"column":30}},"8":{"start":{"line":19,"column":28},"end":{"line":19,"column":30}},"9":{"start":{"line":20,"column":28},"end":{"line":20,"column":30}},"10":{"start":{"line":21,"column":32},"end":{"line":21,"column":34}},"11":{"start":{"line":22,"column":32},"end":{"line":22,"column":34}},"12":{"start":{"line":23,"column":32},"end":{"line":23,"column":34}},"13":{"start":{"line":24,"column":32},"end":{"line":24,"column":34}},"14":{"start":{"line":26,"column":0},"end":{"line":76,"column":5}},"15":{"start":{"line":28,"column":22},"end":{"line":28,"column":24}},"16":{"start":{"line":29,"column":2},"end":{"line":36,"column":null}},"17":{"start":{"line":29,"column":15},"end":{"line":29,"column":16}},"18":{"start":{"line":31,"column":4},"end":{"line":35,"column":null}},"19":{"start":{"line":32,"column":6},"end":{"line":32,"column":20}},"20":{"start":{"line":34,"column":6},"end":{"line":34,"column":30}},"21":{"start":{"line":39,"column":10},"end":{"line":39,"column":11}},"22":{"start":{"line":40,"column":11},"end":{"line":40,"column":12}},"23":{"start":{"line":41,"column":2},"end":{"line":75,"column":null}},"24":{"start":{"line":41,"column":15},"end":{"line":41,"column":16}},"25":{"start":{"line":44,"column":13},"end":{"line":44,"column":63}},"26":{"start":{"line":45,"column":4},"end":{"line":45,"column":41}},"27":{"start":{"line":46,"column":4},"end":{"line":46,"column":17}},"28":{"start":{"line":47,"column":4},"end":{"line":47,"column":21}},"29":{"start":{"line":50,"column":15},"end":{"line":50,"column":19}},"30":{"start":{"line":51,"column":15},"end":{"line":51,"column":20}},"31":{"start":{"line":52,"column":15},"end":{"line":52,"column":20}},"32":{"start":{"line":55,"column":12},"end":{"line":55,"column":46}},"33":{"start":{"line":56,"column":4},"end":{"line":56,"column":41}},"34":{"start":{"line":57,"column":4},"end":{"line":57,"column":42}},"35":{"start":{"line":58,"column":4},"end":{"line":58,"column":42}},"36":{"start":{"line":59,"column":4},"end":{"line":59,"column":21}},"37":{"start":{"line":62,"column":4},"end":{"line":62,"column":75}},"38":{"start":{"line":63,"column":4},"end":{"line":63,"column":46}},"39":{"start":{"line":64,"column":4},"end":{"line":64,"column":47}},"40":{"start":{"line":65,"column":4},"end":{"line":65,"column":47}},"41":{"start":{"line":66,"column":4},"end":{"line":66,"column":26}},"42":{"start":{"line":69,"column":4},"end":{"line":74,"column":null}},"43":{"start":{"line":70,"column":6},"end":{"line":70,"column":17}},"44":{"start":{"line":72,"column":6},"end":{"line":72,"column":32}},"45":{"start":{"line":73,"column":6},"end":{"line":73,"column":21}},"46":{"start":{"line":79,"column":13},"end":{"line":79,"column":79}},"47":{"start":{"line":88,"column":35},"end":{"line":88,"column":41}},"48":{"start":{"line":90,"column":31},"end":{"line":90,"column":32}},"49":{"start":{"line":92,"column":37},"end":{"line":92,"column":39}},"50":{"start":{"line":93,"column":40},"end":{"line":93,"column":42}},"51":{"start":{"line":100,"column":4},"end":{"line":100,"column":17}},"52":{"start":{"line":101,"column":4},"end":{"line":101,"column":24}},"53":{"start":{"line":103,"column":4},"end":{"line":103,"column":20}},"54":{"start":{"line":113,"column":4},"end":{"line":115,"column":null}},"55":{"start":{"line":114,"column":6},"end":{"line":114,"column":13}},"56":{"start":{"line":118,"column":16},"end":{"line":118,"column":47}},"57":{"start":{"line":119,"column":21},"end":{"line":119,"column":30}},"58":{"start":{"line":120,"column":20},"end":{"line":120,"column":37}},"59":{"start":{"line":123,"column":20},"end":{"line":123,"column":47}},"60":{"start":{"line":126,"column":19},"end":{"line":126,"column":36}},"61":{"start":{"line":129,"column":34},"end":{"line":129,"column":56}},"62":{"start":{"line":130,"column":4},"end":{"line":155,"column":null}},"63":{"start":{"line":130,"column":21},"end":{"line":130,"column":22}},"64":{"start":{"line":132,"column":6},"end":{"line":154,"column":null}},"65":{"start":{"line":133,"column":8},"end":{"line":133,"column":45}},"66":{"start":{"line":136,"column":8},"end":{"line":136,"column":35}},"67":{"start":{"line":138,"column":8},"end":{"line":151,"column":null}},"68":{"start":{"line":140,"column":10},"end":{"line":140,"column":36}},"69":{"start":{"line":143,"column":10},"end":{"line":143,"column":120}},"70":{"start":{"line":146,"column":10},"end":{"line":146,"column":49}},"71":{"start":{"line":148,"column":13},"end":{"line":151,"column":null}},"72":{"start":{"line":150,"column":10},"end":{"line":150,"column":120}},"73":{"start":{"line":153,"column":8},"end":{"line":153,"column":62}},"74":{"start":{"line":158,"column":4},"end":{"line":158,"column":30}},"75":{"start":{"line":159,"column":4},"end":{"line":177,"column":null}},"76":{"start":{"line":159,"column":24},"end":{"line":159,"column":25}},"77":{"start":{"line":161,"column":20},"end":{"line":161,"column":37}},"78":{"start":{"line":163,"column":6},"end":{"line":168,"column":null}},"79":{"start":{"line":164,"column":8},"end":{"line":164,"column":31}},"80":{"start":{"line":167,"column":8},"end":{"line":167,"column":35}},"81":{"start":{"line":170,"column":6},"end":{"line":176,"column":null}},"82":{"start":{"line":171,"column":8},"end":{"line":171,"column":43}},"83":{"start":{"line":174,"column":8},"end":{"line":175,"column":80}},"84":{"start":{"line":186,"column":4},"end":{"line":186,"column":107}},"85":{"start":{"line":196,"column":12},"end":{"line":196,"column":29}},"86":{"start":{"line":197,"column":4},"end":{"line":197,"column":42}},"87":{"start":{"line":198,"column":4},"end":{"line":198,"column":26}},"88":{"start":{"line":200,"column":4},"end":{"line":200,"column":130}},"89":{"start":{"line":203,"column":4},"end":{"line":203,"column":26}},"90":{"start":{"line":204,"column":4},"end":{"line":204,"column":42}},"91":{"start":{"line":205,"column":4},"end":{"line":205,"column":26}},"92":{"start":{"line":230,"column":20},"end":{"line":230,"column":33}},"93":{"start":{"line":233,"column":13},"end":{"line":233,"column":47}},"94":{"start":{"line":234,"column":13},"end":{"line":234,"column":47}},"95":{"start":{"line":235,"column":13},"end":{"line":235,"column":47}},"96":{"start":{"line":236,"column":13},"end":{"line":236,"column":47}},"97":{"start":{"line":239,"column":16},"end":{"line":239,"column":17}},"98":{"start":{"line":242,"column":4},"end":{"line":259,"column":null}},"99":{"start":{"line":242,"column":21},"end":{"line":242,"column":22}},"100":{"start":{"line":245,"column":18},"end":{"line":246,"column":80}},"101":{"start":{"line":247,"column":18},"end":{"line":248,"column":80}},"102":{"start":{"line":249,"column":18},"end":{"line":250,"column":80}},"103":{"start":{"line":251,"column":18},"end":{"line":252,"column":80}},"104":{"start":{"line":255,"column":6},"end":{"line":255,"column":15}},"105":{"start":{"line":256,"column":6},"end":{"line":256,"column":15}},"106":{"start":{"line":257,"column":6},"end":{"line":257,"column":15}},"107":{"start":{"line":258,"column":6},"end":{"line":258,"column":15}},"108":{"start":{"line":262,"column":15},"end":{"line":263,"column":80}},"109":{"start":{"line":264,"column":15},"end":{"line":265,"column":80}},"110":{"start":{"line":266,"column":15},"end":{"line":267,"column":80}},"111":{"start":{"line":268,"column":15},"end":{"line":269,"column":80}},"112":{"start":{"line":272,"column":4},"end":{"line":272,"column":27}},"113":{"start":{"line":273,"column":4},"end":{"line":273,"column":27}},"114":{"start":{"line":274,"column":4},"end":{"line":274,"column":27}},"115":{"start":{"line":275,"column":4},"end":{"line":275,"column":27}},"116":{"start":{"line":287,"column":4},"end":{"line":287,"column":54}},"117":{"start":{"line":288,"column":4},"end":{"line":288,"column":78}},"118":{"start":{"line":301,"column":4},"end":{"line":301,"column":54}},"119":{"start":{"line":302,"column":4},"end":{"line":302,"column":78}},"120":{"start":{"line":315,"column":4},"end":{"line":317,"column":null}},"121":{"start":{"line":316,"column":6},"end":{"line":316,"column":67}},"122":{"start":{"line":319,"column":4},"end":{"line":321,"column":null}},"123":{"start":{"line":320,"column":6},"end":{"line":320,"column":72}},"124":{"start":{"line":322,"column":4},"end":{"line":322,"column":64}},"125":{"start":{"line":335,"column":4},"end":{"line":337,"column":null}},"126":{"start":{"line":336,"column":6},"end":{"line":336,"column":72}},"127":{"start":{"line":339,"column":4},"end":{"line":341,"column":null}},"128":{"start":{"line":340,"column":6},"end":{"line":340,"column":72}},"129":{"start":{"line":342,"column":4},"end":{"line":342,"column":69}},"130":{"start":{"line":87,"column":0},"end":{"line":87,"column":13}}},"fnMap":{"0":{"name":"computeLookupTables","decl":{"start":{"line":26,"column":10},"end":{"line":26,"column":29}},"loc":{"start":{"line":26,"column":29},"end":{"line":76,"column":1}}},"1":{"name":"(anonymous_1)","decl":{"start":{"line":99,"column":2},"end":{"line":99,"column":21}},"loc":{"start":{"line":99,"column":50},"end":{"line":104,"column":3}}},"2":{"name":"(anonymous_2)","decl":{"start":{"line":109,"column":12},"end":{"line":109,"column":20}},"loc":{"start":{"line":109,"column":20},"end":{"line":178,"column":3}}},"3":{"name":"(anonymous_3)","decl":{"start":{"line":185,"column":9},"end":{"line":185,"column":21}},"loc":{"start":{"line":185,"column":53},"end":{"line":187,"column":3}}},"4":{"name":"(anonymous_4)","decl":{"start":{"line":194,"column":9},"end":{"line":194,"column":21}},"loc":{"start":{"line":194,"column":53},"end":{"line":206,"column":3}}},"5":{"name":"(anonymous_5)","decl":{"start":{"line":219,"column":12},"end":{"line":219,"column":25}},"loc":{"start":{"line":227,"column":18},"end":{"line":276,"column":3}}},"6":{"name":"(anonymous_6)","decl":{"start":{"line":286,"column":9},"end":{"line":286,"column":15}},"loc":{"start":{"line":286,"column":78},"end":{"line":289,"column":3}}},"7":{"name":"(anonymous_7)","decl":{"start":{"line":300,"column":9},"end":{"line":300,"column":15}},"loc":{"start":{"line":300,"column":78},"end":{"line":303,"column":3}}},"8":{"name":"(anonymous_8)","decl":{"start":{"line":314,"column":9},"end":{"line":314,"column":15}},"loc":{"start":{"line":314,"column":103},"end":{"line":323,"column":3}}},"9":{"name":"(anonymous_9)","decl":{"start":{"line":334,"column":9},"end":{"line":334,"column":15}},"loc":{"start":{"line":334,"column":109},"end":{"line":343,"column":3}}}},"branchMap":{"0":{"loc":{"start":{"line":31,"column":4},"end":{"line":35,"column":null}},"type":"if","locations":[{"start":{"line":31,"column":4},"end":{"line":35,"column":null}},{"start":{"line":33,"column":11},"end":{"line":35,"column":null}}]},"1":{"loc":{"start":{"line":69,"column":4},"end":{"line":74,"column":null}},"type":"if","locations":[{"start":{"line":69,"column":4},"end":{"line":74,"column":null}},{"start":{"line":71,"column":11},"end":{"line":74,"column":null}}]},"2":{"loc":{"start":{"line":113,"column":4},"end":{"line":115,"column":null}},"type":"if","locations":[{"start":{"line":113,"column":4},"end":{"line":115,"column":null}}]},"3":{"loc":{"start":{"line":113,"column":8},"end":{"line":113,"column":58}},"type":"binary-expr","locations":[{"start":{"line":113,"column":8},"end":{"line":113,"column":21}},{"start":{"line":113,"column":25},"end":{"line":113,"column":58}}]},"4":{"loc":{"start":{"line":132,"column":6},"end":{"line":154,"column":null}},"type":"if","locations":[{"start":{"line":132,"column":6},"end":{"line":154,"column":null}},{"start":{"line":135,"column":11},"end":{"line":154,"column":null}}]},"5":{"loc":{"start":{"line":138,"column":8},"end":{"line":151,"column":null}},"type":"if","locations":[{"start":{"line":138,"column":8},"end":{"line":151,"column":null}},{"start":{"line":148,"column":13},"end":{"line":151,"column":null}}]},"6":{"loc":{"start":{"line":148,"column":13},"end":{"line":151,"column":null}},"type":"if","locations":[{"start":{"line":148,"column":13},"end":{"line":151,"column":null}}]},"7":{"loc":{"start":{"line":148,"column":17},"end":{"line":148,"column":53}},"type":"binary-expr","locations":[{"start":{"line":148,"column":17},"end":{"line":148,"column":28}},{"start":{"line":148,"column":32},"end":{"line":148,"column":53}}]},"8":{"loc":{"start":{"line":163,"column":6},"end":{"line":168,"column":null}},"type":"if","locations":[{"start":{"line":163,"column":6},"end":{"line":168,"column":null}},{"start":{"line":166,"column":11},"end":{"line":168,"column":null}}]},"9":{"loc":{"start":{"line":170,"column":6},"end":{"line":176,"column":null}},"type":"if","locations":[{"start":{"line":170,"column":6},"end":{"line":176,"column":null}},{"start":{"line":173,"column":11},"end":{"line":176,"column":null}}]},"10":{"loc":{"start":{"line":170,"column":10},"end":{"line":170,"column":36}},"type":"binary-expr","locations":[{"start":{"line":170,"column":10},"end":{"line":170,"column":22}},{"start":{"line":170,"column":26},"end":{"line":170,"column":36}}]},"11":{"loc":{"start":{"line":287,"column":12},"end":{"line":287,"column":53}},"type":"cond-expr","locations":[{"start":{"line":287,"column":43},"end":{"line":287,"column":45}},{"start":{"line":287,"column":48},"end":{"line":287,"column":53}}]},"12":{"loc":{"start":{"line":301,"column":12},"end":{"line":301,"column":53}},"type":"cond-expr","locations":[{"start":{"line":301,"column":43},"end":{"line":301,"column":45}},{"start":{"line":301,"column":48},"end":{"line":301,"column":53}}]},"13":{"loc":{"start":{"line":315,"column":4},"end":{"line":317,"column":null}},"type":"if","locations":[{"start":{"line":315,"column":4},"end":{"line":317,"column":null}}]},"14":{"loc":{"start":{"line":319,"column":4},"end":{"line":321,"column":null}},"type":"if","locations":[{"start":{"line":319,"column":4},"end":{"line":321,"column":null}}]},"15":{"loc":{"start":{"line":335,"column":4},"end":{"line":337,"column":null}},"type":"if","locations":[{"start":{"line":335,"column":4},"end":{"line":337,"column":null}}]},"16":{"loc":{"start":{"line":339,"column":4},"end":{"line":341,"column":null}},"type":"if","locations":[{"start":{"line":339,"column":4},"end":{"line":341,"column":null}}]}},"s":{"0":1,"1":1,"2":1,"3":1,"4":1,"5":1,"6":1,"7":1,"8":1,"9":1,"10":1,"11":1,"12":1,"13":1,"14":1,"15":1,"16":1,"17":1,"18":256,"19":128,"20":128,"21":1,"22":1,"23":1,"24":1,"25":256,"26":256,"27":256,"28":256,"29":256,"30":256,"31":256,"32":256,"33":256,"34":256,"35":256,"36":256,"37":256,"38":256,"39":256,"40":256,"41":256,"42":256,"43":1,"44":255,"45":255,"46":1,"47":1,"48":0,"49":0,"50":0,"51":0,"52":0,"53":0,"54":0,"55":0,"56":0,"57":0,"58":0,"59":0,"60":0,"61":0,"62":0,"63":0,"64":0,"65":0,"66":0,"67":0,"68":0,"69":0,"70":0,"71":0,"72":0,"73":0,"74":0,"75":0,"76":0,"77":0,"78":0,"79":0,"80":0,"81":0,"82":0,"83":0,"84":0,"85":0,"86":0,"87":0,"88":0,"89":0,"90":0,"91":0,"92":0,"93":0,"94":0,"95":0,"96":0,"97":0,"98":0,"99":0,"100":0,"101":0,"102":0,"103":0,"104":0,"105":0,"106":0,"107":0,"108":0,"109":0,"110":0,"111":0,"112":0,"113":0,"114":0,"115":0,"116":0,"117":0,"118":0,"119":0,"120":0,"121":0,"122":0,"123":0,"124":0,"125":0,"126":0,"127":0,"128":0,"129":0,"130":1},"f":{"0":1,"1":0,"2":0,"3":0,"4":0,"5":0,"6":0,"7":0,"8":0,"9":0},"b":{"0":[128,128],"1":[1,255],"2":[0],"3":[0,0],"4":[0,0],"5":[0,0],"6":[0],"7":[0,0],"8":[0,0],"9":[0,0],"10":[0,0],"11":[0,0],"12":[0,0],"13":[0],"14":[0],"15":[0],"16":[0]}}
,"/home/kaliuser/Documents/portfolio/commercial_apps/automitive_service_app/a-CarServiceApplication-new/auto_service_mern_crm/Server/Admin/utils/Crypto-lib/Crypto-ts/src/CBCMAC.ts": {"path":"/home/kaliuser/Documents/portfolio/commercial_apps/automitive_service_app/a-CarServiceApplication-new/auto_service_mern_crm/Server/Admin/utils/Crypto-lib/Crypto-ts/src/CBCMAC.ts","statementMap":{"0":{"start":{"line":1,"column":0},"end":{"line":1,"column":40}},"1":{"start":{"line":2,"column":0},"end":{"line":2,"column":46}},"2":{"start":{"line":3,"column":0},"end":{"line":3,"column":26}},"3":{"start":{"line":4,"column":0},"end":{"line":4,"column":31}},"4":{"start":{"line":36,"column":17},"end":{"line":36,"column":61}},"5":{"start":{"line":38,"column":12},"end":{"line":38,"column":59}},"6":{"start":{"line":40,"column":12},"end":{"line":40,"column":45}},"7":{"start":{"line":42,"column":12},"end":{"line":42,"column":92}},"8":{"start":{"line":44,"column":12},"end":{"line":44,"column":77}},"9":{"start":{"line":46,"column":12},"end":{"line":46,"column":27}},"10":{"start":{"line":49,"column":2},"end":{"line":49,"column":40}},"11":{"start":{"line":27,"column":0},"end":{"line":27,"column":16}}},"fnMap":{"0":{"name":"CBCMAC","decl":{"start":{"line":27,"column":16},"end":{"line":27,"column":22}},"loc":{"start":{"line":33,"column":30},"end":{"line":50,"column":1}}}},"branchMap":{"0":{"loc":{"start":{"line":36,"column":17},"end":{"line":36,"column":61}},"type":"cond-expr","locations":[{"start":{"line":36,"column":43},"end":{"line":36,"column":55}},{"start":{"line":36,"column":58},"end":{"line":36,"column":61}}]},"1":{"loc":{"start":{"line":36,"column":18},"end":{"line":36,"column":39}},"type":"binary-expr","locations":[{"start":{"line":36,"column":18},"end":{"line":36,"column":23}},{"start":{"line":36,"column":27},"end":{"line":36,"column":39}}]},"2":{"loc":{"start":{"line":38,"column":12},"end":{"line":38,"column":59}},"type":"cond-expr","locations":[{"start":{"line":38,"column":38},"end":{"line":38,"column":53}},{"start":{"line":38,"column":56},"end":{"line":38,"column":59}}]},"3":{"loc":{"start":{"line":40,"column":12},"end":{"line":40,"column":45}},"type":"cond-expr","locations":[{"start":{"line":40,"column":17},"end":{"line":40,"column":19}},{"start":{"line":40,"column":22},"end":{"line":40,"column":45}}]},"4":{"loc":{"start":{"line":42,"column":12},"end":{"line":42,"column":92}},"type":"cond-expr","locations":[{"start":{"line":42,"column":49},"end":{"line":42,"column":75}},{"start":{"line":42,"column":78},"end":{"line":42,"column":92}}]},"5":{"loc":{"start":{"line":44,"column":12},"end":{"line":44,"column":77}},"type":"cond-expr","locations":[{"start":{"line":44,"column":44},"end":{"line":44,"column":65}},{"start":{"line":44,"column":68},"end":{"line":44,"column":77}}]},"6":{"loc":{"start":{"line":46,"column":12},"end":{"line":46,"column":27}},"type":"binary-expr","locations":[{"start":{"line":46,"column":12},"end":{"line":46,"column":21}},{"start":{"line":46,"column":25},"end":{"line":46,"column":27}}]}},"s":{"0":1,"1":1,"2":1,"3":1,"4":0,"5":0,"6":0,"7":0,"8":0,"9":0,"10":0,"11":1},"f":{"0":0},"b":{"0":[0,0],"1":[0,0],"2":[0,0],"3":[0,0],"4":[0,0],"5":[0,0],"6":[0,0]}}
,"/home/kaliuser/Documents/portfolio/commercial_apps/automitive_service_app/a-CarServiceApplication-new/auto_service_mern_crm/Server/Admin/utils/Crypto-lib/Crypto-ts/src/DES.ts": {"path":"/home/kaliuser/Documents/portfolio/commercial_apps/automitive_service_app/a-CarServiceApplication-new/auto_service_mern_crm/Server/Admin/utils/Crypto-lib/Crypto-ts/src/DES.ts","statementMap":{"0":{"start":{"line":2,"column":0},"end":{"line":2,"column":81}},"1":{"start":{"line":3,"column":0},"end":{"line":3,"column":80}},"2":{"start":{"line":5,"column":0},"end":{"line":5,"column":79}},"3":{"start":{"line":6,"column":0},"end":{"line":6,"column":77}},"4":{"start":{"line":9,"column":12},"end":{"line":17,"column":2}},"5":{"start":{"line":20,"column":12},"end":{"line":29,"column":2}},"6":{"start":{"line":32,"column":19},"end":{"line":32,"column":83}},"7":{"start":{"line":35,"column":47},"end":{"line":564,"column":2}},"8":{"start":{"line":567,"column":18},"end":{"line":570,"column":2}},"9":{"start":{"line":575,"column":35},"end":{"line":575,"column":40}},"10":{"start":{"line":576,"column":34},"end":{"line":576,"column":39}},"11":{"start":{"line":577,"column":25},"end":{"line":577,"column":30}},"12":{"start":{"line":580,"column":35},"end":{"line":580,"column":37}},"13":{"start":{"line":581,"column":38},"end":{"line":581,"column":40}},"14":{"start":{"line":582,"column":30},"end":{"line":582,"column":31}},"15":{"start":{"line":583,"column":30},"end":{"line":583,"column":31}},"16":{"start":{"line":586,"column":4},"end":{"line":586,"column":17}},"17":{"start":{"line":587,"column":4},"end":{"line":587,"column":24}},"18":{"start":{"line":589,"column":4},"end":{"line":589,"column":20}},"19":{"start":{"line":594,"column":16},"end":{"line":594,"column":25}},"20":{"start":{"line":595,"column":21},"end":{"line":595,"column":30}},"21":{"start":{"line":598,"column":20},"end":{"line":598,"column":22}},"22":{"start":{"line":599,"column":4},"end":{"line":602,"column":null}},"23":{"start":{"line":599,"column":14},"end":{"line":599,"column":15}},"24":{"start":{"line":600,"column":24},"end":{"line":600,"column":34}},"25":{"start":{"line":601,"column":6},"end":{"line":601,"column":77}},"26":{"start":{"line":605,"column":32},"end":{"line":605,"column":50}},"27":{"start":{"line":606,"column":4},"end":{"line":630,"column":null}},"28":{"start":{"line":606,"column":20},"end":{"line":606,"column":21}},"29":{"start":{"line":608,"column":31},"end":{"line":608,"column":52}},"30":{"start":{"line":611,"column":23},"end":{"line":611,"column":42}},"31":{"start":{"line":614,"column":6},"end":{"line":620,"column":null}},"32":{"start":{"line":614,"column":19},"end":{"line":614,"column":20}},"33":{"start":{"line":616,"column":8},"end":{"line":616,"column":87}},"34":{"start":{"line":619,"column":8},"end":{"line":619,"column":105}},"35":{"start":{"line":625,"column":6},"end":{"line":625,"column":56}},"36":{"start":{"line":626,"column":6},"end":{"line":628,"column":null}},"37":{"start":{"line":626,"column":16},"end":{"line":626,"column":17}},"38":{"start":{"line":627,"column":8},"end":{"line":627,"column":52}},"39":{"start":{"line":629,"column":6},"end":{"line":629,"column":56}},"40":{"start":{"line":633,"column":4},"end":{"line":633,"column":26}},"41":{"start":{"line":634,"column":4},"end":{"line":636,"column":null}},"42":{"start":{"line":634,"column":17},"end":{"line":634,"column":18}},"43":{"start":{"line":635,"column":6},"end":{"line":635,"column":44}},"44":{"start":{"line":640,"column":4},"end":{"line":640,"column":54}},"45":{"start":{"line":644,"column":4},"end":{"line":644,"column":57}},"46":{"start":{"line":649,"column":4},"end":{"line":649,"column":33}},"47":{"start":{"line":650,"column":4},"end":{"line":650,"column":37}},"48":{"start":{"line":653,"column":4},"end":{"line":653,"column":37}},"49":{"start":{"line":654,"column":4},"end":{"line":654,"column":37}},"50":{"start":{"line":655,"column":4},"end":{"line":655,"column":37}},"51":{"start":{"line":656,"column":4},"end":{"line":656,"column":37}},"52":{"start":{"line":657,"column":4},"end":{"line":657,"column":37}},"53":{"start":{"line":660,"column":4},"end":{"line":674,"column":null}},"54":{"start":{"line":660,"column":18},"end":{"line":660,"column":19}},"55":{"start":{"line":662,"column":21},"end":{"line":662,"column":35}},"56":{"start":{"line":663,"column":21},"end":{"line":663,"column":33}},"57":{"start":{"line":664,"column":21},"end":{"line":664,"column":33}},"58":{"start":{"line":667,"column":14},"end":{"line":667,"column":15}},"59":{"start":{"line":668,"column":6},"end":{"line":671,"column":null}},"60":{"start":{"line":668,"column":16},"end":{"line":668,"column":17}},"61":{"start":{"line":669,"column":19},"end":{"line":669,"column":54}},"62":{"start":{"line":670,"column":8},"end":{"line":670,"column":32}},"63":{"start":{"line":672,"column":6},"end":{"line":672,"column":28}},"64":{"start":{"line":673,"column":6},"end":{"line":673,"column":32}},"65":{"start":{"line":677,"column":14},"end":{"line":677,"column":26}},"66":{"start":{"line":678,"column":4},"end":{"line":678,"column":32}},"67":{"start":{"line":679,"column":4},"end":{"line":679,"column":21}},"68":{"start":{"line":682,"column":4},"end":{"line":682,"column":37}},"69":{"start":{"line":683,"column":4},"end":{"line":683,"column":37}},"70":{"start":{"line":684,"column":4},"end":{"line":684,"column":37}},"71":{"start":{"line":685,"column":4},"end":{"line":685,"column":37}},"72":{"start":{"line":686,"column":4},"end":{"line":686,"column":37}},"73":{"start":{"line":689,"column":4},"end":{"line":689,"column":33}},"74":{"start":{"line":690,"column":4},"end":{"line":690,"column":37}},"75":{"start":{"line":694,"column":14},"end":{"line":694,"column":63}},"76":{"start":{"line":695,"column":4},"end":{"line":695,"column":22}},"77":{"start":{"line":696,"column":4},"end":{"line":696,"column":32}},"78":{"start":{"line":700,"column":14},"end":{"line":700,"column":63}},"79":{"start":{"line":701,"column":4},"end":{"line":701,"column":22}},"80":{"start":{"line":702,"column":4},"end":{"line":702,"column":32}},"81":{"start":{"line":715,"column":4},"end":{"line":715,"column":54}},"82":{"start":{"line":716,"column":4},"end":{"line":716,"column":78}},"83":{"start":{"line":729,"column":4},"end":{"line":729,"column":54}},"84":{"start":{"line":730,"column":4},"end":{"line":730,"column":78}},"85":{"start":{"line":743,"column":4},"end":{"line":745,"column":null}},"86":{"start":{"line":744,"column":6},"end":{"line":744,"column":67}},"87":{"start":{"line":746,"column":4},"end":{"line":746,"column":64}},"88":{"start":{"line":759,"column":4},"end":{"line":761,"column":null}},"89":{"start":{"line":760,"column":6},"end":{"line":760,"column":70}},"90":{"start":{"line":762,"column":4},"end":{"line":762,"column":67}},"91":{"start":{"line":574,"column":0},"end":{"line":574,"column":13}}},"fnMap":{"0":{"name":"(anonymous_0)","decl":{"start":{"line":585,"column":2},"end":{"line":585,"column":21}},"loc":{"start":{"line":585,"column":50},"end":{"line":590,"column":3}}},"1":{"name":"(anonymous_1)","decl":{"start":{"line":592,"column":12},"end":{"line":592,"column":20}},"loc":{"start":{"line":592,"column":20},"end":{"line":637,"column":3}}},"2":{"name":"(anonymous_2)","decl":{"start":{"line":639,"column":9},"end":{"line":639,"column":21}},"loc":{"start":{"line":639,"column":53},"end":{"line":641,"column":3}}},"3":{"name":"(anonymous_3)","decl":{"start":{"line":643,"column":9},"end":{"line":643,"column":21}},"loc":{"start":{"line":643,"column":53},"end":{"line":645,"column":3}}},"4":{"name":"(anonymous_4)","decl":{"start":{"line":647,"column":12},"end":{"line":647,"column":26}},"loc":{"start":{"line":647,"column":79},"end":{"line":691,"column":3}}},"5":{"name":"(anonymous_5)","decl":{"start":{"line":693,"column":12},"end":{"line":693,"column":23}},"loc":{"start":{"line":693,"column":52},"end":{"line":697,"column":3}}},"6":{"name":"(anonymous_6)","decl":{"start":{"line":699,"column":12},"end":{"line":699,"column":23}},"loc":{"start":{"line":699,"column":52},"end":{"line":703,"column":3}}},"7":{"name":"(anonymous_7)","decl":{"start":{"line":714,"column":9},"end":{"line":714,"column":15}},"loc":{"start":{"line":714,"column":78},"end":{"line":717,"column":3}}},"8":{"name":"(anonymous_8)","decl":{"start":{"line":728,"column":9},"end":{"line":728,"column":15}},"loc":{"start":{"line":728,"column":78},"end":{"line":731,"column":3}}},"9":{"name":"(anonymous_9)","decl":{"start":{"line":742,"column":9},"end":{"line":742,"column":15}},"loc":{"start":{"line":742,"column":103},"end":{"line":747,"column":3}}},"10":{"name":"(anonymous_10)","decl":{"start":{"line":758,"column":9},"end":{"line":758,"column":15}},"loc":{"start":{"line":758,"column":100},"end":{"line":763,"column":3}}}},"branchMap":{"0":{"loc":{"start":{"line":715,"column":12},"end":{"line":715,"column":53}},"type":"cond-expr","locations":[{"start":{"line":715,"column":43},"end":{"line":715,"column":45}},{"start":{"line":715,"column":48},"end":{"line":715,"column":53}}]},"1":{"loc":{"start":{"line":729,"column":12},"end":{"line":729,"column":53}},"type":"cond-expr","locations":[{"start":{"line":729,"column":43},"end":{"line":729,"column":45}},{"start":{"line":729,"column":48},"end":{"line":729,"column":53}}]},"2":{"loc":{"start":{"line":743,"column":4},"end":{"line":745,"column":null}},"type":"if","locations":[{"start":{"line":743,"column":4},"end":{"line":745,"column":null}}]},"3":{"loc":{"start":{"line":759,"column":4},"end":{"line":761,"column":null}},"type":"if","locations":[{"start":{"line":759,"column":4},"end":{"line":761,"column":null}}]}},"s":{"0":1,"1":1,"2":1,"3":1,"4":1,"5":1,"6":1,"7":1,"8":1,"9":1,"10":1,"11":0,"12":0,"13":0,"14":0,"15":0,"16":0,"17":0,"18":0,"19":0,"20":0,"21":0,"22":0,"23":0,"24":0,"25":0,"26":0,"27":0,"28":0,"29":0,"30":0,"31":0,"32":0,"33":0,"34":0,"35":0,"36":0,"37":0,"38":0,"39":0,"40":0,"41":0,"42":0,"43":0,"44":0,"45":0,"46":0,"47":0,"48":0,"49":0,"50":0,"51":0,"52":0,"53":0,"54":0,"55":0,"56":0,"57":0,"58":0,"59":0,"60":0,"61":0,"62":0,"63":0,"64":0,"65":0,"66":0,"67":0,"68":0,"69":0,"70":0,"71":0,"72":0,"73":0,"74":0,"75":0,"76":0,"77":0,"78":0,"79":0,"80":0,"81":0,"82":0,"83":0,"84":0,"85":0,"86":0,"87":0,"88":0,"89":0,"90":0,"91":1},"f":{"0":0,"1":0,"2":0,"3":0,"4":0,"5":0,"6":0,"7":0,"8":0,"9":0,"10":0},"b":{"0":[0,0],"1":[0,0],"2":[0],"3":[0]}}
,"/home/kaliuser/Documents/portfolio/commercial_apps/automitive_service_app/a-CarServiceApplication-new/auto_service_mern_crm/Server/Admin/utils/Crypto-lib/Crypto-ts/src/DES3.ts": {"path":"/home/kaliuser/Documents/portfolio/commercial_apps/automitive_service_app/a-CarServiceApplication-new/auto_service_mern_crm/Server/Admin/utils/Crypto-lib/Crypto-ts/src/DES3.ts","statementMap":{"0":{"start":{"line":1,"column":0},"end":{"line":1,"column":77}},"1":{"start":{"line":2,"column":0},"end":{"line":2,"column":81}},"2":{"start":{"line":3,"column":0},"end":{"line":3,"column":80}},"3":{"start":{"line":4,"column":0},"end":{"line":4,"column":26}},"4":{"start":{"line":5,"column":0},"end":{"line":5,"column":46}},"5":{"start":{"line":6,"column":0},"end":{"line":6,"column":79}},"6":{"start":{"line":12,"column":35},"end":{"line":12,"column":41}},"7":{"start":{"line":13,"column":34},"end":{"line":13,"column":39}},"8":{"start":{"line":14,"column":25},"end":{"line":14,"column":30}},"9":{"start":{"line":20,"column":4},"end":{"line":20,"column":17}},"10":{"start":{"line":21,"column":4},"end":{"line":21,"column":24}},"11":{"start":{"line":23,"column":22},"end":{"line":23,"column":37}},"12":{"start":{"line":26,"column":4},"end":{"line":26,"column":30}},"13":{"start":{"line":27,"column":4},"end":{"line":27,"column":30}},"14":{"start":{"line":28,"column":4},"end":{"line":28,"column":30}},"15":{"start":{"line":33,"column":16},"end":{"line":33,"column":25}},"16":{"start":{"line":34,"column":21},"end":{"line":34,"column":30}},"17":{"start":{"line":36,"column":4},"end":{"line":38,"column":null}},"18":{"start":{"line":37,"column":6},"end":{"line":37,"column":103}},"19":{"start":{"line":41,"column":17},"end":{"line":41,"column":37}},"20":{"start":{"line":42,"column":17},"end":{"line":42,"column":82}},"21":{"start":{"line":43,"column":17},"end":{"line":43,"column":82}},"22":{"start":{"line":46,"column":17},"end":{"line":46,"column":59}},"23":{"start":{"line":47,"column":17},"end":{"line":47,"column":59}},"24":{"start":{"line":48,"column":17},"end":{"line":48,"column":59}},"25":{"start":{"line":49,"column":4},"end":{"line":49,"column":30}},"26":{"start":{"line":53,"column":22},"end":{"line":53,"column":37}},"27":{"start":{"line":55,"column":4},"end":{"line":55,"column":30}},"28":{"start":{"line":56,"column":4},"end":{"line":56,"column":30}},"29":{"start":{"line":57,"column":4},"end":{"line":57,"column":30}},"30":{"start":{"line":61,"column":4},"end":{"line":61,"column":43}},"31":{"start":{"line":62,"column":4},"end":{"line":62,"column":43}},"32":{"start":{"line":63,"column":4},"end":{"line":63,"column":43}},"33":{"start":{"line":67,"column":4},"end":{"line":67,"column":43}},"34":{"start":{"line":68,"column":4},"end":{"line":68,"column":43}},"35":{"start":{"line":69,"column":4},"end":{"line":69,"column":43}},"36":{"start":{"line":82,"column":4},"end":{"line":82,"column":54}},"37":{"start":{"line":83,"column":4},"end":{"line":83,"column":79}},"38":{"start":{"line":96,"column":4},"end":{"line":96,"column":54}},"39":{"start":{"line":97,"column":4},"end":{"line":97,"column":79}},"40":{"start":{"line":110,"column":4},"end":{"line":112,"column":null}},"41":{"start":{"line":111,"column":6},"end":{"line":111,"column":68}},"42":{"start":{"line":113,"column":4},"end":{"line":113,"column":65}},"43":{"start":{"line":126,"column":4},"end":{"line":128,"column":null}},"44":{"start":{"line":127,"column":6},"end":{"line":127,"column":71}},"45":{"start":{"line":129,"column":4},"end":{"line":129,"column":68}},"46":{"start":{"line":11,"column":0},"end":{"line":11,"column":13}}},"fnMap":{"0":{"name":"(anonymous_0)","decl":{"start":{"line":19,"column":2},"end":{"line":19,"column":21}},"loc":{"start":{"line":19,"column":51},"end":{"line":29,"column":3}}},"1":{"name":"(anonymous_1)","decl":{"start":{"line":31,"column":12},"end":{"line":31,"column":20}},"loc":{"start":{"line":31,"column":20},"end":{"line":50,"column":3}}},"2":{"name":"(anonymous_2)","decl":{"start":{"line":52,"column":12},"end":{"line":52,"column":20}},"loc":{"start":{"line":52,"column":20},"end":{"line":58,"column":3}}},"3":{"name":"(anonymous_3)","decl":{"start":{"line":60,"column":9},"end":{"line":60,"column":21}},"loc":{"start":{"line":60,"column":53},"end":{"line":64,"column":3}}},"4":{"name":"(anonymous_4)","decl":{"start":{"line":66,"column":9},"end":{"line":66,"column":21}},"loc":{"start":{"line":66,"column":53},"end":{"line":70,"column":3}}},"5":{"name":"(anonymous_5)","decl":{"start":{"line":81,"column":9},"end":{"line":81,"column":15}},"loc":{"start":{"line":81,"column":78},"end":{"line":84,"column":3}}},"6":{"name":"(anonymous_6)","decl":{"start":{"line":95,"column":9},"end":{"line":95,"column":15}},"loc":{"start":{"line":95,"column":78},"end":{"line":98,"column":3}}},"7":{"name":"(anonymous_7)","decl":{"start":{"line":109,"column":9},"end":{"line":109,"column":15}},"loc":{"start":{"line":109,"column":104},"end":{"line":114,"column":3}}},"8":{"name":"(anonymous_8)","decl":{"start":{"line":125,"column":9},"end":{"line":125,"column":15}},"loc":{"start":{"line":125,"column":101},"end":{"line":130,"column":3}}}},"branchMap":{"0":{"loc":{"start":{"line":36,"column":4},"end":{"line":38,"column":null}},"type":"if","locations":[{"start":{"line":36,"column":4},"end":{"line":38,"column":null}}]},"1":{"loc":{"start":{"line":36,"column":8},"end":{"line":36,"column":77}},"type":"binary-expr","locations":[{"start":{"line":36,"column":8},"end":{"line":36,"column":29}},{"start":{"line":36,"column":33},"end":{"line":36,"column":54}},{"start":{"line":36,"column":58},"end":{"line":36,"column":77}}]},"2":{"loc":{"start":{"line":42,"column":17},"end":{"line":42,"column":82}},"type":"cond-expr","locations":[{"start":{"line":42,"column":39},"end":{"line":42,"column":59}},{"start":{"line":42,"column":62},"end":{"line":42,"column":82}}]},"3":{"loc":{"start":{"line":43,"column":17},"end":{"line":43,"column":82}},"type":"cond-expr","locations":[{"start":{"line":43,"column":39},"end":{"line":43,"column":59}},{"start":{"line":43,"column":62},"end":{"line":43,"column":82}}]},"4":{"loc":{"start":{"line":82,"column":12},"end":{"line":82,"column":53}},"type":"cond-expr","locations":[{"start":{"line":82,"column":43},"end":{"line":82,"column":45}},{"start":{"line":82,"column":48},"end":{"line":82,"column":53}}]},"5":{"loc":{"start":{"line":96,"column":12},"end":{"line":96,"column":53}},"type":"cond-expr","locations":[{"start":{"line":96,"column":43},"end":{"line":96,"column":45}},{"start":{"line":96,"column":48},"end":{"line":96,"column":53}}]},"6":{"loc":{"start":{"line":110,"column":4},"end":{"line":112,"column":null}},"type":"if","locations":[{"start":{"line":110,"column":4},"end":{"line":112,"column":null}}]},"7":{"loc":{"start":{"line":126,"column":4},"end":{"line":128,"column":null}},"type":"if","locations":[{"start":{"line":126,"column":4},"end":{"line":128,"column":null}}]}},"s":{"0":1,"1":1,"2":1,"3":1,"4":1,"5":1,"6":1,"7":1,"8":0,"9":0,"10":0,"11":0,"12":0,"13":0,"14":0,"15":0,"16":0,"17":0,"18":0,"19":0,"20":0,"21":0,"22":0,"23":0,"24":0,"25":0,"26":0,"27":0,"28":0,"29":0,"30":0,"31":0,"32":0,"33":0,"34":0,"35":0,"36":0,"37":0,"38":0,"39":0,"40":0,"41":0,"42":0,"43":0,"44":0,"45":0,"46":1},"f":{"0":0,"1":0,"2":0,"3":0,"4":0,"5":0,"6":0,"7":0,"8":0},"b":{"0":[0],"1":[0,0,0],"2":[0,0],"3":[0,0],"4":[0,0],"5":[0,0],"6":[0],"7":[0]}}
,"/home/kaliuser/Documents/portfolio/commercial_apps/automitive_service_app/a-CarServiceApplication-new/auto_service_mern_crm/Server/Admin/utils/Crypto-lib/Crypto-ts/src/GMAC.ts": {"path":"/home/kaliuser/Documents/portfolio/commercial_apps/automitive_service_app/a-CarServiceApplication-new/auto_service_mern_crm/Server/Admin/utils/Crypto-lib/Crypto-ts/src/GMAC.ts","statementMap":{"0":{"start":{"line":50,"column":0},"end":{"line":50,"column":40}},"1":{"start":{"line":51,"column":0},"end":{"line":51,"column":46}},"2":{"start":{"line":52,"column":0},"end":{"line":52,"column":26}},"3":{"start":{"line":53,"column":0},"end":{"line":53,"column":31}},"4":{"start":{"line":67,"column":14},"end":{"line":67,"column":73}},"5":{"start":{"line":68,"column":29},"end":{"line":68,"column":68}},"6":{"start":{"line":69,"column":17},"end":{"line":69,"column":61}},"7":{"start":{"line":70,"column":15},"end":{"line":70,"column":62}},"8":{"start":{"line":71,"column":12},"end":{"line":71,"column":27}},"9":{"start":{"line":73,"column":2},"end":{"line":73,"column":70}},"10":{"start":{"line":60,"column":0},"end":{"line":60,"column":16}}},"fnMap":{"0":{"name":"GMAC","decl":{"start":{"line":60,"column":16},"end":{"line":60,"column":20}},"loc":{"start":{"line":65,"column":28},"end":{"line":74,"column":1}}}},"branchMap":{"0":{"loc":{"start":{"line":67,"column":14},"end":{"line":67,"column":73}},"type":"cond-expr","locations":[{"start":{"line":67,"column":44},"end":{"line":67,"column":63}},{"start":{"line":67,"column":66},"end":{"line":67,"column":73}}]},"1":{"loc":{"start":{"line":68,"column":29},"end":{"line":68,"column":68}},"type":"cond-expr","locations":[{"start":{"line":68,"column":34},"end":{"line":68,"column":36}},{"start":{"line":68,"column":39},"end":{"line":68,"column":68}}]},"2":{"loc":{"start":{"line":69,"column":17},"end":{"line":69,"column":61}},"type":"cond-expr","locations":[{"start":{"line":69,"column":43},"end":{"line":69,"column":55}},{"start":{"line":69,"column":58},"end":{"line":69,"column":61}}]},"3":{"loc":{"start":{"line":69,"column":18},"end":{"line":69,"column":39}},"type":"binary-expr","locations":[{"start":{"line":69,"column":18},"end":{"line":69,"column":23}},{"start":{"line":69,"column":27},"end":{"line":69,"column":39}}]},"4":{"loc":{"start":{"line":70,"column":15},"end":{"line":70,"column":62}},"type":"cond-expr","locations":[{"start":{"line":70,"column":41},"end":{"line":70,"column":56}},{"start":{"line":70,"column":59},"end":{"line":70,"column":62}}]},"5":{"loc":{"start":{"line":71,"column":12},"end":{"line":71,"column":27}},"type":"binary-expr","locations":[{"start":{"line":71,"column":12},"end":{"line":71,"column":21}},{"start":{"line":71,"column":25},"end":{"line":71,"column":27}}]}},"s":{"0":1,"1":1,"2":1,"3":1,"4":0,"5":0,"6":0,"7":0,"8":0,"9":0,"10":1},"f":{"0":0},"b":{"0":[0,0],"1":[0,0],"2":[0,0],"3":[0,0],"4":[0,0],"5":[0,0]}}
,"/home/kaliuser/Documents/portfolio/commercial_apps/automitive_service_app/a-CarServiceApplication-new/auto_service_mern_crm/Server/Admin/utils/Crypto-lib/Crypto-ts/src/Hmac.ts": {"path":"/home/kaliuser/Documents/portfolio/commercial_apps/automitive_service_app/a-CarServiceApplication-new/auto_service_mern_crm/Server/Admin/utils/Crypto-lib/Crypto-ts/src/Hmac.ts","statementMap":{"0":{"start":{"line":1,"column":0},"end":{"line":1,"column":40}},"1":{"start":{"line":11,"column":4},"end":{"line":11,"column":26}},"2":{"start":{"line":14,"column":4},"end":{"line":16,"column":null}},"3":{"start":{"line":15,"column":6},"end":{"line":15,"column":28}},"4":{"start":{"line":18,"column":28},"end":{"line":18,"column":44}},"5":{"start":{"line":19,"column":33},"end":{"line":19,"column":52}},"6":{"start":{"line":22,"column":4},"end":{"line":24,"column":null}},"7":{"start":{"line":23,"column":6},"end":{"line":23,"column":33}},"8":{"start":{"line":27,"column":4},"end":{"line":27,"column":16}},"9":{"start":{"line":29,"column":17},"end":{"line":29,"column":41}},"10":{"start":{"line":30,"column":17},"end":{"line":30,"column":41}},"11":{"start":{"line":32,"column":22},"end":{"line":32,"column":32}},"12":{"start":{"line":33,"column":22},"end":{"line":33,"column":32}},"13":{"start":{"line":35,"column":4},"end":{"line":38,"column":null}},"14":{"start":{"line":35,"column":14},"end":{"line":35,"column":15}},"15":{"start":{"line":36,"column":6},"end":{"line":36,"column":33}},"16":{"start":{"line":37,"column":6},"end":{"line":37,"column":33}},"17":{"start":{"line":39,"column":4},"end":{"line":39,"column":42}},"18":{"start":{"line":40,"column":4},"end":{"line":40,"column":42}},"19":{"start":{"line":43,"column":4},"end":{"line":43,"column":17}},"20":{"start":{"line":53,"column":4},"end":{"line":53,"column":25}},"21":{"start":{"line":54,"column":4},"end":{"line":54,"column":36}},"22":{"start":{"line":67,"column":4},"end":{"line":67,"column":39}},"23":{"start":{"line":68,"column":4},"end":{"line":68,"column":16}},"24":{"start":{"line":83,"column":22},"end":{"line":83,"column":58}},"25":{"start":{"line":84,"column":4},"end":{"line":84,"column":25}},"26":{"start":{"line":85,"column":4},"end":{"line":85,"column":71}},"27":{"start":{"line":5,"column":0},"end":{"line":5,"column":13}}},"fnMap":{"0":{"name":"(anonymous_0)","decl":{"start":{"line":10,"column":2},"end":{"line":10,"column":21}},"loc":{"start":{"line":10,"column":60},"end":{"line":44,"column":3}}},"1":{"name":"(anonymous_1)","decl":{"start":{"line":52,"column":9},"end":{"line":52,"column":14}},"loc":{"start":{"line":52,"column":14},"end":{"line":55,"column":3}}},"2":{"name":"(anonymous_2)","decl":{"start":{"line":66,"column":9},"end":{"line":66,"column":15}},"loc":{"start":{"line":66,"column":49},"end":{"line":69,"column":3}}},"3":{"name":"(anonymous_3)","decl":{"start":{"line":82,"column":9},"end":{"line":82,"column":17}},"loc":{"start":{"line":82,"column":51},"end":{"line":86,"column":3}}}},"branchMap":{"0":{"loc":{"start":{"line":14,"column":4},"end":{"line":16,"column":null}},"type":"if","locations":[{"start":{"line":14,"column":4},"end":{"line":16,"column":null}}]},"1":{"loc":{"start":{"line":22,"column":4},"end":{"line":24,"column":null}},"type":"if","locations":[{"start":{"line":22,"column":4},"end":{"line":24,"column":null}}]}},"s":{"0":1,"1":5,"2":5,"3":0,"4":5,"5":5,"6":5,"7":0,"8":5,"9":5,"10":5,"11":5,"12":5,"13":5,"14":5,"15":80,"16":80,"17":5,"18":5,"19":5,"20":5,"21":5,"22":0,"23":0,"24":5,"25":5,"26":5,"27":1},"f":{"0":5,"1":5,"2":0,"3":5},"b":{"0":[0],"1":[0]}}
,"/home/kaliuser/Documents/portfolio/commercial_apps/automitive_service_app/a-CarServiceApplication-new/auto_service_mern_crm/Server/Admin/utils/Crypto-lib/Crypto-ts/src/HmacMD5.ts": {"path":"/home/kaliuser/Documents/portfolio/commercial_apps/automitive_service_app/a-CarServiceApplication-new/auto_service_mern_crm/Server/Admin/utils/Crypto-lib/Crypto-ts/src/HmacMD5.ts","statementMap":{"0":{"start":{"line":39,"column":0},"end":{"line":39,"column":28}},"1":{"start":{"line":40,"column":0},"end":{"line":40,"column":26}},"2":{"start":{"line":44,"column":2},"end":{"line":44,"column":52}},"3":{"start":{"line":43,"column":0},"end":{"line":43,"column":16}}},"fnMap":{"0":{"name":"HmacMD5","decl":{"start":{"line":43,"column":16},"end":{"line":43,"column":23}},"loc":{"start":{"line":43,"column":76},"end":{"line":45,"column":1}}}},"branchMap":{},"s":{"0":1,"1":1,"2":0,"3":1},"f":{"0":0},"b":{}}
,"/home/kaliuser/Documents/portfolio/commercial_apps/automitive_service_app/a-CarServiceApplication-new/auto_service_mern_crm/Server/Admin/utils/Crypto-lib/Crypto-ts/src/HmacSHA1.ts": {"path":"/home/kaliuser/Documents/portfolio/commercial_apps/automitive_service_app/a-CarServiceApplication-new/auto_service_mern_crm/Server/Admin/utils/Crypto-lib/Crypto-ts/src/HmacSHA1.ts","statementMap":{"0":{"start":{"line":42,"column":0},"end":{"line":42,"column":28}},"1":{"start":{"line":43,"column":0},"end":{"line":43,"column":28}},"2":{"start":{"line":47,"column":2},"end":{"line":47,"column":53}},"3":{"start":{"line":46,"column":0},"end":{"line":46,"column":16}}},"fnMap":{"0":{"name":"HmacSHA1","decl":{"start":{"line":46,"column":16},"end":{"line":46,"column":24}},"loc":{"start":{"line":46,"column":77},"end":{"line":48,"column":1}}}},"branchMap":{},"s":{"0":1,"1":1,"2":0,"3":1},"f":{"0":0},"b":{}}
,"/home/kaliuser/Documents/portfolio/commercial_apps/automitive_service_app/a-CarServiceApplication-new/auto_service_mern_crm/Server/Admin/utils/Crypto-lib/Crypto-ts/src/HmacSHA224.ts": {"path":"/home/kaliuser/Documents/portfolio/commercial_apps/automitive_service_app/a-CarServiceApplication-new/auto_service_mern_crm/Server/Admin/utils/Crypto-lib/Crypto-ts/src/HmacSHA224.ts","statementMap":{"0":{"start":{"line":47,"column":0},"end":{"line":47,"column":28}},"1":{"start":{"line":48,"column":0},"end":{"line":48,"column":32}},"2":{"start":{"line":52,"column":2},"end":{"line":52,"column":55}},"3":{"start":{"line":51,"column":0},"end":{"line":51,"column":16}}},"fnMap":{"0":{"name":"HmacSHA224","decl":{"start":{"line":51,"column":16},"end":{"line":51,"column":26}},"loc":{"start":{"line":51,"column":79},"end":{"line":53,"column":1}}}},"branchMap":{},"s":{"0":1,"1":1,"2":0,"3":1},"f":{"0":0},"b":{}}
,"/home/kaliuser/Documents/portfolio/commercial_apps/automitive_service_app/a-CarServiceApplication-new/auto_service_mern_crm/Server/Admin/utils/Crypto-lib/Crypto-ts/src/HmacSHA256.ts": {"path":"/home/kaliuser/Documents/portfolio/commercial_apps/automitive_service_app/a-CarServiceApplication-new/auto_service_mern_crm/Server/Admin/utils/Crypto-lib/Crypto-ts/src/HmacSHA256.ts","statementMap":{"0":{"start":{"line":47,"column":0},"end":{"line":47,"column":28}},"1":{"start":{"line":48,"column":0},"end":{"line":48,"column":32}},"2":{"start":{"line":52,"column":2},"end":{"line":52,"column":55}},"3":{"start":{"line":51,"column":0},"end":{"line":51,"column":16}}},"fnMap":{"0":{"name":"HmacSHA256","decl":{"start":{"line":51,"column":16},"end":{"line":51,"column":26}},"loc":{"start":{"line":51,"column":79},"end":{"line":53,"column":1}}}},"branchMap":{},"s":{"0":1,"1":1,"2":5,"3":1},"f":{"0":5},"b":{}}
,"/home/kaliuser/Documents/portfolio/commercial_apps/automitive_service_app/a-CarServiceApplication-new/auto_service_mern_crm/Server/Admin/utils/Crypto-lib/Crypto-ts/src/HmacSHA384.ts": {"path":"/home/kaliuser/Documents/portfolio/commercial_apps/automitive_service_app/a-CarServiceApplication-new/auto_service_mern_crm/Server/Admin/utils/Crypto-lib/Crypto-ts/src/HmacSHA384.ts","statementMap":{"0":{"start":{"line":47,"column":0},"end":{"line":47,"column":28}},"1":{"start":{"line":48,"column":0},"end":{"line":48,"column":32}},"2":{"start":{"line":52,"column":2},"end":{"line":52,"column":55}},"3":{"start":{"line":51,"column":0},"end":{"line":51,"column":16}}},"fnMap":{"0":{"name":"HmacSHA384","decl":{"start":{"line":51,"column":16},"end":{"line":51,"column":26}},"loc":{"start":{"line":51,"column":79},"end":{"line":53,"column":1}}}},"branchMap":{},"s":{"0":1,"1":1,"2":0,"3":1},"f":{"0":0},"b":{}}
,"/home/kaliuser/Documents/portfolio/commercial_apps/automitive_service_app/a-CarServiceApplication-new/auto_service_mern_crm/Server/Admin/utils/Crypto-lib/Crypto-ts/src/HmacSHA512.ts": {"path":"/home/kaliuser/Documents/portfolio/commercial_apps/automitive_service_app/a-CarServiceApplication-new/auto_service_mern_crm/Server/Admin/utils/Crypto-lib/Crypto-ts/src/HmacSHA512.ts","statementMap":{"0":{"start":{"line":41,"column":0},"end":{"line":41,"column":28}},"1":{"start":{"line":42,"column":0},"end":{"line":42,"column":32}},"2":{"start":{"line":46,"column":2},"end":{"line":46,"column":55}},"3":{"start":{"line":45,"column":0},"end":{"line":45,"column":16}}},"fnMap":{"0":{"name":"HmacSHA512","decl":{"start":{"line":45,"column":16},"end":{"line":45,"column":26}},"loc":{"start":{"line":45,"column":79},"end":{"line":47,"column":1}}}},"branchMap":{},"s":{"0":1,"1":1,"2":0,"3":1},"f":{"0":0},"b":{}}
,"/home/kaliuser/Documents/portfolio/commercial_apps/automitive_service_app/a-CarServiceApplication-new/auto_service_mern_crm/Server/Admin/utils/Crypto-lib/Crypto-ts/src/MD5.ts": {"path":"/home/kaliuser/Documents/portfolio/commercial_apps/automitive_service_app/a-CarServiceApplication-new/auto_service_mern_crm/Server/Admin/utils/Crypto-lib/Crypto-ts/src/MD5.ts","statementMap":{"0":{"start":{"line":1,"column":0},"end":{"line":1,"column":46}},"1":{"start":{"line":2,"column":0},"end":{"line":2,"column":59}},"2":{"start":{"line":9,"column":20},"end":{"line":9,"column":22}},"3":{"start":{"line":11,"column":0},"end":{"line":15,"column":5}},"4":{"start":{"line":12,"column":2},"end":{"line":14,"column":null}},"5":{"start":{"line":12,"column":12},"end":{"line":12,"column":13}},"6":{"start":{"line":13,"column":4},"end":{"line":13,"column":55}},"7":{"start":{"line":18,"column":12},"end":{"line":18,"column":44}},"8":{"start":{"line":19,"column":2},"end":{"line":19,"column":43}},"9":{"start":{"line":23,"column":12},"end":{"line":23,"column":44}},"10":{"start":{"line":24,"column":2},"end":{"line":24,"column":43}},"11":{"start":{"line":28,"column":12},"end":{"line":28,"column":35}},"12":{"start":{"line":29,"column":2},"end":{"line":29,"column":43}},"13":{"start":{"line":33,"column":12},"end":{"line":33,"column":38}},"14":{"start":{"line":34,"column":2},"end":{"line":34,"column":43}},"15":{"start":{"line":41,"column":31},"end":{"line":44,"column":4}},"16":{"start":{"line":47,"column":4},"end":{"line":47,"column":17}},"17":{"start":{"line":48,"column":4},"end":{"line":50,"column":null}},"18":{"start":{"line":49,"column":6},"end":{"line":49,"column":38}},"19":{"start":{"line":54,"column":4},"end":{"line":57,"column":7}},"20":{"start":{"line":62,"column":4},"end":{"line":71,"column":null}},"21":{"start":{"line":62,"column":15},"end":{"line":62,"column":16}},"22":{"start":{"line":64,"column":22},"end":{"line":64,"column":32}},"23":{"start":{"line":65,"column":27},"end":{"line":65,"column":41}},"24":{"start":{"line":67,"column":6},"end":{"line":70,"column":8}},"25":{"start":{"line":74,"column":14},"end":{"line":74,"column":30}},"26":{"start":{"line":76,"column":25},"end":{"line":76,"column":38}},"27":{"start":{"line":77,"column":25},"end":{"line":77,"column":42}},"28":{"start":{"line":78,"column":25},"end":{"line":78,"column":42}},"29":{"start":{"line":79,"column":25},"end":{"line":79,"column":42}},"30":{"start":{"line":80,"column":25},"end":{"line":80,"column":42}},"31":{"start":{"line":81,"column":25},"end":{"line":81,"column":42}},"32":{"start":{"line":82,"column":25},"end":{"line":82,"column":42}},"33":{"start":{"line":83,"column":25},"end":{"line":83,"column":42}},"34":{"start":{"line":84,"column":25},"end":{"line":84,"column":42}},"35":{"start":{"line":85,"column":25},"end":{"line":85,"column":42}},"36":{"start":{"line":86,"column":25},"end":{"line":86,"column":43}},"37":{"start":{"line":87,"column":25},"end":{"line":87,"column":43}},"38":{"start":{"line":88,"column":25},"end":{"line":88,"column":43}},"39":{"start":{"line":89,"column":25},"end":{"line":89,"column":43}},"40":{"start":{"line":90,"column":25},"end":{"line":90,"column":43}},"41":{"start":{"line":91,"column":25},"end":{"line":91,"column":43}},"42":{"start":{"line":94,"column":12},"end":{"line":94,"column":16}},"43":{"start":{"line":95,"column":12},"end":{"line":95,"column":16}},"44":{"start":{"line":96,"column":12},"end":{"line":96,"column":16}},"45":{"start":{"line":97,"column":12},"end":{"line":97,"column":16}},"46":{"start":{"line":100,"column":4},"end":{"line":100,"column":47}},"47":{"start":{"line":101,"column":4},"end":{"line":101,"column":47}},"48":{"start":{"line":102,"column":4},"end":{"line":102,"column":47}},"49":{"start":{"line":103,"column":4},"end":{"line":103,"column":47}},"50":{"start":{"line":104,"column":4},"end":{"line":104,"column":47}},"51":{"start":{"line":105,"column":4},"end":{"line":105,"column":47}},"52":{"start":{"line":106,"column":4},"end":{"line":106,"column":47}},"53":{"start":{"line":107,"column":4},"end":{"line":107,"column":47}},"54":{"start":{"line":108,"column":4},"end":{"line":108,"column":47}},"55":{"start":{"line":109,"column":4},"end":{"line":109,"column":47}},"56":{"start":{"line":110,"column":4},"end":{"line":110,"column":48}},"57":{"start":{"line":111,"column":4},"end":{"line":111,"column":48}},"58":{"start":{"line":112,"column":4},"end":{"line":112,"column":48}},"59":{"start":{"line":113,"column":4},"end":{"line":113,"column":48}},"60":{"start":{"line":114,"column":4},"end":{"line":114,"column":48}},"61":{"start":{"line":115,"column":4},"end":{"line":115,"column":48}},"62":{"start":{"line":117,"column":4},"end":{"line":117,"column":48}},"63":{"start":{"line":118,"column":4},"end":{"line":118,"column":48}},"64":{"start":{"line":119,"column":4},"end":{"line":119,"column":48}},"65":{"start":{"line":120,"column":4},"end":{"line":120,"column":48}},"66":{"start":{"line":121,"column":4},"end":{"line":121,"column":48}},"67":{"start":{"line":122,"column":4},"end":{"line":122,"column":48}},"68":{"start":{"line":123,"column":4},"end":{"line":123,"column":48}},"69":{"start":{"line":124,"column":4},"end":{"line":124,"column":48}},"70":{"start":{"line":125,"column":4},"end":{"line":125,"column":48}},"71":{"start":{"line":126,"column":4},"end":{"line":126,"column":48}},"72":{"start":{"line":127,"column":4},"end":{"line":127,"column":48}},"73":{"start":{"line":128,"column":4},"end":{"line":128,"column":48}},"74":{"start":{"line":129,"column":4},"end":{"line":129,"column":48}},"75":{"start":{"line":130,"column":4},"end":{"line":130,"column":48}},"76":{"start":{"line":131,"column":4},"end":{"line":131,"column":48}},"77":{"start":{"line":132,"column":4},"end":{"line":132,"column":48}},"78":{"start":{"line":134,"column":4},"end":{"line":134,"column":48}},"79":{"start":{"line":135,"column":4},"end":{"line":135,"column":48}},"80":{"start":{"line":136,"column":4},"end":{"line":136,"column":48}},"81":{"start":{"line":137,"column":4},"end":{"line":137,"column":48}},"82":{"start":{"line":138,"column":4},"end":{"line":138,"column":48}},"83":{"start":{"line":139,"column":4},"end":{"line":139,"column":48}},"84":{"start":{"line":140,"column":4},"end":{"line":140,"column":48}},"85":{"start":{"line":141,"column":4},"end":{"line":141,"column":48}},"86":{"start":{"line":142,"column":4},"end":{"line":142,"column":48}},"87":{"start":{"line":143,"column":4},"end":{"line":143,"column":48}},"88":{"start":{"line":144,"column":4},"end":{"line":144,"column":48}},"89":{"start":{"line":145,"column":4},"end":{"line":145,"column":48}},"90":{"start":{"line":146,"column":4},"end":{"line":146,"column":48}},"91":{"start":{"line":147,"column":4},"end":{"line":147,"column":48}},"92":{"start":{"line":148,"column":4},"end":{"line":148,"column":48}},"93":{"start":{"line":149,"column":4},"end":{"line":149,"column":48}},"94":{"start":{"line":151,"column":4},"end":{"line":151,"column":48}},"95":{"start":{"line":152,"column":4},"end":{"line":152,"column":48}},"96":{"start":{"line":153,"column":4},"end":{"line":153,"column":48}},"97":{"start":{"line":154,"column":4},"end":{"line":154,"column":48}},"98":{"start":{"line":155,"column":4},"end":{"line":155,"column":48}},"99":{"start":{"line":156,"column":4},"end":{"line":156,"column":48}},"100":{"start":{"line":157,"column":4},"end":{"line":157,"column":48}},"101":{"start":{"line":158,"column":4},"end":{"line":158,"column":48}},"102":{"start":{"line":159,"column":4},"end":{"line":159,"column":48}},"103":{"start":{"line":160,"column":4},"end":{"line":160,"column":48}},"104":{"start":{"line":161,"column":4},"end":{"line":161,"column":48}},"105":{"start":{"line":162,"column":4},"end":{"line":162,"column":48}},"106":{"start":{"line":163,"column":4},"end":{"line":163,"column":48}},"107":{"start":{"line":164,"column":4},"end":{"line":164,"column":48}},"108":{"start":{"line":165,"column":4},"end":{"line":165,"column":48}},"109":{"start":{"line":166,"column":4},"end":{"line":166,"column":48}},"110":{"start":{"line":169,"column":4},"end":{"line":169,"column":26}},"111":{"start":{"line":170,"column":4},"end":{"line":170,"column":26}},"112":{"start":{"line":171,"column":4},"end":{"line":171,"column":26}},"113":{"start":{"line":172,"column":4},"end":{"line":172,"column":26}},"114":{"start":{"line":177,"column":17},"end":{"line":177,"column":27}},"115":{"start":{"line":178,"column":22},"end":{"line":178,"column":32}},"116":{"start":{"line":180,"column":23},"end":{"line":180,"column":39}},"117":{"start":{"line":181,"column":22},"end":{"line":181,"column":40}},"118":{"start":{"line":184,"column":4},"end":{"line":184,"column":64}},"119":{"start":{"line":186,"column":24},"end":{"line":186,"column":60}},"120":{"start":{"line":187,"column":24},"end":{"line":187,"column":34}},"121":{"start":{"line":188,"column":4},"end":{"line":191,"column":6}},"122":{"start":{"line":192,"column":4},"end":{"line":195,"column":6}},"123":{"start":{"line":197,"column":4},"end":{"line":197,"column":48}},"124":{"start":{"line":200,"column":4},"end":{"line":200,"column":20}},"125":{"start":{"line":203,"column":17},"end":{"line":203,"column":27}},"126":{"start":{"line":204,"column":14},"end":{"line":204,"column":24}},"127":{"start":{"line":207,"column":4},"end":{"line":212,"column":null}},"128":{"start":{"line":207,"column":15},"end":{"line":207,"column":16}},"129":{"start":{"line":209,"column":17},"end":{"line":209,"column":21}},"130":{"start":{"line":210,"column":6},"end":{"line":211,"column":52}},"131":{"start":{"line":215,"column":4},"end":{"line":215,"column":16}},"132":{"start":{"line":219,"column":18},"end":{"line":219,"column":104}},"133":{"start":{"line":220,"column":4},"end":{"line":220,"column":26}},"134":{"start":{"line":224,"column":4},"end":{"line":224,"column":39}},"135":{"start":{"line":40,"column":0},"end":{"line":40,"column":13}}},"fnMap":{"0":{"name":"computeConstant","decl":{"start":{"line":11,"column":10},"end":{"line":11,"column":25}},"loc":{"start":{"line":11,"column":25},"end":{"line":15,"column":1}}},"1":{"name":"FF","decl":{"start":{"line":17,"column":9},"end":{"line":17,"column":11}},"loc":{"start":{"line":17,"column":87},"end":{"line":20,"column":1}}},"2":{"name":"GG","decl":{"start":{"line":22,"column":9},"end":{"line":22,"column":11}},"loc":{"start":{"line":22,"column":87},"end":{"line":25,"column":1}}},"3":{"name":"HH","decl":{"start":{"line":27,"column":9},"end":{"line":27,"column":11}},"loc":{"start":{"line":27,"column":87},"end":{"line":30,"column":1}}},"4":{"name":"II","decl":{"start":{"line":32,"column":9},"end":{"line":32,"column":11}},"loc":{"start":{"line":32,"column":87},"end":{"line":35,"column":1}}},"5":{"name":"(anonymous_5)","decl":{"start":{"line":46,"column":2},"end":{"line":46,"column":21}},"loc":{"start":{"line":46,"column":37},"end":{"line":51,"column":3}}},"6":{"name":"(anonymous_6)","decl":{"start":{"line":53,"column":12},"end":{"line":53,"column":20}},"loc":{"start":{"line":53,"column":20},"end":{"line":58,"column":3}}},"7":{"name":"(anonymous_7)","decl":{"start":{"line":60,"column":12},"end":{"line":60,"column":27}},"loc":{"start":{"line":60,"column":59},"end":{"line":173,"column":3}}},"8":{"name":"(anonymous_8)","decl":{"start":{"line":175,"column":12},"end":{"line":175,"column":23}},"loc":{"start":{"line":175,"column":23},"end":{"line":216,"column":3}}},"9":{"name":"(anonymous_9)","decl":{"start":{"line":218,"column":9},"end":{"line":218,"column":14}},"loc":{"start":{"line":218,"column":14},"end":{"line":221,"column":3}}},"10":{"name":"(anonymous_10)","decl":{"start":{"line":223,"column":9},"end":{"line":223,"column":15}},"loc":{"start":{"line":223,"column":48},"end":{"line":225,"column":3}}}},"branchMap":{"0":{"loc":{"start":{"line":48,"column":4},"end":{"line":50,"column":null}},"type":"if","locations":[{"start":{"line":48,"column":4},"end":{"line":50,"column":null}}]},"1":{"loc":{"start":{"line":48,"column":7},"end":{"line":48,"column":49}},"type":"binary-expr","locations":[{"start":{"line":48,"column":7},"end":{"line":48,"column":12}},{"start":{"line":48,"column":16},"end":{"line":48,"column":49}}]}},"s":{"0":1,"1":1,"2":1,"3":1,"4":1,"5":1,"6":64,"7":0,"8":0,"9":0,"10":0,"11":0,"12":0,"13":0,"14":0,"15":0,"16":0,"17":0,"18":0,"19":0,"20":0,"21":0,"22":0,"23":0,"24":0,"25":0,"26":0,"27":0,"28":0,"29":0,"30":0,"31":0,"32":0,"33":0,"34":0,"35":0,"36":0,"37":0,"38":0,"39":0,"40":0,"41":0,"42":0,"43":0,"44":0,"45":0,"46":0,"47":0,"48":0,"49":0,"50":0,"51":0,"52":0,"53":0,"54":0,"55":0,"56":0,"57":0,"58":0,"59":0,"60":0,"61":0,"62":0,"63":0,"64":0,"65":0,"66":0,"67":0,"68":0,"69":0,"70":0,"71":0,"72":0,"73":0,"74":0,"75":0,"76":0,"77":0,"78":0,"79":0,"80":0,"81":0,"82":0,"83":0,"84":0,"85":0,"86":0,"87":0,"88":0,"89":0,"90":0,"91":0,"92":0,"93":0,"94":0,"95":0,"96":0,"97":0,"98":0,"99":0,"100":0,"101":0,"102":0,"103":0,"104":0,"105":0,"106":0,"107":0,"108":0,"109":0,"110":0,"111":0,"112":0,"113":0,"114":0,"115":0,"116":0,"117":0,"118":0,"119":0,"120":0,"121":0,"122":0,"123":0,"124":0,"125":0,"126":0,"127":0,"128":0,"129":0,"130":0,"131":0,"132":0,"133":0,"134":0,"135":1},"f":{"0":1,"1":0,"2":0,"3":0,"4":0,"5":0,"6":0,"7":0,"8":0,"9":0,"10":0},"b":{"0":[0],"1":[0,0]}}
,"/home/kaliuser/Documents/portfolio/commercial_apps/automitive_service_app/a-CarServiceApplication-new/auto_service_mern_crm/Server/Admin/utils/Crypto-lib/Crypto-ts/src/RC4.ts": {"path":"/home/kaliuser/Documents/portfolio/commercial_apps/automitive_service_app/a-CarServiceApplication-new/auto_service_mern_crm/Server/Admin/utils/Crypto-lib/Crypto-ts/src/RC4.ts","statementMap":{"0":{"start":{"line":3,"column":0},"end":{"line":3,"column":84}},"1":{"start":{"line":4,"column":0},"end":{"line":4,"column":79}},"2":{"start":{"line":5,"column":0},"end":{"line":5,"column":77}},"3":{"start":{"line":12,"column":34},"end":{"line":12,"column":35}},"4":{"start":{"line":13,"column":35},"end":{"line":13,"column":41}},"5":{"start":{"line":15,"column":26},"end":{"line":15,"column":28}},"6":{"start":{"line":16,"column":24},"end":{"line":16,"column":25}},"7":{"start":{"line":17,"column":24},"end":{"line":17,"column":25}},"8":{"start":{"line":20,"column":4},"end":{"line":20,"column":17}},"9":{"start":{"line":21,"column":4},"end":{"line":21,"column":24}},"10":{"start":{"line":23,"column":4},"end":{"line":23,"column":20}},"11":{"start":{"line":28,"column":16},"end":{"line":28,"column":25}},"12":{"start":{"line":29,"column":21},"end":{"line":29,"column":30}},"13":{"start":{"line":30,"column":24},"end":{"line":30,"column":37}},"14":{"start":{"line":33,"column":4},"end":{"line":33,"column":16}},"15":{"start":{"line":34,"column":4},"end":{"line":36,"column":null}},"16":{"start":{"line":34,"column":17},"end":{"line":34,"column":18}},"17":{"start":{"line":35,"column":6},"end":{"line":35,"column":20}},"18":{"start":{"line":39,"column":4},"end":{"line":49,"column":null}},"19":{"start":{"line":39,"column":17},"end":{"line":39,"column":18}},"20":{"start":{"line":39,"column":24},"end":{"line":39,"column":25}},"21":{"start":{"line":40,"column":27},"end":{"line":40,"column":42}},"22":{"start":{"line":41,"column":22},"end":{"line":41,"column":93}},"23":{"start":{"line":43,"column":6},"end":{"line":43,"column":42}},"24":{"start":{"line":46,"column":16},"end":{"line":46,"column":25}},"25":{"start":{"line":47,"column":6},"end":{"line":47,"column":28}},"26":{"start":{"line":48,"column":6},"end":{"line":48,"column":20}},"27":{"start":{"line":52,"column":4},"end":{"line":52,"column":24}},"28":{"start":{"line":56,"column":4},"end":{"line":56,"column":50}},"29":{"start":{"line":61,"column":14},"end":{"line":61,"column":20}},"30":{"start":{"line":62,"column":12},"end":{"line":62,"column":18}},"31":{"start":{"line":63,"column":12},"end":{"line":63,"column":18}},"32":{"start":{"line":66,"column":24},"end":{"line":66,"column":25}},"33":{"start":{"line":67,"column":4},"end":{"line":77,"column":null}},"34":{"start":{"line":67,"column":17},"end":{"line":67,"column":18}},"35":{"start":{"line":68,"column":6},"end":{"line":68,"column":24}},"36":{"start":{"line":69,"column":6},"end":{"line":69,"column":27}},"37":{"start":{"line":72,"column":16},"end":{"line":72,"column":20}},"38":{"start":{"line":73,"column":6},"end":{"line":73,"column":18}},"39":{"start":{"line":74,"column":6},"end":{"line":74,"column":15}},"40":{"start":{"line":76,"column":6},"end":{"line":76,"column":62}},"41":{"start":{"line":80,"column":4},"end":{"line":80,"column":15}},"42":{"start":{"line":81,"column":4},"end":{"line":81,"column":15}},"43":{"start":{"line":83,"column":4},"end":{"line":83,"column":25}},"44":{"start":{"line":96,"column":4},"end":{"line":96,"column":54}},"45":{"start":{"line":97,"column":4},"end":{"line":97,"column":36}},"46":{"start":{"line":110,"column":4},"end":{"line":110,"column":54}},"47":{"start":{"line":111,"column":4},"end":{"line":111,"column":36}},"48":{"start":{"line":124,"column":4},"end":{"line":126,"column":null}},"49":{"start":{"line":125,"column":6},"end":{"line":125,"column":67}},"50":{"start":{"line":127,"column":4},"end":{"line":127,"column":64}},"51":{"start":{"line":140,"column":4},"end":{"line":142,"column":null}},"52":{"start":{"line":141,"column":6},"end":{"line":141,"column":70}},"53":{"start":{"line":143,"column":4},"end":{"line":143,"column":67}},"54":{"start":{"line":11,"column":0},"end":{"line":11,"column":13}}},"fnMap":{"0":{"name":"(anonymous_0)","decl":{"start":{"line":19,"column":2},"end":{"line":19,"column":21}},"loc":{"start":{"line":19,"column":50},"end":{"line":24,"column":3}}},"1":{"name":"(anonymous_1)","decl":{"start":{"line":26,"column":12},"end":{"line":26,"column":20}},"loc":{"start":{"line":26,"column":20},"end":{"line":53,"column":3}}},"2":{"name":"(anonymous_2)","decl":{"start":{"line":55,"column":12},"end":{"line":55,"column":27}},"loc":{"start":{"line":55,"column":59},"end":{"line":57,"column":3}}},"3":{"name":"(anonymous_3)","decl":{"start":{"line":59,"column":12},"end":{"line":59,"column":33}},"loc":{"start":{"line":59,"column":33},"end":{"line":84,"column":3}}},"4":{"name":"(anonymous_4)","decl":{"start":{"line":95,"column":9},"end":{"line":95,"column":15}},"loc":{"start":{"line":95,"column":84},"end":{"line":98,"column":3}}},"5":{"name":"(anonymous_5)","decl":{"start":{"line":109,"column":9},"end":{"line":109,"column":15}},"loc":{"start":{"line":109,"column":84},"end":{"line":112,"column":3}}},"6":{"name":"(anonymous_6)","decl":{"start":{"line":123,"column":9},"end":{"line":123,"column":15}},"loc":{"start":{"line":123,"column":103},"end":{"line":128,"column":3}}},"7":{"name":"(anonymous_7)","decl":{"start":{"line":139,"column":9},"end":{"line":139,"column":15}},"loc":{"start":{"line":139,"column":100},"end":{"line":144,"column":3}}}},"branchMap":{"0":{"loc":{"start":{"line":96,"column":12},"end":{"line":96,"column":53}},"type":"cond-expr","locations":[{"start":{"line":96,"column":43},"end":{"line":96,"column":45}},{"start":{"line":96,"column":48},"end":{"line":96,"column":53}}]},"1":{"loc":{"start":{"line":110,"column":12},"end":{"line":110,"column":53}},"type":"cond-expr","locations":[{"start":{"line":110,"column":43},"end":{"line":110,"column":45}},{"start":{"line":110,"column":48},"end":{"line":110,"column":53}}]},"2":{"loc":{"start":{"line":124,"column":4},"end":{"line":126,"column":null}},"type":"if","locations":[{"start":{"line":124,"column":4},"end":{"line":126,"column":null}}]},"3":{"loc":{"start":{"line":140,"column":4},"end":{"line":142,"column":null}},"type":"if","locations":[{"start":{"line":140,"column":4},"end":{"line":142,"column":null}}]}},"s":{"0":1,"1":1,"2":1,"3":1,"4":1,"5":0,"6":0,"7":0,"8":0,"9":0,"10":0,"11":0,"12":0,"13":0,"14":0,"15":0,"16":0,"17":0,"18":0,"19":0,"20":0,"21":0,"22":0,"23":0,"24":0,"25":0,"26":0,"27":0,"28":0,"29":0,"30":0,"31":0,"32":0,"33":0,"34":0,"35":0,"36":0,"37":0,"38":0,"39":0,"40":0,"41":0,"42":0,"43":0,"44":0,"45":0,"46":0,"47":0,"48":0,"49":0,"50":0,"51":0,"52":0,"53":0,"54":1},"f":{"0":0,"1":0,"2":0,"3":0,"4":0,"5":0,"6":0,"7":0},"b":{"0":[0,0],"1":[0,0],"2":[0],"3":[0]}}
,"/home/kaliuser/Documents/portfolio/commercial_apps/automitive_service_app/a-CarServiceApplication-new/auto_service_mern_crm/Server/Admin/utils/Crypto-lib/Crypto-ts/src/RC4Drop.ts": {"path":"/home/kaliuser/Documents/portfolio/commercial_apps/automitive_service_app/a-CarServiceApplication-new/auto_service_mern_crm/Server/Admin/utils/Crypto-lib/Crypto-ts/src/RC4Drop.ts","statementMap":{"0":{"start":{"line":3,"column":0},"end":{"line":3,"column":79}},"1":{"start":{"line":4,"column":0},"end":{"line":4,"column":77}},"2":{"start":{"line":6,"column":0},"end":{"line":6,"column":26}},"3":{"start":{"line":13,"column":27},"end":{"line":13,"column":30}},"4":{"start":{"line":16,"column":4},"end":{"line":16,"column":17}},"5":{"start":{"line":17,"column":4},"end":{"line":17,"column":24}},"6":{"start":{"line":19,"column":4},"end":{"line":21,"column":null}},"7":{"start":{"line":20,"column":6},"end":{"line":20,"column":29}},"8":{"start":{"line":23,"column":4},"end":{"line":23,"column":20}},"9":{"start":{"line":27,"column":4},"end":{"line":27,"column":21}},"10":{"start":{"line":30,"column":4},"end":{"line":32,"column":null}},"11":{"start":{"line":30,"column":14},"end":{"line":30,"column":23}},"12":{"start":{"line":31,"column":6},"end":{"line":31,"column":35}},"13":{"start":{"line":45,"column":4},"end":{"line":45,"column":54}},"14":{"start":{"line":46,"column":4},"end":{"line":46,"column":40}},"15":{"start":{"line":59,"column":4},"end":{"line":59,"column":54}},"16":{"start":{"line":60,"column":4},"end":{"line":60,"column":40}},"17":{"start":{"line":73,"column":4},"end":{"line":75,"column":null}},"18":{"start":{"line":74,"column":6},"end":{"line":74,"column":71}},"19":{"start":{"line":76,"column":4},"end":{"line":76,"column":68}},"20":{"start":{"line":89,"column":4},"end":{"line":91,"column":null}},"21":{"start":{"line":90,"column":6},"end":{"line":90,"column":74}},"22":{"start":{"line":92,"column":4},"end":{"line":92,"column":71}},"23":{"start":{"line":12,"column":0},"end":{"line":12,"column":13}}},"fnMap":{"0":{"name":"(anonymous_0)","decl":{"start":{"line":15,"column":2},"end":{"line":15,"column":21}},"loc":{"start":{"line":15,"column":54},"end":{"line":24,"column":3}}},"1":{"name":"(anonymous_1)","decl":{"start":{"line":26,"column":12},"end":{"line":26,"column":20}},"loc":{"start":{"line":26,"column":20},"end":{"line":33,"column":3}}},"2":{"name":"(anonymous_2)","decl":{"start":{"line":44,"column":9},"end":{"line":44,"column":15}},"loc":{"start":{"line":44,"column":78},"end":{"line":47,"column":3}}},"3":{"name":"(anonymous_3)","decl":{"start":{"line":58,"column":9},"end":{"line":58,"column":15}},"l
[...]
,"/home/kaliuser/Documents/portfolio/commercial_apps/automitive_service_app/a-CarServiceApplication-new/auto_service_mern_crm/Server/Admin/utils/Crypto-lib/Crypto-ts/src/lib/encoder/Hex.ts": {"path":"/home/kaliuser/Documents/portfolio/commercial_apps/automitive_service_app/a-CarServiceApplication-new/auto_service_mern_crm/Server/Admin/utils/Crypto-lib/Crypto-ts/src/lib/encoder/Hex.ts","statementMap":{"0":{"start":{"line":2,"column":0},"end":{"line":2,"column":43}},"1":{"start":{"line":4,"column":13},"end":{"line":51,"column":null}},"2":{"start":{"line":14,"column":17},"end":{"line":14,"column":28}},"3":{"start":{"line":15,"column":18},"end":{"line":15,"column":25}},"4":{"start":{"line":16,"column":31},"end":{"line":16,"column":33}},"5":{"start":{"line":18,"column":4},"end":{"line":22,"column":null}},"6":{"start":{"line":18,"column":14},"end":{"line":18,"column":15}},"7":{"start":{"line":19,"column":19},"end":{"line":19,"column":65}},"8":{"start":{"line":20,"column":6},"end":{"line":20,"column":47}},"9":{"start":{"line":21,"column":6},"end":{"line":21,"column":48}},"10":{"start":{"line":24,"column":4},"end":{"line":24,"column":29}},"11":{"start":{"line":36,"column":16},"end":{"line":36,"column":29}},"12":{"start":{"line":37,"column":4},"end":{"line":42,"column":null}},"13":{"start":{"line":38,"column":6},"end":{"line":38,"column":55}},"14":{"start":{"line":40,"column":9},"end":{"line":42,"column":null}},"15":{"start":{"line":41,"column":6},"end":{"line":41,"column":55}},"16":{"start":{"line":43,"column":28},"end":{"line":43,"column":30}},"17":{"start":{"line":45,"column":4},"end":{"line":47,"column":null}},"18":{"start":{"line":45,"column":14},"end":{"line":45,"column":15}},"19":{"start":{"line":46,"column":6},"end":{"line":46,"column":80}},"20":{"start":{"line":49,"column":4},"end":{"line":49,"column":43}}},"fnMap":{"0":{"name":"(anonymous_0)","decl":{"start":{"line":13,"column":2},"end":{"line":13,"column":11}},"loc":{"start":{"line":13,"column":26},"end":{"line":25,"column":3}}},"1":{"name":"(anonymous_1)","decl":{"start":{"line":35,"column":2},"end":{"line":35,"column":7}},"loc":{"start":{"line":35,"column":22},"end":{"line":50,"column":3}}}},"branchMap":{"0":{"loc":{"start":{"line":37,"column":4},"end":{"line":42,"column":null}},"type":"if","locations":[{"start":{"line":37,"column":4},"end":{"line":42,"column":null}},{"start":{"line":40,"column":9},"end":{"line":42,"column":null}}]},"1":{"loc":{"start":{"line":40,"column":9},"end":{"line":42,"column":null}},"type":"if","locations":[{"start":{"line":40,"column":9},"end":{"line":42,"column":null}}]}},"s":{"0":1,"1":1,"2":0,"3":0,"4":0,"5":0,"6":0,"7":0,"8":0,"9":0,"10":0,"11":0,"12":0,"13":0,"14":0,"15":0,"16":0,"17":0,"18":0,"19":0,"20":0},"f":{"0":0,"1":0},"b":{"0":[0,0],"1":[0]}}
,"/home/kaliuser/Documents/portfolio/commercial_apps/automitive_service_app/a-CarServiceApplication-new/auto_service_mern_crm/Server/Admin/utils/Crypto-lib/Crypto-ts/src/lib/encoder/Latin1.ts": {"path":"/home/kaliuser/Documents/portfolio/commercial_apps/automitive_service_app/a-CarServiceApplication-new/auto_service_mern_crm/Server/Admin/utils/Crypto-lib/Crypto-ts/src/lib/encoder/Latin1.ts","statementMap":{"0":{"start":{"line":2,"column":0},"end":{"line":2,"column":43}},"1":{"start":{"line":4,"column":13},"end":{"line":44,"column":null}},"2":{"start":{"line":14,"column":17},"end":{"line":14,"column":28}},"3":{"start":{"line":15,"column":18},"end":{"line":15,"column":25}},"4":{"start":{"line":16,"column":34},"end":{"line":16,"column":36}},"5":{"start":{"line":18,"column":4},"end":{"line":21,"column":null}},"6":{"start":{"line":18,"column":14},"end":{"line":18,"column":15}},"7":{"start":{"line":19,"column":19},"end":{"line":19,"column":65}},"8":{"start":{"line":20,"column":6},"end":{"line":20,"column":50}},"9":{"start":{"line":23,"column":4},"end":{"line":23,"column":32}},"10":{"start":{"line":35,"column":16},"end":{"line":35,"column":32}},"11":{"start":{"line":36,"column":28},"end":{"line":36,"column":30}},"12":{"start":{"line":38,"column":4},"end":{"line":40,"column":null}},"13":{"start":{"line":38,"column":14},"end":{"line":38,"column":15}},"14":{"start":{"line":39,"column":6},"end":{"line":39,"column":79}},"15":{"start":{"line":42,"column":4},"end":{"line":42,"column":39}}},"fnMap":{"0":{"name":"(anonymous_0)","decl":{"start":{"line":13,"column":2},"end":{"line":13,"column":11}},"loc":{"start":{"line":13,"column":26},"end":{"line":24,"column":3}}},"1":{"name":"(anonymous_1)","decl":{"start":{"line":34,"column":2},"end":{"line":34,"column":7}},"loc":{"start":{"line":34,"column":25},"end":{"line":43,"column":3}}}},"branchMap":{},"s":{"0":1,"1":1,"2":2,"3":2,"4":2,"5":2,"6":2,"7":74,"8":74,"9":2,"10":12,"11":12,"12":12,"13":12,"14":669,"15":12},"f":{"0":2,"1":12},"b":{}}
,"/home/kaliuser/Documents/portfolio/commercial_apps/automitive_service_app/a-CarServiceApplication-new/auto_service_mern_crm/Server/Admin/utils/Crypto-lib/Crypto-ts/src/lib/encoder/Utf16.ts": {"path":"/home/kaliuser/Documents/portfolio/commercial_apps/automitive_service_app/a-CarServiceApplication-new/auto_service_mern_crm/Server/Admin/utils/Crypto-lib/Crypto-ts/src/lib/encoder/Utf16.ts","statementMap":{"0":{"start":{"line":2,"column":0},"end":{"line":2,"column":43}},"1":{"start":{"line":7,"column":13},"end":{"line":50,"column":null}},"2":{"start":{"line":18,"column":18},"end":{"line":18,"column":25}},"3":{"start":{"line":19,"column":21},"end":{"line":19,"column":32}},"4":{"start":{"line":22,"column":23},"end":{"line":22,"column":25}},"5":{"start":{"line":23,"column":4},"end":{"line":26,"column":null}},"6":{"start":{"line":23,"column":14},"end":{"line":23,"column":15}},"7":{"start":{"line":24,"column":24},"end":{"line":24,"column":72}},"8":{"start":{"line":25,"column":6},"end":{"line":25,"column":54}},"9":{"start":{"line":28,"column":4},"end":{"line":28,"column":31}},"10":{"start":{"line":40,"column":27},"end":{"line":40,"column":42}},"11":{"start":{"line":43,"column":28},"end":{"line":43,"column":30}},"12":{"start":{"line":44,"column":4},"end":{"line":46,"column":null}},"13":{"start":{"line":44,"column":17},"end":{"line":44,"column":18}},"14":{"start":{"line":45,"column":6},"end":{"line":45,"column":70}},"15":{"start":{"line":48,"column":4},"end":{"line":48,"column":54}},"16":{"start":{"line":53,"column":2},"end":{"line":53,"column":66}},"17":{"start":{"line":59,"column":13},"end":{"line":102,"column":null}},"18":{"start":{"line":70,"column":18},"end":{"line":70,"column":25}},"19":{"start":{"line":71,"column":21},"end":{"line":71,"column":32}},"20":{"start":{"line":74,"column":33},"end":{"line":74,"column":35}},"21":{"start":{"line":75,"column":4},"end":{"line":78,"column":null}},"22":{"start":{"line":75,"column":14},"end":{"line":75,"column":15}},"23":{"start":{"line":76,"column":24},"end":{"line":76,"column":84}},"24":{"start":{"line":77,"column":6},"end":{"line":77,"column":54}},"25":{"start":{"line":80,"column":4},"end":{"line":80,"column":31}},"26":{"start":{"line":92,"column":27},"end":{"line":92,"column":42}},"27":{"start":{"line":95,"column":28},"end":{"line":95,"column":30}},"28":{"start":{"line":96,"column":4},"end":{"line":98,"column":null}},"29":{"start":{"line":96,"column":14},"end":{"line":96,"column":15}},"30":{"start":{"line":97,"column":6},"end":{"line":97,"column":82}},"31":{"start":{"line":100,"column":4},"end":{"line":100,"column":54}},"32":{"start":{"line":104,"column":13},"end":{"line":104,"column":29}}},"fnMap":{"0":{"name":"(anonymous_0)","decl":{"start":{"line":16,"column":2},"end":{"line":16,"column":11}},"loc":{"start":{"line":16,"column":26},"end":{"line":29,"column":3}}},"1":{"name":"(anonymous_1)","decl":{"start":{"line":38,"column":2},"end":{"line":38,"column":7}},"loc":{"start":{"line":38,"column":24},"end":{"line":49,"column":3}}},"2":{"name":"swapEndian","decl":{"start":{"line":52,"column":9},"end":{"line":52,"column":19}},"loc":{"start":{"line":52,"column":32},"end":{"line":54,"column":1}}},"3":{"name":"(anonymous_3)","decl":{"start":{"line":68,"column":2},"end":{"line":68,"column":11}},"loc":{"start":{"line":68,"column":26},"end":{"line":81,"column":3}}},"4":{"name":"(anonymous_4)","decl":{"start":{"line":90,"column":2},"end":{"line":90,"column":7}},"loc":{"start":{"line":90,"column":24},"end":{"line":101,"column":3}}}},"branchMap":{},"s":{"0":1,"1":1,"2":0,"3":0,"4":0,"5":0,"6":0,"7":0,"8":0,"9":0,"10":0,"11":0,"12":0,"13":0,"14":0,"15":0,"16":0,"17":1,"18":0,"19":0,"20":0,"21":0,"22":0,"23":0,"24":0,"25":0,"26":0,"27":0,"28":0,"29":0,"30":0,"31":0,"32":1},"f":{"0":0,"1":0,"2":0,"3":0,"4":0},"b":{}}
,"/home/kaliuser/Documents/portfolio/commercial_apps/automitive_service_app/a-CarServiceApplication-new/auto_service_mern_crm/Server/Admin/utils/Crypto-lib/Crypto-ts/src/lib/encoder/Utf8.ts": {"path":"/home/kaliuser/Documents/portfolio/commercial_apps/automitive_service_app/a-CarServiceApplication-new/auto_service_mern_crm/Server/Admin/utils/Crypto-lib/Crypto-ts/src/lib/encoder/Utf8.ts","statementMap":{"0":{"start":{"line":2,"column":0},"end":{"line":2,"column":32}},"1":{"start":{"line":5,"column":13},"end":{"line":34,"column":null}},"2":{"start":{"line":15,"column":4},"end":{"line":20,"column":null}},"3":{"start":{"line":16,"column":6},"end":{"line":16,"column":61}},"4":{"start":{"line":19,"column":6},"end":{"line":19,"column":46}},"5":{"start":{"line":32,"column":4},"end":{"line":32,"column":63}}},"fnMap":{"0":{"name":"(anonymous_0)","decl":{"start":{"line":14,"column":2},"end":{"line":14,"column":11}},"loc":{"start":{"line":14,"column":26},"end":{"line":21,"column":3}}},"1":{"name":"(anonymous_1)","decl":{"start":{"line":31,"column":2},"end":{"line":31,"column":7}},"loc":{"start":{"line":31,"column":23},"end":{"line":33,"column":3}}}},"branchMap":{},"s":{"0":1,"1":1,"2":2,"3":2,"4":0,"5":12},"f":{"0":2,"1":12},"b":{}}
,"/home/kaliuser/Documents/portfolio/commercial_apps/automitive_service_app/a-CarServiceApplication-new/auto_service_mern_crm/Server/Admin/utils/Crypto-lib/Crypto-ts/src/mode/CBC.ts": {"path":"/home/kaliuser/Documents/portfolio/commercial_apps/automitive_service_app/a-CarServiceApplication-new/auto_service_mern_crm/Server/Admin/utils/Crypto-lib/Crypto-ts/src/mode/CBC.ts","statementMap":{"0":{"start":{"line":1,"column":0},"end":{"line":1,"column":8}},"1":{"start":{"line":1,"column":8},"end":{"line":1,"column":53}}},"fnMap":{"0":{"name":"(anonymous_0)","decl":{"start":{"line":1,"column":8},"end":{"line":1,"column":11}},"loc":{"start":{"line":1,"column":8},"end":{"line":1,"column":53}}}},"branchMap":{},"s":{"0":1,"1":2},"f":{"0":1},"b":{}}
,"/home/kaliuser/Documents/portfolio/commercial_apps/automitive_service_app/a-CarServiceApplication-new/auto_service_mern_crm/Server/Admin/utils/Crypto-lib/Crypto-ts/src/mode/CCM.ts": {"path":"/home/kaliuser/Documents/portfolio/commercial_apps/automitive_service_app/a-CarServiceApplication-new/auto_service_mern_crm/Server/Admin/utils/Crypto-lib/Crypto-ts/src/mode/CCM.ts","statementMap":{"0":{"start":{"line":1,"column":0},"end":{"line":1,"column":8}},"1":{"start":{"line":1,"column":8},"end":{"line":1,"column":53}}},"fnMap":{"0":{"name":"(anonymous_0)","decl":{"start":{"line":1,"column":8},"end":{"line":1,"column":11}},"loc":{"start":{"line":1,"column":8},"end":{"line":1,"column":53}}}},"branchMap":{},"s":{"0":1,"1":2},"f":{"0":1},"b":{}}
,"/home/kaliuser/Documents/portfolio/commercial_apps/automitive_service_app/a-CarServiceApplication-new/auto_service_mern_crm/Server/Admin/utils/Crypto-lib/Crypto-ts/src/mode/CFB.ts": {"path":"/home/kaliuser/Documents/portfolio/commercial_apps/automitive_service_app/a-CarServiceApplication-new/auto_service_mern_crm/Server/Admin/utils/Crypto-lib/Crypto-ts/src/mode/CFB.ts","statementMap":{"0":{"start":{"line":1,"column":0},"end":{"line":1,"column":8}},"1":{"start":{"line":1,"column":8},"end":{"line":1,"column":53}}},"fnMap":{"0":{"name":"(anonymous_0)","decl":{"start":{"line":1,"column":8},"end":{"line":1,"column":11}},"loc":{"start":{"line":1,"column":8},"end":{"line":1,"column":53}}}},"branchMap":{},"s":{"0":1,"1":2},"f":{"0":1},"b":{}}
,"/home/kaliuser/Documents/portfolio/commercial_apps/automitive_service_app/a-CarServiceApplication-new/auto_service_mern_crm/Server/Admin/utils/Crypto-lib/Crypto-ts/src/mode/CTR.ts": {"path":"/home/kaliuser/Documents/portfolio/commercial_apps/automitive_service_app/a-CarServiceApplication-new/auto_service_mern_crm/Server/Admin/utils/Crypto-lib/Crypto-ts/src/mode/CTR.ts","statementMap":{"0":{"start":{"line":1,"column":0},"end":{"line":1,"column":8}},"1":{"start":{"line":1,"column":8},"end":{"line":1,"column":53}}},"fnMap":{"0":{"name":"(anonymous_0)","decl":{"start":{"line":1,"column":8},"end":{"line":1,"column":11}},"loc":{"start":{"line":1,"column":8},"end":{"line":1,"column":53}}}},"branchMap":{},"s":{"0":1,"1":2},"f":{"0":1},"b":{}}
,"/home/kaliuser/Documents/portfolio/commercial_apps/automitive_service_app/a-CarServiceApplication-new/auto_service_mern_crm/Server/Admin/utils/Crypto-lib/Crypto-ts/src/mode/ECB.ts": {"path":"/home/kaliuser/Documents/portfolio/commercial_apps/automitive_service_app/a-CarServiceApplication-new/auto_service_mern_crm/Server/Admin/utils/Crypto-lib/Crypto-ts/src/mode/ECB.ts","statementMap":{"0":{"start":{"line":1,"column":0},"end":{"line":1,"column":8}},"1":{"start":{"line":1,"column":8},"end":{"line":1,"column":53}}},"fnMap":{"0":{"name":"(anonymous_0)","decl":{"start":{"line":1,"column":8},"end":{"line":1,"column":11}},"loc":{"start":{"line":1,"column":8},"end":{"line":1,"column":53}}}},"branchMap":{},"s":{"0":1,"1":2},"f":{"0":1},"b":{}}
,"/home/kaliuser/Documents/portfolio/commercial_apps/automitive_service_app/a-CarServiceApplication-new/auto_service_mern_crm/Server/Admin/utils/Crypto-lib/Crypto-ts/src/mode/GCM.ts": {"path":"/home/kaliuser/Documents/portfolio/commercial_apps/automitive_service_app/a-CarServiceApplication-new/auto_service_mern_crm/Server/Admin/utils/Crypto-lib/Crypto-ts/src/mode/GCM.ts","statementMap":{"0":{"start":{"line":1,"column":0},"end":{"line":1,"column":8}},"1":{"start":{"line":1,"column":8},"end":{"line":1,"column":53}}},"fnMap":{"0":{"name":"(anonymous_0)","decl":{"start":{"line":1,"column":8},"end":{"line":1,"column":11}},"loc":{"start":{"line":1,"column":8},"end":{"line":1,"column":53}}}},"branchMap":{},"s":{"0":1,"1":2},"f":{"0":1},"b":{}}
,"/home/kaliuser/Documents/portfolio/commercial_apps/automitive_service_app/a-CarServiceApplication-new/auto_service_mern_crm/Server/Admin/utils/Crypto-lib/Crypto-ts/src/mode/OFB.ts": {"path":"/home/kaliuser/Documents/portfolio/commercial_apps/automitive_service_app/a-CarServiceApplication-new/auto_service_mern_crm/Server/Admin/utils/Crypto-lib/Crypto-ts/src/mode/OFB.ts","statementMap":{"0":{"start":{"line":1,"column":0},"end":{"line":1,"column":8}},"1":{"start":{"line":1,"column":8},"end":{"line":1,"column":53}}},"fnMap":{"0":{"name":"(anonymous_0)","decl":{"start":{"line":1,"column":8},"end":{"line":1,"column":11}},"loc":{"start":{"line":1,"column":8},"end":{"line":1,"column":53}}}},"branchMap":{},"s":{"0":1,"1":2},"f":{"0":1},"b":{}}
,"/home/kaliuser/Documents/portfolio/commercial_apps/automitive_service_app/a-CarServiceApplication-new/auto_service_mern_crm/Server/Admin/utils/Crypto-lib/Crypto-ts/src/pad/AnsiX923.ts": {"path":"/home/kaliuser/Documents/portfolio/commercial_apps/automitive_service_app/a-CarServiceApplication-new/auto_service_mern_crm/Server/Admin/utils/Crypto-lib/Crypto-ts/src/pad/AnsiX923.ts","statementMap":{"0":{"start":{"line":1,"column":0},"end":{"line":1,"column":8}},"1":{"start":{"line":1,"column":8},"end":{"line":1,"column":62}}},"fnMap":{"0":{"name":"(anonymous_0)","decl":{"start":{"line":1,"column":8},"end":{"line":1,"column":16}},"loc":{"start":{"line":1,"column":8},"end":{"line":1,"column":62}}}},"branchMap":{},"s":{"0":1,"1":2},"f":{"0":1},"b":{}}
,"/home/kaliuser/Documents/portfolio/commercial_apps/automitive_service_app/a-CarServiceApplication-new/auto_service_mern_crm/Server/Admin/utils/Crypto-lib/Crypto-ts/src/pad/ISO10126.ts": {"path":"/home/kaliuser/Documents/portfolio/commercial_apps/automitive_service_app/a-CarServiceApplication-new/auto_service_mern_crm/Server/Admin/utils/Crypto-lib/Crypto-ts/src/pad/ISO10126.ts","statementMap":{"0":{"start":{"line":1,"column":0},"end":{"line":1,"column":8}},"1":{"start":{"line":1,"column":8},"end":{"line":1,"column":62}}},"fnMap":{"0":{"name":"(anonymous_0)","decl":{"start":{"line":1,"column":8},"end":{"line":1,"column":16}},"loc":{"start":{"line":1,"column":8},"end":{"line":1,"column":62}}}},"branchMap":{},"s":{"0":1,"1":2},"f":{"0":1},"b":{}}
,"/home/kaliuser/Documents/portfolio/commercial_apps/automitive_service_app/a-CarServiceApplication-new/auto_service_mern_crm/Server/Admin/utils/Crypto-lib/Crypto-ts/src/pad/ISO97971.ts": {"path":"/home/kaliuser/Documents/portfolio/commercial_apps/automitive_service_app/a-CarServiceApplication-new/auto_service_mern_crm/Server/Admin/utils/Crypto-lib/Crypto-ts/src/pad/ISO97971.ts","statementMap":{"0":{"start":{"line":1,"column":0},"end":{"line":1,"column":8}},"1":{"start":{"line":1,"column":8},"end":{"line":1,"column":62}}},"fnMap":{"0":{"name":"(anonymous_0)","decl":{"start":{"line":1,"column":8},"end":{"line":1,"column":16}},"loc":{"start":{"line":1,"column":8},"end":{"line":1,"column":62}}}},"branchMap":{},"s":{"0":1,"1":2},"f":{"0":1},"b":{}}
,"/home/kaliuser/Documents/portfolio/commercial_apps/automitive_service_app/a-CarServiceApplication-new/auto_service_mern_crm/Server/Admin/utils/Crypto-lib/Crypto-ts/src/pad/NoPadding.ts": {"path":"/home/kaliuser/Documents/portfolio/commercial_apps/automitive_service_app/a-CarServiceApplication-new/auto_service_mern_crm/Server/Admin/utils/Crypto-lib/Crypto-ts/src/pad/NoPadding.ts","statementMap":{"0":{"start":{"line":1,"column":0},"end":{"line":1,"column":8}},"1":{"start":{"line":1,"column":8},"end":{"line":1,"column":64}}},"fnMap":{"0":{"name":"(anonymous_0)","decl":{"start":{"line":1,"column":8},"end":{"line":1,"column":17}},"loc":{"start":{"line":1,"column":8},"end":{"line":1,"column":64}}}},"branchMap":{},"s":{"0":1,"1":2},"f":{"0":1},"b":{}}
,"/home/kaliuser/Documents/portfolio/commercial_apps/automitive_service_app/a-CarServiceApplication-new/auto_service_mern_crm/Server/Admin/utils/Crypto-lib/Crypto-ts/src/pad/Pkcs7.ts": {"path":"/home/kaliuser/Documents/portfolio/commercial_apps/automitive_service_app/a-CarServiceApplication-new/auto_service_mern_crm/Server/Admin/utils/Crypto-lib/Crypto-ts/src/pad/Pkcs7.ts","statementMap":{"0":{"start":{"line":1,"column":0},"end":{"line":1,"column":8}},"1":{"start":{"line":1,"column":8},"end":{"line":1,"column":56}}},"fnMap":{"0":{"name":"(anonymous_0)","decl":{"start":{"line":1,"column":8},"end":{"line":1,"column":13}},"loc":{"start":{"line":1,"column":8},"end":{"line":1,"column":56}}}},"branchMap":{},"s":{"0":1,"1":2},"f":{"0":1},"b":{}}
,"/home/kaliuser/Documents/portfolio/commercial_apps/automitive_service_app/a-CarServiceApplication-new/auto_service_mern_crm/Server/Admin/utils/Crypto-lib/Crypto-ts/src/pad/Zero.ts": {"path":"/home/kaliuser/Documents/portfolio/commercial_apps/automitive_service_app/a-CarServiceApplication-new/auto_service_mern_crm/Server/Admin/utils/Crypto-lib/Crypto-ts/src/pad/Zero.ts","statementMap":{"0":{"start":{"line":1,"column":0},"end":{"line":1,"column":8}},"1":{"start":{"line":1,"column":8},"end":{"line":1,"column":54}}},"fnMap":{"0":{"name":"(anonymous_0)","decl":{"start":{"line":1,"column":8},"end":{"line":1,"column":12}},"loc":{"start":{"line":1,"column":8},"end":{"line":1,"column":54}}}},"branchMap":{},"s":{"0":1,"1":2},"f":{"0":1},"b":{}}
}
