TN:
SF:services/authServices.ts
FNF:0
FNH:0
DA:7,1
DA:8,1
DA:10,1
DA:13,1
DA:16,1
DA:19,1
LF:6
LH:6
BRF:0
BRH:0
end_of_record
TN:
SF:services/autoWashServices.ts
FNF:0
FNH:0
DA:7,1
DA:9,1
DA:10,1
DA:12,1
DA:21,1
DA:24,1
DA:27,1
DA:30,1
DA:33,1
DA:36,1
LF:10
LH:10
BRF:0
BRH:0
end_of_record
TN:
SF:services/managerServices.ts
FNF:0
FNH:0
DA:7,1
DA:9,1
DA:10,1
DA:12,1
DA:18,1
DA:21,1
DA:24,1
LF:7
LH:7
BRF:0
BRH:0
end_of_record
TN:
SF:services/orderServices.ts
FNF:0
FNH:0
DA:7,1
DA:9,1
DA:10,1
DA:12,1
DA:18,1
DA:21,1
DA:24,1
LF:7
LH:7
BRF:0
BRH:0
end_of_record
TN:
SF:utils/jwtUtil.ts
FN:7,(anonymous_6)
FN:51,(anonymous_7)
FN:116,urlSafeBase64Encode
FN:123,urlSafeBase64Decode
FNF:4
FNH:4
FNDA:3,(anonymous_6)
FNDA:3,(anonymous_7)
FNDA:5,urlSafeBase64Encode
FNDA:2,urlSafeBase64Decode
DA:1,1
DA:2,1
DA:4,1
DA:5,1
DA:7,1
DA:9,3
DA:28,3
DA:32,3
DA:40,3
DA:41,3
DA:44,3
DA:45,3
DA:47,3
DA:51,1
DA:52,3
DA:54,3
DA:55,1
DA:88,2
DA:90,2
DA:91,0
DA:94,2
DA:95,2
DA:97,2
DA:98,0
DA:105,2
DA:106,2
DA:108,2
DA:109,1
DA:112,1
DA:118,5
DA:120,5
DA:125,2
DA:126,2
DA:127,0
DA:130,2
DA:132,2
LF:36
LH:33
BRDA:54,0,0,1
BRDA:90,1,0,0
BRDA:90,2,0,2
BRDA:90,2,1,2
BRDA:90,2,2,2
BRDA:97,3,0,0
BRDA:108,4,0,1
BRDA:108,5,0,2
BRDA:108,5,1,2
BRDA:126,6,0,0
BRF:10
BRH:7
end_of_record
TN:
SF:utils/Crypto-lib/Crypto-ts/src/AES.ts
FN:26,computeLookupTables
FN:99,(anonymous_1)
FN:109,(anonymous_2)
FN:185,(anonymous_3)
FN:194,(anonymous_4)
FN:219,(anonymous_5)
FN:286,(anonymous_6)
FN:300,(anonymous_7)
FN:314,(anonymous_8)
FN:334,(anonymous_9)
FNF:10
FNH:1
FNDA:1,computeLookupTables
FNDA:0,(anonymous_1)
FNDA:0,(anonymous_2)
FNDA:0,(anonymous_3)
FNDA:0,(anonymous_4)
FNDA:0,(anonymous_5)
FNDA:0,(anonymous_6)
FNDA:0,(anonymous_7)
FNDA:0,(anonymous_8)
FNDA:0,(anonymous_9)
DA:7,1
DA:9,1
DA:10,1
DA:11,1
DA:15,1
DA:16,1
DA:17,1
DA:18,1
DA:19,1
DA:20,1
DA:21,1
DA:22,1
DA:23,1
DA:24,1
DA:26,1
DA:28,1
DA:29,1
DA:31,256
DA:32,128
DA:34,128
DA:39,1
DA:40,1
DA:41,1
DA:44,256
DA:45,256
DA:46,256
DA:47,256
DA:50,256
DA:51,256
DA:52,256
DA:55,256
DA:56,256
DA:57,256
DA:58,256
DA:59,256
DA:62,256
DA:63,256
DA:64,256
DA:65,256
DA:66,256
DA:69,256
DA:70,1
DA:72,255
DA:73,255
DA:79,1
DA:87,1
DA:88,1
DA:90,0
DA:92,0
DA:93,0
DA:100,0
DA:101,0
DA:103,0
DA:113,0
DA:114,0
DA:118,0
DA:119,0
DA:120,0
DA:123,0
DA:126,0
DA:129,0
DA:130,0
DA:132,0
DA:133,0
DA:136,0
DA:138,0
DA:140,0
DA:143,0
DA:146,0
DA:148,0
DA:150,0
DA:153,0
DA:158,0
DA:159,0
DA:161,0
DA:163,0
DA:164,0
DA:167,0
DA:170,0
DA:171,0
DA:174,0
DA:186,0
DA:196,0
DA:197,0
DA:198,0
DA:200,0
DA:203,0
DA:204,0
DA:205,0
DA:230,0
DA:233,0
DA:234,0
DA:235,0
DA:236,0
DA:239,0
DA:242,0
DA:245,0
DA:247,0
DA:249,0
DA:251,0
DA:255,0
DA:256,0
DA:257,0
DA:258,0
DA:262,0
DA:264,0
DA:266,0
DA:268,0
DA:272,0
DA:273,0
DA:274,0
DA:275,0
DA:287,0
DA:288,0
DA:301,0
DA:302,0
DA:315,0
DA:316,0
DA:319,0
DA:320,0
DA:322,0
DA:335,0
DA:336,0
DA:339,0
DA:340,0
DA:342,0
LF:126
LH:47
BRDA:31,0,0,128
BRDA:31,0,1,128
BRDA:69,1,0,1
BRDA:69,1,1,255
BRDA:113,2,0,0
BRDA:113,3,0,0
BRDA:113,3,1,0
BRDA:132,4,0,0
BRDA:132,4,1,0
BRDA:138,5,0,0
BRDA:138,5,1,0
BRDA:148,6,0,0
BRDA:148,7,0,0
BRDA:148,7,1,0
BRDA:163,8,0,0
BRDA:163,8,1,0
BRDA:170,9,0,0
BRDA:170,9,1,0
BRDA:170,10,0,0
BRDA:170,10,1,0
BRDA:287,11,0,0
BRDA:287,11,1,0
BRDA:301,12,0,0
BRDA:301,12,1,0
BRDA:315,13,0,0
BRDA:319,14,0,0
BRDA:335,15,0,0
BRDA:339,16,0,0
BRF:28
BRH:4
end_of_record
TN:
SF:utils/Crypto-lib/Crypto-ts/src/CBCMAC.ts
FN:27,CBCMAC
FNF:1
FNH:0
FNDA:0,CBCMAC
DA:1,1
DA:2,1
DA:3,1
DA:4,1
DA:27,1
DA:36,0
DA:38,0
DA:40,0
DA:42,0
DA:44,0
DA:46,0
DA:49,0
LF:12
LH:5
BRDA:36,0,0,0
BRDA:36,0,1,0
BRDA:36,1,0,0
BRDA:36,1,1,0
BRDA:38,2,0,0
BRDA:38,2,1,0
BRDA:40,3,0,0
BRDA:40,3,1,0
BRDA:42,4,0,0
BRDA:42,4,1,0
BRDA:44,5,0,0
BRDA:44,5,1,0
BRDA:46,6,0,0
BRDA:46,6,1,0
BRF:14
BRH:0
end_of_record
TN:
SF:utils/Crypto-lib/Crypto-ts/src/DES.ts
FN:585,(anonymous_0)
FN:592,(anonymous_1)
FN:639,(anonymous_2)
FN:643,(anonymous_3)
FN:647,(anonymous_4)
FN:693,(anonymous_5)
FN:699,(anonymous_6)
FN:714,(anonymous_7)
FN:728,(anonymous_8)
FN:742,(anonymous_9)
FN:758,(anonymous_10)
FNF:11
FNH:0
FNDA:0,(anonymous_0)
FNDA:0,(anonymous_1)
FNDA:0,(anonymous_2)
FNDA:0,(anonymous_3)
FNDA:0,(anonymous_4)
FNDA:0,(anonymous_5)
FNDA:0,(anonymous_6)
FNDA:0,(anonymous_7)
FNDA:0,(anonymous_8)
FNDA:0,(anonymous_9)
FNDA:0,(anonymous_10)
DA:2,1
DA:3,1
DA:5,1
DA:6,1
DA:9,1
DA:20,1
DA:32,1
DA:35,1
DA:567,1
DA:574,1
DA:575,1
DA:576,1
DA:577,0
DA:580,0
DA:581,0
DA:582,0
DA:583,0
DA:586,0
DA:587,0
DA:589,0
DA:594,0
DA:595,0
DA:598,0
DA:599,0
DA:600,0
DA:601,0
DA:605,0
DA:606,0
DA:608,0
DA:611,0
DA:614,0
DA:616,0
DA:619,0
DA:625,0
DA:626,0
DA:627,0
DA:629,0
DA:633,0
DA:634,0
DA:635,0
DA:640,0
DA:644,0
DA:649,0
DA:650,0
DA:653,0
DA:654,0
DA:655,0
DA:656,0
DA:657,0
DA:660,0
DA:662,0
DA:663,0
DA:664,0
DA:667,0
DA:668,0
DA:669,0
DA:670,0
DA:672,0
DA:673,0
DA:677,0
DA:678,0
DA:679,0
DA:682,0
DA:683,0
DA:684,0
DA:685,0
DA:686,0
DA:689,0
DA:690,0
DA:694,0
DA:695,0
DA:696,0
DA:700,0
DA:701,0
DA:702,0
DA:715,0
DA:716,0
DA:729,0
DA:730,0
DA:743,0
DA:744,0
DA:746,0
DA:759,0
DA:760,0
DA:762,0
LF:85
LH:12
BRDA:715,0,0,0
BRDA:715,0,1,0
BRDA:729,1,0,0
BRDA:729,1,1,0
BRDA:743,2,0,0
BRDA:759,3,0,0
BRF:6
BRH:0
end_of_record
TN:
SF:utils/Crypto-lib/Crypto-ts/src/DES3.ts
FN:19,(anonymous_0)
FN:31,(anonymous_1)
FN:52,(anonymous_2)
FN:60,(anonymous_3)
FN:66,(anonymous_4)
FN:81,(anonymous_5)
FN:95,(anonymous_6)
FN:109,(anonymous_7)
FN:125,(anonymous_8)
FNF:9
FNH:0
FNDA:0,(anonymous_0)
FNDA:0,(anonymous_1)
FNDA:0,(anonymous_2)
FNDA:0,(anonymous_3)
FNDA:0,(anonymous_4)
FNDA:0,(anonymous_5)
FNDA:0,(anonymous_6)
FNDA:0,(anonymous_7)
FNDA:0,(anonymous_8)
DA:1,1
DA:2,1
DA:3,1
DA:4,1
DA:5,1
DA:6,1
DA:11,1
DA:12,1
DA:13,1
DA:14,0
DA:20,0
DA:21,0
DA:23,0
DA:26,0
DA:27,0
DA:28,0
DA:33,0
DA:34,0
DA:36,0
DA:37,0
DA:41,0
DA:42,0
DA:43,0
DA:46,0
DA:47,0
DA:48,0
DA:49,0
DA:53,0
DA:55,0
DA:56,0
DA:57,0
DA:61,0
DA:62,0
DA:63,0
DA:67,0
DA:68,0
DA:69,0
DA:82,0
DA:83,0
DA:96,0
DA:97,0
DA:110,0
DA:111,0
DA:113,0
DA:126,0
DA:127,0
DA:129,0
LF:47
LH:9
BRDA:36,0,0,0
BRDA:36,1,0,0
BRDA:36,1,1,0
BRDA:36,1,2,0
BRDA:42,2,0,0
BRDA:42,2,1,0
BRDA:43,3,0,0
BRDA:43,3,1,0
BRDA:82,4,0,0
BRDA:82,4,1,0
BRDA:96,5,0,0
BRDA:96,5,1,0
BRDA:110,6,0,0
BRDA:126,7,0,0
BRF:14
BRH:0
end_of_record
TN:
SF:utils/Crypto-lib/Crypto-ts/src/GMAC.ts
FN:60,GMAC
FNF:1
FNH:0
FNDA:0,GMAC
DA:50,1
DA:51,1
DA:52,1
DA:53,1
DA:60,1
DA:67,0
DA:68,0
DA:69,0
DA:70,0
DA:71,0
DA:73,0
LF:11
LH:5
BRDA:67,0,0,0
BRDA:67,0,1,0
BRDA:68,1,0,0
BRDA:68,1,1,0
BRDA:69,2,0,0
BRDA:69,2,1,0
BRDA:69,3,0,0
BRDA:69,3,1,0
BRDA:70,4,0,0
BRDA:70,4,1,0
BRDA:71,5,0,0
BRDA:71,5,1,0
BRF:12
BRH:0
end_of_record
TN:
SF:utils/Crypto-lib/Crypto-ts/src/Hmac.ts
FN:10,(anonymous_0)
FN:52,(anonymous_1)
FN:66,(anonymous_2)
FN:82,(anonymous_3)
FNF:4
FNH:3
FNDA:5,(anonymous_0)
FNDA:5,(anonymous_1)
FNDA:0,(anonymous_2)
FNDA:5,(anonymous_3)
DA:1,1
DA:5,1
DA:11,5
DA:14,5
DA:15,0
DA:18,5
DA:19,5
DA:22,5
DA:23,0
DA:27,5
DA:29,5
DA:30,5
DA:32,5
DA:33,5
DA:35,5
DA:36,80
DA:37,80
DA:39,5
DA:40,5
DA:43,5
DA:53,5
DA:54,5
DA:67,0
DA:68,0
DA:83,5
DA:84,5
DA:85,5
LF:27
LH:23
BRDA:14,0,0,0
BRDA:22,1,0,0
BRF:2
BRH:0
end_of_record
TN:
SF:utils/Crypto-lib/Crypto-ts/src/HmacMD5.ts
FN:43,HmacMD5
FNF:1
FNH:0
FNDA:0,HmacMD5
DA:39,1
DA:40,1
DA:43,1
DA:44,0
LF:4
LH:3
BRF:0
BRH:0
end_of_record
TN:
SF:utils/Crypto-lib/Crypto-ts/src/HmacSHA1.ts
FN:46,HmacSHA1
FNF:1
FNH:0
FNDA:0,HmacSHA1
DA:42,1
DA:43,1
DA:46,1
DA:47,0
LF:4
LH:3
BRF:0
BRH:0
end_of_record
TN:
SF:utils/Crypto-lib/Crypto-ts/src/HmacSHA224.ts
FN:51,HmacSHA224
FNF:1
FNH:0
FNDA:0,HmacSHA224
DA:47,1
DA:48,1
DA:51,1
DA:52,0
LF:4
LH:3
BRF:0
BRH:0
end_of_record
TN:
SF:utils/Crypto-lib/Crypto-ts/src/HmacSHA256.ts
FN:51,HmacSHA256
FNF:1
FNH:1
FNDA:5,HmacSHA256
DA:47,1
DA:48,1
DA:51,1
DA:52,5
LF:4
LH:4
BRF:0
BRH:0
end_of_record
TN:
SF:utils/Crypto-lib/Crypto-ts/src/HmacSHA384.ts
FN:51,HmacSHA384
FNF:1
FNH:0
FNDA:0,HmacSHA384
DA:47,1
DA:48,1
DA:51,1
DA:52,0
LF:4
LH:3
BRF:0
BRH:0
end_of_record
TN:
SF:utils/Crypto-lib/Crypto-ts/src/HmacSHA512.ts
FN:45,HmacSHA512
FNF:1
FNH:0
FNDA:0,HmacSHA512
DA:41,1
DA:42,1
DA:45,1
DA:46,0
LF:4
LH:3
BRF:0
BRH:0
end_of_record
TN:
SF:utils/Crypto-lib/Crypto-ts/src/MD5.ts
FN:11,computeConstant
FN:17,FF
FN:22,GG
FN:27,HH
FN:32,II
FN:46,(anonymous_5)
FN:53,(anonymous_6)
FN:60,(anonymous_7)
FN:175,(anonymous_8)
FN:218,(anonymous_9)
FN:223,(anonymous_10)
FNF:11
FNH:1
FNDA:1,computeConstant
FNDA:0,FF
FNDA:0,GG
FNDA:0,HH
FNDA:0,II
FNDA:0,(anonymous_5)
FNDA:0,(anonymous_6)
FNDA:0,(anonymous_7)
FNDA:0,(anonymous_8)
FNDA:0,(anonymous_9)
FNDA:0,(anonymous_10)
DA:1,1
DA:2,1
DA:9,1
DA:11,1
DA:12,1
DA:13,64
DA:18,0
DA:19,0
DA:23,0
DA:24,0
DA:28,0
DA:29,0
DA:33,0
DA:34,0
DA:40,1
DA:41,0
DA:47,0
DA:48,0
DA:49,0
DA:54,0
DA:62,0
DA:64,0
DA:65,0
DA:67,0
DA:74,0
DA:76,0
DA:77,0
DA:78,0
DA:79,0
DA:80,0
DA:81,0
DA:82,0
DA:83,0
DA:84,0
DA:85,0
DA:86,0
DA:87,0
DA:88,0
DA:89,0
DA:90,0
DA:91,0
DA:94,0
DA:95,0
DA:96,0
DA:97,0
DA:100,0
DA:101,0
DA:102,0
DA:103,0
DA:104,0
DA:105,0
DA:106,0
DA:107,0
DA:108,0
DA:109,0
DA:110,0
DA:111,0
DA:112,0
DA:113,0
DA:114,0
DA:115,0
DA:117,0
DA:118,0
DA:119,0
DA:120,0
DA:121,0
DA:122,0
DA:123,0
DA:124,0
DA:125,0
DA:126,0
DA:127,0
DA:128,0
DA:129,0
DA:130,0
DA:131,0
DA:132,0
DA:134,0
DA:135,0
DA:136,0
DA:137,0
DA:138,0
DA:139,0
DA:140,0
DA:141,0
DA:142,0
DA:143,0
DA:144,0
DA:145,0
DA:146,0
DA:147,0
DA:148,0
DA:149,0
DA:151,0
DA:152,0
DA:153,0
DA:154,0
DA:155,0
DA:156,0
DA:157,0
DA:158,0
DA:159,0
DA:160,0
DA:161,0
DA:162,0
DA:163,0
DA:164,0
DA:165,0
DA:166,0
DA:169,0
DA:170,0
DA:171,0
DA:172,0
DA:177,0
DA:178,0
DA:180,0
DA:181,0
DA:184,0
DA:186,0
DA:187,0
DA:188,0
DA:192,0
DA:197,0
DA:200,0
DA:203,0
DA:204,0
DA:207,0
DA:209,0
DA:210,0
DA:215,0
DA:219,0
DA:220,0
DA:224,0
LF:133
LH:7
BRDA:48,0,0,0
BRDA:48,1,0,0
BRDA:48,1,1,0
BRF:3
BRH:0
end_of_record
TN:
SF:utils/Crypto-lib/Crypto-ts/src/RC4.ts
FN:19,(anonymous_0)
FN:26,(anonymous_1)
FN:55,(anonymous_2)
FN:59,(anonymous_3)
FN:95,(anonymous_4)
FN:109,(anonymous_5)
FN:123,(anonymous_6)
FN:139,(anonymous_7)
FNF:8
FNH:0
FNDA:0,(anonymous_0)
FNDA:0,(anonymous_1)
FNDA:0,(anonymous_2)
FNDA:0,(anonymous_3)
FNDA:0,(anonymous_4)
FNDA:0,(anonymous_5)
FNDA:0,(anonymous_6)
FNDA:0,(anonymous_7)
DA:3,1
DA:4,1
DA:5,1
DA:11,1
DA:12,1
DA:13,1
DA:15,0
DA:16,0
DA:17,0
DA:20,0
DA:21,0
DA:23,0
DA:28,0
DA:29,0
DA:30,0
DA:33,0
DA:34,0
DA:35,0
DA:39,0
DA:40,0
DA:41,0
DA:43,0
DA:46,0
DA:47,0
DA:48,0
DA:52,0
DA:56,0
DA:61,0
DA:62,0
DA:63,0
DA:66,0
DA:67,0
DA:68,0
DA:69,0
DA:72,0
DA:73,0
DA:74,0
DA:76,0
DA:80,0
DA:81,0
DA:83,0
DA:96,0
DA:97,0
DA:110,0
DA:111,0
DA:124,0
DA:125,0
DA:127,0
DA:140,0
DA:141,0
DA:143,0
LF:51
LH:6
BRDA:96,0,0,0
BRDA:96,0,1,0
BRDA:110,1,0,0
BRDA:110,1,1,0
BRDA:124,2,0,0
BRDA:140,3,0,0
BRF:6
BRH:0
end_of_record
TN:
SF:utils/Crypto-lib/Crypto-ts/src/RC4Drop.ts
FN:15,(anonymous_0)
FN:26,(anonymous_1)
FN:44,(anonymous_2)
FN:58,(anonymous_3)
FN:72,(anonymous_4)
FN:88,(anonymous_5)
FNF:6
FNH:0
FNDA:0,(anonymous_0)
FNDA:0,(anonymous_1)
FNDA:0,(anonymous_2)
FNDA:0,(anonymous_3)
FNDA:0,(anonymous_4)
FNDA:0,(anonymous_5)
DA:3,1
DA:4,1
DA:6,1
DA:12,1
DA:13,0
DA:16,0
DA:17,0
DA:19,0
DA:20,0
DA:23,0
DA:27,0
DA:30,0
DA:31,0
DA:45,0
DA:46,0
DA:59,0
DA:60,0
DA:73,0
DA:74,0
DA:76,0
DA:89,0
DA:90,0
DA:92,0
LF:23
LH:4
BRDA:19,0,0,0
BRDA:19,1,0,0
BRDA:19,1,1,0
BRDA:45,2,0,0
BRDA:45,2,1,0
BRDA:59,3,0,0
BRDA:59,3,1,0
BRDA:73,4,0,0
BRDA:89,5,0,0
BRF:9
BRH:0
end_of_record
TN:
SF:utils/Crypto-lib/Crypto-ts/src/RIPEMD160.ts
FN:64,f1
FN:69,f2
FN:73,f3
FN:77,f4
FN:81,f5
FN:86,rotl
FN:94,(anonymous_6)
FN:102,(anonymous_7)
FN:106,(anonymous_8)
FN:199,(anonymous_9)
FN:236,(anonymous_10)
FN:241,(anonymous_11)
FNF:12
FNH:0
FNDA:0,f1
FNDA:0,f2
FNDA:0,f3
FNDA:0,f4
FNDA:0,f5
FNDA:0,rotl
FNDA:0,(anonymous_6)
FNDA:0,(anonymous_7)
FNDA:0,(anonymous_8)
FNDA:0,(anonymous_9)
FNDA:0,(anonymous_10)
FNDA:0,(anonymous_11)
DA:21,1
DA:22,1
DA:29,1
DA:37,1
DA:45,1
DA:53,1
DA:61,1
DA:62,1
DA:65,0
DA:70,0
DA:74,0
DA:78,0
DA:82,0
DA:87,0
DA:90,1
DA:92,0
DA:95,0
DA:96,0
DA:97,0
DA:98,0
DA:103,0
DA:108,0
DA:110,0
DA:111,0
DA:114,0
DA:120,0
DA:121,0
DA:122,0
DA:123,0
DA:124,0
DA:125,0
DA:126,0
DA:140,0
DA:141,0
DA:142,0
DA:143,0
DA:144,0
DA:147,0
DA:148,0
DA:149,0
DA:150,0
DA:151,0
DA:152,0
DA:153,0
DA:154,0
DA:155,0
DA:156,0
DA:158,0
DA:160,0
DA:161,0
DA:162,0
DA:163,0
DA:164,0
DA:165,0
DA:166,0
DA:167,0
DA:169,0
DA:170,0
DA:171,0
DA:172,0
DA:173,0
DA:174,0
DA:175,0
DA:176,0
DA:177,0
DA:179,0
DA:181,0
DA:182,0
DA:183,0
DA:184,0
DA:185,0
DA:186,0
DA:187,0
DA:188,0
DA:191,0
DA:192,0
DA:193,0
DA:194,0
DA:195,0
DA:196,0
DA:201,0
DA:202,0
DA:204,0
DA:205,0
DA:208,0
DA:209,0
DA:213,0
DA:216,0
DA:219,0
DA:220,0
DA:223,0
DA:225,0
DA:228,0
DA:233,0
DA:237,0
DA:238,0
DA:242,0
LF:97
LH:9
BRDA:97,0,0,0
BRDA:97,1,0,0
BRDA:97,1,1,0
BRDA:149,2,0,0
BRDA:149,2,1,0
BRDA:151,3,0,0
BRDA:151,3,1,0
BRDA:153,4,0,0
BRDA:153,4,1,0
BRDA:155,5,0,0
BRDA:155,5,1,0
BRDA:170,6,0,0
BRDA:170,6,1,0
BRDA:172,7,0,0
BRDA:172,7,1,0
BRDA:174,8,0,0
BRDA:174,8,1,0
BRDA:176,9,0,0
BRDA:176,9,1,0
BRF:19
BRH:0
end_of_record
TN:
SF:utils/Crypto-lib/Crypto-ts/src/Rabbit.ts
FN:23,(anonymous_0)
FN:30,(anonymous_1)
FN:101,(anonymous_2)
FN:124,(anonymous_3)
FN:182,(anonymous_4)
FN:196,(anonymous_5)
FN:210,(anonymous_6)
FN:226,(anonymous_7)
FNF:8
FNH:0
FNDA:0,(anonymous_0)
FNDA:0,(anonymous_1)
FNDA:0,(anonymous_2)
FNDA:0,(anonymous_3)
FNDA:0,(anonymous_4)
FNDA:0,(anonymous_5)
FNDA:0,(anonymous_6)
FNDA:0,(anonymous_7)
DA:3,1
DA:4,1
DA:5,1
DA:11,1
DA:12,0
DA:13,1
DA:16,0
DA:17,0
DA:18,0
DA:19,0
DA:20,0
DA:21,0
DA:24,0
DA:25,0
DA:27,0
DA:32,0
DA:33,0
DA:36,0
DA:37,0
DA:42,0
DA:50,0
DA:58,0
DA:61,0
DA:62,0
DA:66,0
DA:67,0
DA:71,0
DA:72,0
DA:75,0
DA:76,0
DA:77,0
DA:80,0
DA:81,0
DA:82,0
DA:83,0
DA:86,0
DA:87,0
DA:88,0
DA:89,0
DA:90,0
DA:91,0
DA:92,0
DA:93,0
DA:96,0
DA:97,0
DA:103,0
DA:106,0
DA:109,0
DA:110,0
DA:111,0
DA:112,0
DA:114,0
DA:116,0
DA:120,0
DA:126,0
DA:127,0
DA:130,0
DA:131,0
DA:135,0
DA:136,0
DA:137,0
DA:138,0
DA:139,0
DA:140,0
DA:141,0
DA:142,0
DA:143,0
DA:146,0
DA:147,0
DA:150,0
DA:151,0
DA:154,0
DA:155,0
DA:158,0
DA:161,0
DA:163,0
DA:164,0
DA:165,0
DA:166,0
DA:167,0
DA:168,0
DA:169,0
DA:170,0
DA:183,0
DA:184,0
DA:197,0
DA:198,0
DA:211,0
DA:212,0
DA:214,0
DA:227,0
DA:228,0
DA:230,0
LF:93
LH:5
BRDA:71,0,0,0
BRDA:136,1,0,0
BRDA:136,1,1,0
BRDA:137,2,0,0
BRDA:137,2,1,0
BRDA:138,3,0,0
BRDA:138,3,1,0
BRDA:139,4,0,0
BRDA:139,4,1,0
BRDA:140,5,0,0
BRDA:140,5,1,0
BRDA:141,6,0,0
BRDA:141,6,1,0
BRDA:142,7,0,0
BRDA:142,7,1,0
BRDA:143,8,0,0
BRDA:143,8,1,0
BRDA:183,9,0,0
BRDA:183,9,1,0
BRDA:197,10,0,0
BRDA:197,10,1,0
BRDA:211,11,0,0
BRDA:227,12,0,0
BRF:23
BRH:0
end_of_record
TN:
SF:utils/Crypto-lib/Crypto-ts/src/SHA1.ts
FN:19,(anonymous_0)
FN:27,(anonymous_1)
FN:35,(anonymous_2)
FN:84,(anonymous_3)
FN:104,(anonymous_4)
FN:109,(anonymous_5)
FNF:6
FNH:0
FNDA:0,(anonymous_0)
FNDA:0,(anonymous_1)
FNDA:0,(anonymous_2)
FNDA:0,(anonymous_3)
FNDA:0,(anonymous_4)
FNDA:0,(anonymous_5)
DA:1,1
DA:2,1
DA:9,1
DA:11,1
DA:13,0
DA:20,0
DA:21,0
DA:22,0
DA:23,0
DA:28,0
DA:36,0
DA:39,0
DA:40,0
DA:41,0
DA:42,0
DA:43,0
DA:46,0
DA:47,0
DA:48,0
DA:51,0
DA:52,0
DA:55,0
DA:56,0
DA:57,0
DA:59,0
DA:60,0
DA:62,0
DA:63,0
DA:66,0
DA:69,0
DA:70,0
DA:71,0
DA:72,0
DA:73,0
DA:77,0
DA:78,0
DA:79,0
DA:80,0
DA:81,0
DA:86,0
DA:88,0
DA:89,0
DA:92,0
DA:93,0
DA:94,0
DA:95,0
DA:98,0
DA:101,0
DA:105,0
DA:106,0
DA:110,0
LF:51
LH:4
BRDA:22,0,0,0
BRDA:22,1,0,0
BRDA:22,1,1,0
BRDA:47,2,0,0
BRDA:47,2,1,0
BRDA:56,3,0,0
BRDA:56,3,1,0
BRDA:59,4,0,0
BRDA:59,4,1,0
BRDA:62,5,0,0
BRDA:62,5,1,0
BRF:11
BRH:0
end_of_record
TN:
SF:utils/Crypto-lib/Crypto-ts/src/SHA224.ts
FN:16,(anonymous_0)
FN:24,(anonymous_1)
FN:31,(anonymous_2)
FN:37,(anonymous_3)
FN:42,(anonymous_4)
FNF:5
FNH:0
FNDA:0,(anonymous_0)
FNDA:0,(anonymous_1)
FNDA:0,(anonymous_2)
FNDA:0,(anonymous_3)
FNDA:0,(anonymous_4)
DA:1,1
DA:2,1
DA:9,1
DA:11,0
DA:17,0
DA:18,0
DA:19,0
DA:20,0
DA:25,0
DA:32,0
DA:33,0
DA:34,0
DA:38,0
DA:39,0
DA:43,0
LF:15
LH:3
BRDA:19,0,0,0
BRDA:19,1,0,0
BRDA:19,1,1,0
BRF:3
BRH:0
end_of_record
TN:
SF:utils/Crypto-lib/Crypto-ts/src/SHA256.ts
FN:13,isPrime
FN:23,getFractionalBits
FN:27,computeRoundConstants
FN:49,(anonymous_3)
FN:57,(anonymous_4)
FN:61,(anonymous_5)
FN:121,(anonymous_6)
FN:139,(anonymous_7)
FN:144,(anonymous_8)
FNF:9
FNH:7
FNDA:310,isPrime
FNDA:72,getFractionalBits
FNDA:1,computeRoundConstants
FNDA:5,(anonymous_3)
FNDA:15,(anonymous_4)
FNDA:25,(anonymous_5)
FNDA:10,(anonymous_6)
FNDA:0,(anonymous_7)
FNDA:0,(anonymous_8)
DA:1,1
DA:2,1
DA:9,1
DA:11,1
DA:14,310
DA:15,310
DA:16,1118
DA:17,246
DA:20,64
DA:24,72
DA:27,1
DA:28,1
DA:29,1
DA:30,1
DA:31,310
DA:32,64
DA:33,8
DA:35,64
DA:36,64
DA:38,310
DA:43,1
DA:45,1
DA:47,5
DA:50,5
DA:51,5
DA:52,5
DA:53,0
DA:58,15
DA:62,25
DA:64,25
DA:65,25
DA:66,25
DA:67,25
DA:68,25
DA:69,25
DA:70,25
DA:71,25
DA:73,25
DA:74,1600
DA:75,400
DA:78,1200
DA:79,1200
DA:83,1200
DA:84,1200
DA:88,1200
DA:91,1600
DA:92,1600
DA:94,1600
DA:95,1600
DA:97,1600
DA:98,1600
DA:100,1600
DA:101,1600
DA:102,1600
DA:103,1600
DA:104,1600
DA:105,1600
DA:106,1600
DA:107,1600
DA:111,25
DA:112,25
DA:113,25
DA:114,25
DA:115,25
DA:116,25
DA:117,25
DA:118,25
DA:122,10
DA:123,10
DA:124,10
DA:127,10
DA:128,10
DA:129,10
DA:130,10
DA:133,10
DA:136,10
DA:140,0
DA:141,0
DA:145,0
LF:79
LH:75
BRDA:16,0,0,246
BRDA:31,1,0,64
BRDA:32,2,0,8
BRDA:52,3,0,0
BRDA:52,4,0,5
BRDA:52,4,1,0
BRDA:74,5,0,400
BRDA:74,5,1,1200
BRF:8
BRH:6
end_of_record
TN:
SF:utils/Crypto-lib/Crypto-ts/src/SHA3.ts
FN:16,computeConstants
FN:67,(anonymous_1)
FN:79,(anonymous_2)
FN:91,(anonymous_3)
FN:104,(anonymous_4)
FN:112,(anonymous_5)
FN:228,(anonymous_6)
FN:275,(anonymous_7)
FN:286,(anonymous_8)
FNF:9
FNH:2
FNDA:1,computeConstants
FNDA:1,(anonymous_1)
FNDA:0,(anonymous_2)
FNDA:0,(anonymous_3)
FNDA:0,(anonymous_4)
FNDA:0,(anonymous_5)
FNDA:0,(anonymous_6)
FNDA:0,(anonymous_7)
FNDA:0,(anonymous_8)
DA:2,1
DA:3,1
DA:4,1
DA:11,1
DA:12,1
DA:13,1
DA:16,1
DA:18,1
DA:19,1
DA:20,1
DA:21,24
DA:23,24
DA:24,24
DA:25,24
DA:26,24
DA:30,1
DA:31,5
DA:32,25
DA:37,1
DA:38,1
DA:39,24
DA:40,24
DA:42,24
DA:43,168
DA:44,86
DA:45,86
DA:46,73
DA:48,13
DA:53,168
DA:55,85
DA:57,83
DA:61,24
DA:66,1
DA:67,1
DA:68,1
DA:69,25
DA:73,1
DA:75,0
DA:76,0
DA:77,0
DA:80,0
DA:81,0
DA:83,0
DA:84,0
DA:85,0
DA:86,0
DA:88,0
DA:90,0
DA:91,0
DA:95,0
DA:96,0
DA:97,0
DA:101,0
DA:105,0
DA:106,0
DA:107,0
DA:109,0
DA:114,0
DA:115,0
DA:118,0
DA:120,0
DA:121,0
DA:124,0
DA:128,0
DA:134,0
DA:135,0
DA:139,0
DA:141,0
DA:143,0
DA:144,0
DA:145,0
DA:146,0
DA:147,0
DA:148,0
DA:152,0
DA:153,0
DA:154,0
DA:156,0
DA:158,0
DA:159,0
DA:160,0
DA:161,0
DA:164,0
DA:165,0
DA:166,0
DA:167,0
DA:168,0
DA:169,0
DA:174,0
DA:179,0
DA:180,0
DA:181,0
DA:184,0
DA:185,0
DA:186,0
DA:188,0
DA:189,0
DA:193,0
DA:194,0
DA:195,0
DA:199,0
DA:200,0
DA:201,0
DA:202,0
DA:205,0
DA:206,0
DA:208,0
DA:209,0
DA:210,0
DA:211,0
DA:212,0
DA:215,0
DA:216,0
DA:221,0
DA:222,0
DA:223,0
DA:224,0
DA:230,0
DA:231,0
DA:232,0
DA:233,0
DA:236,0
DA:237,0
DA:238,0
DA:241,0
DA:244,0
DA:245,0
DA:246,0
DA:249,0
DA:250,0
DA:252,0
DA:253,0
DA:254,0
DA:257,0
DA:261,0
DA:267,0
DA:268,0
DA:272,0
DA:276,0
DA:283,0
DA:287,0
LF:141
LH:37
BRDA:43,0,0,86
BRDA:45,1,0,73
BRDA:45,1,1,13
BRDA:53,2,0,85
BRDA:53,2,1,83
BRDA:83,3,0,0
BRDA:84,4,0,0
BRDA:85,5,0,0
BRDA:90,6,0,0
BRDA:95,7,0,0
BRDA:184,8,0,0
BRDA:184,8,1,0
BRF:12
BRH:5
end_of_record
TN:
SF:utils/Crypto-lib/Crypto-ts/src/SHA384.ts
FN:19,(anonymous_0)
FN:27,(anonymous_1)
FN:36,(anonymous_2)
FN:42,(anonymous_3)
FN:47,(anonymous_4)
FNF:5
FNH:0
FNDA:0,(anonymous_0)
FNDA:0,(anonymous_1)
FNDA:0,(anonymous_2)
FNDA:0,(anonymous_3)
FNDA:0,(anonymous_4)
DA:1,1
DA:2,1
DA:10,1
DA:12,0
DA:20,0
DA:21,0
DA:22,0
DA:23,0
DA:28,0
DA:37,0
DA:38,0
DA:39,0
DA:43,0
DA:44,0
DA:48,0
LF:15
LH:3
BRDA:22,0,0,0
BRDA:22,1,0,0
BRDA:22,1,1,0
BRF:3
BRH:0
end_of_record
TN:
SF:utils/Crypto-lib/Crypto-ts/src/SHA512.ts
FN:54,computeConstants
FN:70,(anonymous_1)
FN:78,(anonymous_2)
FN:87,(anonymous_3)
FN:255,(anonymous_4)
FN:276,(anonymous_5)
FN:281,(anonymous_6)
FNF:7
FNH:1
FNDA:1,computeConstants
FNDA:0,(anonymous_1)
FNDA:0,(anonymous_2)
FNDA:0,(anonymous_3)
FNDA:0,(anonymous_4)
FNDA:0,(anonymous_5)
FNDA:0,(anonymous_6)
DA:1,1
DA:2,1
DA:9,1
DA:52,1
DA:54,1
DA:55,1
DA:56,80
DA:60,1
DA:62,0
DA:63,0
DA:71,0
DA:72,0
DA:73,0
DA:74,0
DA:79,0
DA:89,0
DA:91,0
DA:92,0
DA:93,0
DA:94,0
DA:95,0
DA:96,0
DA:97,0
DA:98,0
DA:100,0
DA:101,0
DA:102,0
DA:103,0
DA:104,0
DA:105,0
DA:106,0
DA:107,0
DA:108,0
DA:109,0
DA:110,0
DA:111,0
DA:112,0
DA:113,0
DA:114,0
DA:115,0
DA:118,0
DA:119,0
DA:120,0
DA:121,0
DA:122,0
DA:123,0
DA:124,0
DA:125,0
DA:126,0
DA:127,0
DA:128,0
DA:129,0
DA:130,0
DA:131,0
DA:132,0
DA:133,0
DA:136,0
DA:141,0
DA:144,0
DA:145,0
DA:146,0
DA:150,0
DA:151,0
DA:152,0
DA:153,0
DA:156,0
DA:161,0
DA:162,0
DA:163,0
DA:164,0
DA:166,0
DA:170,0
DA:171,0
DA:172,0
DA:174,0
DA:175,0
DA:176,0
DA:178,0
DA:179,0
DA:180,0
DA:181,0
DA:182,0
DA:183,0
DA:185,0
DA:186,0
DA:189,0
DA:190,0
DA:191,0
DA:192,0
DA:194,0
DA:195,0
DA:196,0
DA:197,0
DA:200,0
DA:201,0
DA:202,0
DA:204,0
DA:205,0
DA:206,0
DA:207,0
DA:208,0
DA:209,0
DA:210,0
DA:211,0
DA:214,0
DA:215,0
DA:218,0
DA:219,0
DA:220,0
DA:221,0
DA:222,0
DA:223,0
DA:224,0
DA:225,0
DA:226,0
DA:227,0
DA:228,0
DA:229,0
DA:230,0
DA:231,0
DA:232,0
DA:233,0
DA:237,0
DA:238,0
DA:239,0
DA:240,0
DA:241,0
DA:242,0
DA:243,0
DA:244,0
DA:245,0
DA:246,0
DA:247,0
DA:248,0
DA:249,0
DA:250,0
DA:251,0
DA:252,0
DA:257,0
DA:258,0
DA:260,0
DA:261,0
DA:264,0
DA:265,0
DA:266,0
DA:267,0
DA:270,0
DA:273,0
DA:277,0
DA:278,0
DA:282,0
LF:151
LH:8
BRDA:73,0,0,0
BRDA:73,1,0,0
BRDA:73,1,1,0
BRDA:144,2,0,0
BRDA:144,2,1,0
BRDA:179,3,0,0
BRDA:179,3,1,0
BRDA:181,4,0,0
BRDA:181,4,1,0
BRDA:183,5,0,0
BRDA:183,5,1,0
BRDA:205,6,0,0
BRDA:205,6,1,0
BRDA:207,7,0,0
BRDA:207,7,1,0
BRDA:209,8,0,0
BRDA:209,8,1,0
BRDA:211,9,0,0
BRDA:211,9,1,0
BRDA:215,10,0,0
BRDA:215,10,1,0
BRDA:225,11,0,0
BRDA:225,11,1,0
BRDA:233,12,0,0
BRDA:233,12,1,0
BRDA:238,13,0,0
BRDA:238,13,1,0
BRDA:240,14,0,0
BRDA:240,14,1,0
BRDA:242,15,0,0
BRDA:242,15,1,0
BRDA:244,16,0,0
BRDA:244,16,1,0
BRDA:246,17,0,0
BRDA:246,17,1,0
BRDA:248,18,0,0
BRDA:248,18,1,0
BRDA:250,19,0,0
BRDA:250,19,1,0
BRDA:252,20,0,0
BRDA:252,20,1,0
BRF:41
BRH:0
end_of_record
TN:
SF:utils/Crypto-lib/Crypto-ts/src/index.ts
FN:2,(anonymous_0)
FN:3,(anonymous_1)
FN:4,(anonymous_2)
FN:5,(anonymous_3)
FN:6,(anonymous_4)
FN:7,(anonymous_5)
FN:8,(anonymous_6)
FN:9,(anonymous_7)
FN:10,(anonymous_8)
FN:11,(anonymous_9)
FN:12,(anonymous_10)
FN:13,(anonymous_11)
FN:14,(anonymous_12)
FN:17,(anonymous_13)
FN:18,(anonymous_14)
FN:19,(anonymous_15)
FN:21,(anonymous_16)
FN:22,(anonymous_17)
FN:23,(anonymous_18)
FN:24,(anonymous_19)
FN:25,(anonymous_20)
FN:26,(anonymous_21)
FN:27,(anonymous_22)
FN:28,(anonymous_23)
FN:29,(anonymous_24)
FN:30,(anonymous_25)
FN:31,(anonymous_26)
FN:32,(anonymous_27)
FN:33,(anonymous_28)
FN:34,(anonymous_29)
FN:35,(anonymous_30)
FN:36,(anonymous_31)
FN:37,(anonymous_32)
FN:38,(anonymous_33)
FN:39,(anonymous_34)
FN:40,(anonymous_35)
FN:41,(anonymous_36)
FN:42,(anonymous_37)
FN:43,(anonymous_38)
FNF:39
FNH:2
FNDA:0,(anonymous_0)
FNDA:0,(anonymous_1)
FNDA:0,(anonymous_2)
FNDA:13,(anonymous_3)
FNDA:0,(anonymous_4)
FNDA:0,(anonymous_5)
FNDA:9,(anonymous_6)
FNDA:0,(anonymous_7)
FNDA:0,(anonymous_8)
FNDA:0,(anonymous_9)
FNDA:0,(anonymous_10)
FNDA:0,(anonymous_11)
FNDA:0,(anonymous_12)
FNDA:0,(anonymous_13)
FNDA:0,(anonymous_14)
FNDA:0,(anonymous_15)
FNDA:0,(anonymous_16)
FNDA:0,(anonymous_17)
FNDA:0,(anonymous_18)
FNDA:0,(anonymous_19)
FNDA:0,(anonymous_20)
FNDA:0,(anonymous_21)
FNDA:0,(anonymous_22)
FNDA:0,(anonymous_23)
FNDA:0,(anonymous_24)
FNDA:0,(anonymous_25)
FNDA:0,(anonymous_26)
FNDA:0,(anonymous_27)
FNDA:0,(anonymous_28)
FNDA:0,(anonymous_29)
FNDA:0,(anonymous_30)
FNDA:0,(anonymous_31)
FNDA:0,(anonymous_32)
FNDA:0,(anonymous_33)
FNDA:0,(anonymous_34)
FNDA:0,(anonymous_35)
FNDA:0,(anonymous_36)
FNDA:0,(anonymous_37)
FNDA:0,(anonymous_38)
DA:1,1
DA:2,1
DA:3,1
DA:4,1
DA:5,14
DA:6,1
DA:7,1
DA:8,10
DA:9,1
DA:10,1
DA:11,1
DA:12,1
DA:13,1
DA:14,1
DA:17,1
DA:18,1
DA:19,1
DA:21,1
DA:22,1
DA:23,1
DA:24,1
DA:25,1
DA:26,1
DA:27,1
DA:28,1
DA:29,1
DA:30,1
DA:31,1
DA:32,1
DA:33,1
DA:34,1
DA:35,1
DA:36,1
DA:37,1
DA:38,1
DA:39,1
DA:40,1
DA:41,1
DA:42,1
DA:43,1
DA:45,1
DA:46,1
DA:47,1
DA:48,1
DA:49,1
DA:50,1
DA:51,1
DA:52,1
DA:62,1
DA:63,1
DA:64,1
DA:65,1
DA:66,1
DA:67,1
DA:68,1
DA:77,1
DA:78,1
LF:57
LH:57
BRF:0
BRH:0
end_of_record
TN:
SF:utils/Crypto-lib/Crypto-ts/src/formatter/OpenSSLFormatter.ts
FN:1,(anonymous_0)
FNF:1
FNH:1
FNDA:1,(anonymous_0)
DA:1,2
LF:1
LH:1
BRF:0
BRH:0
end_of_record
TN:
SF:utils/Crypto-lib/Crypto-ts/src/lib/Word32Array.ts
FN:33,(anonymous_0)
FN:83,(anonymous_1)
FN:91,(anonymous_2)
FN:99,(anonymous_3)
FN:113,(anonymous_4)
FN:128,(anonymous_5)
FN:148,(anonymous_6)
FN:180,(anonymous_7)
FN:193,(anonymous_8)
FN:206,(anonymous_9)
FNF:10
FNH:8
FNDA:90,(anonymous_0)
FNDA:93,(anonymous_1)
FNDA:35,(anonymous_2)
FNDA:93,(anonymous_3)
FNDA:5,(anonymous_4)
FNDA:0,(anonymous_5)
FNDA:20,(anonymous_6)
FNDA:36,(anonymous_7)
FNDA:15,(anonymous_8)
FNDA:0,(anonymous_9)
DA:2,1
DA:3,1
DA:11,1
DA:34,90
DA:35,90
DA:36,90
DA:37,90
DA:39,0
DA:40,0
DA:41,0
DA:42,0
DA:47,0
DA:48,0
DA:49,0
DA:51,0
DA:62,0
DA:66,0
DA:69,0
DA:70,0
DA:73,0
DA:74,0
DA:75,0
DA:76,0
DA:79,0
DA:80,0
DA:84,93
DA:92,35
DA:100,93
DA:114,5
DA:115,0
DA:117,5
DA:129,0
DA:130,0
DA:131,0
DA:133,0
DA:134,0
DA:137,0
DA:149,20
DA:150,20
DA:152,20
DA:154,20
DA:156,0
DA:157,0
DA:158,0
DA:163,20
DA:164,351
DA:168,20
DA:171,20
DA:181,36
DA:182,36
DA:183,36
DA:194,15
DA:207,0
DA:209,0
DA:210,0
DA:213,0
LF:56
LH:24
BRDA:34,0,0,90
BRDA:34,0,1,0
BRDA:34,1,0,90
BRDA:34,1,1,20
BRDA:35,2,0,70
BRDA:35,2,1,20
BRDA:36,3,0,44
BRDA:36,3,1,46
BRDA:39,4,0,0
BRDA:48,5,0,0
BRDA:48,5,1,0
BRDA:51,6,0,0
BRDA:52,7,0,0
BRDA:52,7,1,0
BRDA:52,7,2,0
BRDA:52,7,3,0
BRDA:52,7,4,0
BRDA:52,7,5,0
BRDA:52,7,6,0
BRDA:52,7,7,0
BRDA:52,7,8,0
BRDA:69,8,0,0
BRDA:114,9,0,0
BRDA:154,10,0,0
BRDA:154,10,1,20
BRF:25
BRH:8
end_of_record
TN:
SF:utils/Crypto-lib/Crypto-ts/src/lib/Word64Array.ts
FN:9,(anonymous_0)
FN:14,(anonymous_1)
FN:37,(anonymous_2)
FN:42,(anonymous_3)
FN:50,(anonymous_4)
FN:58,(anonymous_5)
FN:71,(anonymous_6)
FN:91,(anonymous_7)
FN:105,(anonymous_8)
FNF:9
FNH:1
FNDA:209,(anonymous_0)
FNDA:0,(anonymous_1)
FNDA:0,(anonymous_2)
FNDA:0,(anonymous_3)
FNDA:0,(anonymous_4)
FNDA:0,(anonymous_5)
FNDA:0,(anonymous_6)
FNDA:0,(anonymous_7)
FNDA:0,(anonymous_8)
DA:2,1
DA:3,1
DA:5,1
DA:10,209
DA:11,209
DA:15,0
DA:22,1
DA:38,0
DA:39,0
DA:43,0
DA:51,0
DA:59,0
DA:72,0
DA:73,0
DA:74,0
DA:75,0
DA:76,0
DA:78,0
DA:92,0
DA:93,0
DA:95,0
DA:106,0
DA:107,0
DA:108,0
DA:110,0
LF:25
LH:6
BRDA:38,0,0,0
BRDA:38,0,1,0
BRDA:39,1,0,0
BRDA:39,1,1,0
BRDA:92,2,0,0
BRF:5
BRH:0
end_of_record
TN:
SF:utils/Crypto-lib/Crypto-ts/src/lib/browser.ts
FN:3,(anonymous_0)
FN:16,isIE
FNF:2
FNH:1
FNDA:1,(anonymous_0)
FNDA:0,isIE
DA:1,1
DA:3,1
DA:4,1
DA:5,1
DA:6,1
DA:7,1
DA:8,1
DA:10,0
DA:13,0
DA:16,1
DA:17,0
DA:18,0
DA:19,0
DA:20,0
DA:21,0
DA:22,0
DA:23,0
DA:24,0
LF:18
LH:8
BRDA:1,0,0,0
BRDA:1,0,1,1
BRDA:1,1,0,1
BRDA:1,1,1,0
BRDA:4,2,0,1
BRDA:4,2,1,1
BRDA:5,3,0,1
BRDA:6,4,0,1
BRDA:6,4,1,1
BRDA:7,5,0,1
BRDA:17,6,0,0
BRDA:18,7,0,0
BRDA:19,8,0,0
BRDA:20,9,0,0
BRDA:21,10,0,0
BRDA:22,11,0,0
BRDA:23,12,0,0
BRF:17
BRH:8
end_of_record
TN:
SF:utils/Crypto-lib/Crypto-ts/src/lib/index.ts
FN:1,(anonymous_0)
FN:2,(anonymous_1)
FN:3,(anonymous_2)
FN:3,(anonymous_3)
FN:4,(anonymous_4)
FN:5,(anonymous_5)
FN:6,(anonymous_6)
FN:7,(anonymous_7)
FN:8,(anonymous_8)
FN:9,(anonymous_9)
FN:9,(anonymous_10)
FN:9,(anonymous_11)
FN:11,(anonymous_12)
FN:12,(anonymous_13)
FN:13,(anonymous_14)
FNF:15
FNH:2
FNDA:0,(anonymous_0)
FNDA:0,(anonymous_1)
FNDA:0,(anonymous_2)
FNDA:0,(anonymous_3)
FNDA:0,(anonymous_4)
FNDA:13,(anonymous_5)
FNDA:9,(anonymous_6)
FNDA:0,(anonymous_7)
FNDA:0,(anonymous_8)
FNDA:0,(anonymous_9)
FNDA:0,(anonymous_10)
FNDA:0,(anonymous_11)
FNDA:0,(anonymous_12)
FNDA:0,(anonymous_13)
FNDA:0,(anonymous_14)
DA:1,1
DA:2,1
DA:3,1
DA:4,1
DA:5,14
DA:6,10
DA:7,1
DA:8,1
DA:9,1
DA:11,1
DA:12,1
DA:13,1
LF:12
LH:12
BRF:0
BRH:0
end_of_record
TN:
SF:utils/Crypto-lib/Crypto-ts/src/lib/random.ts
FN:16,makeRandFunction
FN:22,rand
FN:28,rand
FN:33,rand
FN:38,rand
FNF:5
FNH:1
FNDA:1,makeRandFunction
FNDA:0,rand
FNDA:0,rand
FNDA:0,rand
FNDA:0,rand
DA:1,1
DA:17,1
DA:18,0
DA:19,0
DA:20,0
DA:21,0
DA:22,0
DA:23,0
DA:26,0
DA:28,0
DA:29,0
DA:32,1
DA:33,0
DA:34,0
DA:37,1
DA:38,1
DA:42,0
DA:45,0
DA:48,1
LF:19
LH:6
BRDA:17,0,0,0
BRDA:17,0,1,1
BRDA:18,1,0,0
BRDA:18,1,1,0
BRDA:19,2,0,0
BRDA:20,3,0,0
BRDA:32,4,0,0
BRDA:32,4,1,1
BRDA:32,5,0,1
BRDA:32,5,1,1
BRDA:37,6,0,1
BRF:11
BRH:5
end_of_record
TN:
SF:utils/Crypto-lib/Crypto-ts/src/lib/algorithm/BufferedBlockAlgorithm.ts
FN:16,(anonymous_0)
FN:22,(anonymous_1)
FN:32,(anonymous_2)
FN:45,(anonymous_3)
FN:61,(anonymous_4)
FN:102,(anonymous_5)
FNF:6
FNH:4
FNDA:5,(anonymous_0)
FNDA:0,(anonymous_1)
FNDA:15,(anonymous_2)
FNDA:15,(anonymous_3)
FNDA:15,(anonymous_4)
FNDA:0,(anonymous_5)
DA:1,1
DA:2,1
DA:9,1
DA:13,5
DA:14,5
DA:17,5
DA:18,5
DA:19,5
DA:23,0
DA:33,15
DA:34,15
DA:46,15
DA:47,15
DA:48,15
DA:63,15
DA:64,15
DA:65,15
DA:66,15
DA:68,15
DA:69,15
DA:71,0
DA:74,15
DA:78,15
DA:81,15
DA:84,15
DA:85,15
DA:87,25
DA:91,15
DA:92,15
DA:96,15
DA:103,0
LF:31
LH:28
BRDA:18,0,0,0
BRDA:18,0,1,5
BRDA:18,1,0,5
BRDA:18,1,1,0
BRDA:19,2,0,0
BRDA:19,2,1,5
BRDA:19,3,0,5
BRDA:19,3,1,0
BRDA:33,4,0,0
BRDA:33,4,1,15
BRDA:34,5,0,0
BRDA:34,5,1,15
BRDA:46,6,0,5
BRDA:46,6,1,10
BRDA:69,7,0,0
BRDA:69,7,1,15
BRDA:84,8,0,15
BRF:17
BRH:10
end_of_record
TN:
SF:utils/Crypto-lib/Crypto-ts/src/lib/algorithm/Hasher.ts
FN:12,(anonymous_0)
FN:21,(anonymous_1)
FN:31,(anonymous_2)
FN:47,(anonymous_3)
FN:64,(anonymous_4)
FN:77,(anonymous_5)
FN:84,(anonymous_6)
FNF:7
FNH:5
FNDA:5,(anonymous_0)
FNDA:5,(anonymous_1)
FNDA:15,(anonymous_2)
FNDA:5,(anonymous_3)
FNDA:10,(anonymous_4)
FNDA:0,(anonymous_5)
FNDA:0,(anonymous_6)
DA:1,1
DA:8,1
DA:10,5
DA:13,5
DA:14,5
DA:15,5
DA:16,0
DA:18,5
DA:22,5
DA:33,15
DA:35,15
DA:48,5
DA:49,5
DA:50,5
DA:66,10
DA:67,10
DA:71,10
DA:78,0
DA:85,0
LF:19
LH:16
BRDA:15,0,0,0
BRDA:15,1,0,5
BRDA:15,1,1,0
BRDA:18,2,0,0
BRDA:18,2,1,5
BRDA:18,3,0,0
BRDA:18,3,1,5
BRDA:66,4,0,10
BRF:8
BRH:4
end_of_record
TN:
SF:utils/Crypto-lib/Crypto-ts/src/lib/algorithm/cipher/BlockCipher.ts
FN:32,(anonymous_0)
FN:42,(anonymous_1)
FN:46,(anonymous_2)
FN:50,(anonymous_3)
FN:72,(anonymous_4)
FN:76,(anonymous_5)
FN:104,(anonymous_6)
FN:111,(anonymous_7)
FN:124,(anonymous_8)
FN:137,(anonymous_9)
FNF:10
FNH:0
FNDA:0,(anonymous_0)
FNDA:0,(anonymous_1)
FNDA:0,(anonymous_2)
FNDA:0,(anonymous_3)
FNDA:0,(anonymous_4)
FNDA:0,(anonymous_5)
FNDA:0,(anonymous_6)
FNDA:0,(anonymous_7)
FNDA:0,(anonymous_8)
FNDA:0,(anonymous_9)
DA:1,1
DA:3,1
DA:5,1
DA:19,1
DA:21,0
DA:22,0
DA:24,0
DA:33,0
DA:34,0
DA:36,0
DA:37,0
DA:39,0
DA:43,0
DA:47,0
DA:51,0
DA:54,0
DA:55,0
DA:58,0
DA:60,0
DA:63,0
DA:64,0
DA:67,0
DA:68,0
DA:73,0
DA:80,0
DA:83,0
DA:85,0
DA:88,0
DA:92,0
DA:95,0
DA:98,0
DA:105,0
DA:112,0
DA:125,0
DA:126,0
DA:138,0
DA:139,0
LF:37
LH:4
BRDA:36,0,0,0
BRDA:36,0,1,0
BRDA:37,1,0,0
BRDA:37,1,1,0
BRDA:54,2,0,0
BRDA:54,2,1,0
BRDA:63,3,0,0
BRDA:63,3,1,0
BRDA:63,4,0,0
BRDA:63,4,1,0
BRDA:83,5,0,0
BRDA:83,5,1,0
BRDA:125,6,0,0
BRDA:125,6,1,0
BRDA:138,7,0,0
BRDA:138,7,1,0
BRF:16
BRH:0
end_of_record
TN:
SF:utils/Crypto-lib/Crypto-ts/src/lib/algorithm/cipher/Cipher.ts
FN:23,(anonymous_0)
FN:32,(anonymous_1)
FN:41,(anonymous_2)
FN:54,(anonymous_3)
FN:69,(anonymous_4)
FN:82,(anonymous_5)
FN:89,(anonymous_6)
FN:96,(anonymous_7)
FN:109,(anonymous_8)
FN:122,(anonymous_9)
FNF:10
FNH:0
FNDA:0,(anonymous_0)
FNDA:0,(anonymous_1)
FNDA:0,(anonymous_2)
FNDA:0,(anonymous_3)
FNDA:0,(anonymous_4)
FNDA:0,(anonymous_5)
FNDA:0,(anonymous_6)
FNDA:0,(anonymous_7)
FNDA:0,(anonymous_8)
FNDA:0,(anonymous_9)
DA:1,1
DA:12,1
DA:13,1
DA:14,1
DA:15,1
DA:16,1
DA:19,0
DA:24,0
DA:25,0
DA:27,0
DA:28,0
DA:29,0
DA:33,0
DA:42,0
DA:43,0
DA:55,0
DA:56,0
DA:71,0
DA:72,0
DA:76,0
DA:83,0
DA:90,0
DA:97,0
DA:110,0
DA:111,0
DA:123,0
DA:124,0
LF:27
LH:6
BRDA:28,0,0,0
BRDA:28,0,1,0
BRDA:29,1,0,0
BRDA:29,1,1,0
BRDA:71,2,0,0
BRDA:110,3,0,0
BRDA:110,3,1,0
BRDA:123,4,0,0
BRDA:123,4,1,0
BRF:9
BRH:0
end_of_record
TN:
SF:utils/Crypto-lib/Crypto-ts/src/lib/algorithm/cipher/CipherParams.ts
FN:49,(anonymous_0)
FN:74,(anonymous_1)
FNF:2
FNH:0
FNDA:0,(anonymous_0)
FNDA:0,(anonymous_1)
DA:6,1
DA:21,1
DA:30,0
DA:50,0
DA:51,0
DA:52,0
DA:53,0
DA:54,0
DA:55,0
DA:56,0
DA:57,0
DA:58,0
DA:59,0
DA:75,0
LF:14
LH:2
BRDA:50,0,0,0
BRDA:59,1,0,0
BRDA:59,1,1,0
BRDA:75,2,0,0
BRDA:75,2,1,0
BRF:5
BRH:0
end_of_record
TN:
SF:utils/Crypto-lib/Crypto-ts/src/lib/algorithm/cipher/PasswordBasedCipher.ts
FN:36,(anonymous_0)
FN:89,(anonymous_1)
FNF:2
FNH:0
FNDA:0,(anonymous_0)
FNDA:0,(anonymous_1)
DA:1,1
DA:8,1
DA:10,1
DA:11,1
DA:23,1
DA:42,0
DA:43,0
DA:44,0
DA:45,0
DA:46,0
DA:48,0
DA:49,0
DA:51,0
DA:52,0
DA:54,0
DA:56,0
DA:57,0
DA:59,0
DA:95,0
DA:96,0
DA:97,0
DA:98,0
DA:99,0
DA:100,0
DA:101,0
DA:103,0
DA:104,0
DA:106,0
DA:107,0
DA:110,0
DA:112,0
DA:113,0
LF:32
LH:5
BRDA:42,0,0,0
BRDA:42,0,1,0
BRDA:43,1,0,0
BRDA:43,1,1,0
BRDA:43,2,0,0
BRDA:43,2,1,0
BRDA:45,3,0,0
BRDA:45,4,0,0
BRDA:45,4,1,0
BRDA:48,5,0,0
BRDA:48,6,0,0
BRDA:48,6,1,0
BRDA:51,7,0,0
BRDA:51,8,0,0
BRDA:51,8,1,0
BRDA:95,9,0,0
BRDA:95,9,1,0
BRDA:96,10,0,0
BRDA:96,10,1,0
BRDA:97,11,0,0
BRDA:97,11,1,0
BRDA:100,12,0,0
BRDA:100,13,0,0
BRDA:100,13,1,0
BRDA:103,14,0,0
BRDA:103,15,0,0
BRDA:103,15,1,0
BRDA:106,16,0,0
BRDA:106,17,0,0
BRDA:106,17,1,0
BRF:30
BRH:0
end_of_record
TN:
SF:utils/Crypto-lib/Crypto-ts/src/lib/algorithm/cipher/SerializableCipher.ts
FN:36,parseCipherText
FN:56,(anonymous_1)
FN:89,(anonymous_2)
FNF:3
FNH:0
FNDA:0,parseCipherText
FNDA:0,(anonymous_1)
FNDA:0,(anonymous_2)
DA:2,1
DA:5,1
DA:36,1
DA:37,0
DA:38,0
DA:40,0
DA:43,1
DA:62,0
DA:63,0
DA:65,0
DA:95,0
DA:96,0
DA:97,0
LF:13
LH:4
BRDA:37,0,0,0
BRDA:73,1,0,0
BRDA:73,1,1,0
BRDA:96,2,0,0
BRDA:96,2,1,0
BRDA:97,3,0,0
BRDA:97,3,1,0
BRF:7
BRH:0
end_of_record
TN:
SF:utils/Crypto-lib/Crypto-ts/src/lib/algorithm/cipher/StreamCipher.ts
FN:9,(anonymous_0)
FN:13,(anonymous_1)
FNF:2
FNH:0
FNDA:0,(anonymous_0)
FNDA:0,(anonymous_1)
DA:1,1
DA:6,1
DA:7,0
DA:10,0
DA:14,0
LF:5
LH:2
BRF:0
BRH:0
end_of_record
TN:
SF:utils/Crypto-lib/Crypto-ts/src/lib/algorithm/cipher/formatter/OpenSSLFormatter.ts
FN:15,(anonymous_0)
FN:41,(anonymous_1)
FNF:2
FNH:0
FNDA:0,(anonymous_0)
FNDA:0,(anonymous_1)
DA:2,1
DA:3,1
DA:4,1
DA:6,1
DA:17,0
DA:18,0
DA:20,0
DA:21,0
DA:25,0
DA:26,0
DA:27,0
DA:30,0
DA:45,0
DA:48,0
DA:51,0
DA:53,0
DA:56,0
DA:57,0
DA:60,0
LF:19
LH:4
BRDA:20,0,0,0
BRDA:25,1,0,0
BRDA:51,2,0,0
BRDA:51,3,0,0
BRDA:51,3,1,0
BRF:5
BRH:0
end_of_record
TN:
SF:utils/Crypto-lib/Crypto-ts/src/lib/algorithm/cipher/kdf/OpenSSLKDF.ts
FN:19,(anonymous_0)
FNF:1
FNH:0
FNDA:0,(anonymous_0)
DA:1,1
DA:2,1
DA:3,1
DA:18,1
DA:21,0
DA:22,0
DA:25,0
DA:26,0
DA:29,0
DA:32,0
DA:33,0
DA:36,0
LF:12
LH:4
BRDA:21,0,0,0
BRDA:25,1,0,0
BRDA:25,1,1,0
BRDA:25,1,2,0
BRDA:26,2,0,0
BRDA:26,2,1,0
BRF:6
BRH:0
end_of_record
TN:
SF:utils/Crypto-lib/Crypto-ts/src/lib/algorithm/cipher/kdf/type.ts
FN:36,(anonymous_0)
FN:40,(anonymous_1)
FN:44,(anonymous_2)
FNF:3
FNH:0
FNDA:0,(anonymous_0)
FNDA:0,(anonymous_1)
FNDA:0,(anonymous_2)
DA:33,1
DA:37,0
DA:41,0
DA:49,0
LF:4
LH:1
BRF:0
BRH:0
end_of_record
TN:
SF:utils/Crypto-lib/Crypto-ts/src/lib/algorithm/cipher/kdf/module/EvpKDF.ts
FN:22,(anonymous_0)
FN:42,(anonymous_1)
FN:91,(anonymous_2)
FNF:3
FNH:0
FNDA:0,(anonymous_0)
FNDA:0,(anonymous_1)
FNDA:0,(anonymous_2)
DA:2,1
DA:3,1
DA:4,1
DA:17,1
DA:18,0
DA:19,0
DA:20,0
DA:23,0
DA:25,0
DA:26,0
DA:27,0
DA:28,0
DA:46,0
DA:49,0
DA:52,0
DA:53,0
DA:54,0
DA:57,0
DA:58,0
DA:59,0
DA:61,0
DA:62,0
DA:65,0
DA:66,0
DA:67,0
DA:70,0
DA:72,0
DA:74,0
DA:92,0
LF:29
LH:4
BRDA:25,0,0,0
BRDA:26,1,0,0
BRDA:26,1,1,0
BRDA:27,2,0,0
BRDA:27,2,1,0
BRDA:28,3,0,0
BRDA:28,3,1,0
BRDA:58,4,0,0
BRF:8
BRH:0
end_of_record
TN:
SF:utils/Crypto-lib/Crypto-ts/src/lib/algorithm/cipher/kdf/module/PBKDF2.ts
FN:22,(anonymous_0)
FN:42,(anonymous_1)
FN:101,(anonymous_2)
FNF:3
FNH:0
FNDA:0,(anonymous_0)
FNDA:0,(anonymous_1)
FNDA:0,(anonymous_2)
DA:2,1
DA:3,1
DA:4,1
DA:5,1
DA:17,1
DA:18,0
DA:19,0
DA:20,0
DA:23,0
DA:25,0
DA:26,0
DA:27,0
DA:28,0
DA:44,0
DA:47,0
DA:48,0
DA:51,0
DA:52,0
DA:53,0
DA:54,0
DA:57,0
DA:58,0
DA:59,0
DA:62,0
DA:63,0
DA:66,0
DA:67,0
DA:68,0
DA:69,0
DA:72,0
DA:75,0
DA:76,0
DA:80,0
DA:81,0
DA:83,0
DA:85,0
DA:102,0
LF:37
LH:5
BRDA:25,0,0,0
BRDA:26,1,0,0
BRDA:26,1,1,0
BRDA:27,2,0,0
BRDA:27,2,1,0
BRDA:28,3,0,0
BRDA:28,3,1,0
BRF:7
BRH:0
end_of_record
TN:
SF:utils/Crypto-lib/Crypto-ts/src/lib/algorithm/cipher/mode/BlockCipherMode.ts
FN:18,(anonymous_0)
FN:27,(anonymous_1)
FN:38,(anonymous_2)
FN:49,(anonymous_3)
FNF:4
FNH:0
FNDA:0,(anonymous_0)
FNDA:0,(anonymous_1)
FNDA:0,(anonymous_2)
FNDA:0,(anonymous_3)
DA:13,1
DA:19,0
DA:20,0
DA:21,0
DA:28,0
DA:39,0
DA:50,0
LF:7
LH:1
BRF:0
BRH:0
end_of_record
TN:
SF:utils/Crypto-lib/Crypto-ts/src/lib/algorithm/cipher/mode/CBC.ts
FN:20,(anonymous_0)
FN:46,(anonymous_1)
FN:64,(anonymous_2)
FN:68,(anonymous_3)
FN:97,(anonymous_4)
FN:107,(anonymous_5)
FNF:6
FNH:0
FNDA:0,(anonymous_0)
FNDA:0,(anonymous_1)
FNDA:0,(anonymous_2)
FNDA:0,(anonymous_3)
FNDA:0,(anonymous_4)
FNDA:0,(anonymous_5)
DA:1,1
DA:6,1
DA:7,0
DA:11,1
DA:22,0
DA:23,0
DA:26,0
DA:27,0
DA:30,0
DA:37,1
DA:48,0
DA:49,0
DA:52,0
DA:55,0
DA:56,0
DA:59,0
DA:65,0
DA:72,0
DA:75,0
DA:76,0
DA:79,0
DA:82,0
DA:86,0
DA:87,0
DA:98,0
DA:108,0
LF:26
LH:4
BRDA:75,0,0,0
BRDA:75,0,1,0
BRF:2
BRH:0
end_of_record
TN:
SF:utils/Crypto-lib/Crypto-ts/src/lib/algorithm/cipher/mode/CCM.ts
FN:14,(anonymous_0)
FN:37,(anonymous_1)
FN:59,(anonymous_2)
FN:116,(anonymous_3)
FN:154,(anonymous_4)
FN:216,(anonymous_5)
FN:220,(anonymous_6)
FN:239,(anonymous_7)
FN:267,(anonymous_8)
FN:289,(anonymous_9)
FN:299,(anonymous_10)
FNF:11
FNH:0
FNDA:0,(anonymous_0)
FNDA:0,(anonymous_1)
FNDA:0,(anonymous_2)
FNDA:0,(anonymous_3)
FNDA:0,(anonymous_4)
FNDA:0,(anonymous_5)
FNDA:0,(anonymous_6)
FNDA:0,(anonymous_7)
FNDA:0,(anonymous_8)
FNDA:0,(anonymous_9)
FNDA:0,(anonymous_10)
DA:1,1
DA:2,1
DA:4,1
DA:9,1
DA:11,0
DA:15,0
DA:17,0
DA:18,0
DA:19,0
DA:21,0
DA:22,0
DA:25,0
DA:26,0
DA:38,0
DA:39,0
DA:42,0
DA:43,0
DA:44,0
DA:45,0
DA:46,0
DA:48,0
DA:50,0
DA:51,0
DA:60,0
DA:62,0
DA:63,0
DA:65,0
DA:66,0
DA:68,0
DA:69,0
DA:72,0
DA:76,0
DA:77,0
DA:78,0
DA:81,0
DA:82,0
DA:83,0
DA:87,0
DA:88,0
DA:92,0
DA:93,0
DA:94,0
DA:97,0
DA:98,0
DA:99,0
DA:103,0
DA:104,0
DA:107,0
DA:117,0
DA:118,0
DA:121,0
DA:122,0
DA:123,0
DA:124,0
DA:125,0
DA:128,0
DA:129,0
DA:130,0
DA:131,0
DA:134,0
DA:138,0
DA:141,0
DA:162,0
DA:163,0
DA:164,0
DA:166,0
DA:167,0
DA:170,0
DA:171,0
DA:172,0
DA:173,0
DA:174,0
DA:175,0
DA:176,0
DA:179,0
DA:180,0
DA:181,0
DA:183,0
DA:184,0
DA:185,0
DA:186,0
DA:188,0
DA:189,0
DA:191,0
DA:192,0
DA:193,0
DA:194,0
DA:195,0
DA:196,0
DA:197,0
DA:199,0
DA:200,0
DA:203,0
DA:204,0
DA:205,0
DA:207,0
DA:208,0
DA:211,0
DA:213,0
DA:217,0
DA:221,0
DA:222,0
DA:223,0
DA:224,0
DA:230,1
DA:241,0
DA:242,0
DA:244,0
DA:245,0
DA:247,0
DA:248,0
DA:251,0
DA:258,1
DA:269,0
DA:270,0
DA:272,0
DA:273,0
DA:275,0
DA:276,0
DA:279,0
DA:290,0
DA:300,0
LF:122
LH:6
BRDA:18,0,0,0
BRDA:18,0,1,0
BRDA:21,1,0,0
BRDA:21,2,0,0
BRDA:21,2,1,0
BRDA:21,2,2,0
BRDA:25,3,0,0
BRDA:25,3,1,0
BRDA:38,4,0,0
BRDA:43,5,0,0
BRDA:43,5,1,0
BRDA:62,6,0,0
BRDA:62,6,1,0
BRDA:65,7,0,0
BRDA:65,7,1,0
BRDA:68,8,0,0
BRDA:68,8,1,0
BRDA:81,9,0,0
BRDA:87,10,0,0
BRDA:97,11,0,0
BRDA:103,12,0,0
BRDA:117,13,0,0
BRDA:128,14,0,0
BRDA:128,14,1,0
BRDA:129,15,0,0
BRDA:129,15,1,0
BRDA:163,16,0,0
BRDA:163,16,1,0
BRDA:166,17,0,0
BRDA:166,18,0,0
BRDA:166,18,1,0
BRDA:166,18,2,0
BRDA:170,19,0,0
BRDA:170,19,1,0
BRDA:171,20,0,0
BRDA:171,20,1,0
BRDA:173,21,0,0
BRDA:173,21,1,0
BRDA:175,22,0,0
BRDA:181,23,0,0
BRDA:181,23,1,0
BRDA:221,24,0,0
BRDA:221,24,1,0
BRF:43
BRH:0
end_of_record
TN:
SF:utils/Crypto-lib/Crypto-ts/src/lib/algorithm/cipher/mode/CFB.ts
FN:22,(anonymous_0)
FN:42,(anonymous_1)
FN:53,(anonymous_2)
FN:57,(anonymous_3)
FN:87,(anonymous_4)
FN:97,(anonymous_5)
FNF:6
FNH:0
FNDA:0,(anonymous_0)
FNDA:0,(anonymous_1)
FNDA:0,(anonymous_2)
FNDA:0,(anonymous_3)
FNDA:0,(anonymous_4)
FNDA:0,(anonymous_5)
DA:1,1
DA:7,1
DA:8,0
DA:13,1
DA:23,0
DA:26,0
DA:33,1
DA:44,0
DA:46,0
DA:49,0
DA:54,0
DA:61,0
DA:64,0
DA:65,0
DA:68,0
DA:71,0
DA:73,0
DA:76,0
DA:77,0
DA:88,0
DA:98,0
LF:21
LH:4
BRDA:64,0,0,0
BRDA:64,0,1,0
BRF:2
BRH:0
end_of_record
TN:
SF:utils/Crypto-lib/Crypto-ts/src/lib/algorithm/cipher/mode/CTR.ts
FN:21,(anonymous_0)
FN:53,(anonymous_1)
FN:63,(anonymous_2)
FN:73,(anonymous_3)
FNF:4
FNH:0
FNDA:0,(anonymous_0)
FNDA:0,(anonymous_1)
FNDA:0,(anonymous_2)
FNDA:0,(anonymous_3)
DA:1,1
DA:6,1
DA:7,0
DA:12,1
DA:23,0
DA:24,0
DA:25,0
DA:26,0
DA:29,0
DA:30,0
DA:33,0
DA:35,0
DA:36,0
DA:39,0
DA:42,0
DA:43,0
DA:51,1
DA:54,0
DA:64,0
DA:74,0
LF:20
LH:4
BRDA:29,0,0,0
BRF:1
BRH:0
end_of_record
TN:
SF:utils/Crypto-lib/Crypto-ts/src/lib/algorithm/cipher/mode/ECB.ts
FN:19,(anonymous_0)
FN:36,(anonymous_1)
FN:42,(anonymous_2)
FN:52,(anonymous_3)
FN:62,(anonymous_4)
FNF:5
FNH:0
FNDA:0,(anonymous_0)
FNDA:0,(anonymous_1)
FNDA:0,(anonymous_2)
FNDA:0,(anonymous_3)
FNDA:0,(anonymous_4)
DA:1,1
DA:6,1
DA:10,1
DA:20,0
DA:27,1
DA:37,0
DA:43,0
DA:53,0
DA:63,0
LF:9
LH:4
BRF:0
BRH:0
end_of_record
TN:
SF:utils/Crypto-lib/Crypto-ts/src/lib/algorithm/cipher/mode/GCM.ts
FN:14,(anonymous_0)
FN:36,(anonymous_1)
FN:77,(anonymous_2)
FN:102,(anonymous_3)
FN:144,(anonymous_4)
FN:172,(anonymous_5)
FN:240,(anonymous_6)
FN:280,(anonymous_7)
FN:307,(anonymous_8)
FN:328,(anonymous_9)
FN:338,(anonymous_10)
FNF:11
FNH:0
FNDA:0,(anonymous_0)
FNDA:0,(anonymous_1)
FNDA:0,(anonymous_2)
FNDA:0,(anonymous_3)
FNDA:0,(anonymous_4)
FNDA:0,(anonymous_5)
FNDA:0,(anonymous_6)
FNDA:0,(anonymous_7)
FNDA:0,(anonymous_8)
FNDA:0,(anonymous_9)
FNDA:0,(anonymous_10)
DA:1,1
DA:2,1
DA:4,1
DA:9,1
DA:10,0
DA:11,0
DA:12,0
DA:15,0
DA:17,0
DA:18,0
DA:21,0
DA:22,0
DA:23,0
DA:24,0
DA:27,0
DA:28,0
DA:38,0
DA:39,0
DA:41,0
DA:42,0
DA:45,0
DA:46,0
DA:48,0
DA:49,0
DA:54,0
DA:56,0
DA:58,0
DA:61,0
DA:78,0
DA:79,0
DA:80,0
DA:81,0
DA:82,0
DA:83,0
DA:84,0
DA:85,0
DA:86,0
DA:87,0
DA:91,0
DA:103,0
DA:104,0
DA:105,0
DA:107,0
DA:108,0
DA:109,0
DA:110,0
DA:111,0
DA:112,0
DA:113,0
DA:114,0
DA:116,0
DA:117,0
DA:118,0
DA:119,0
DA:120,0
DA:121,0
DA:122,0
DA:123,0
DA:125,0
DA:126,0
DA:127,0
DA:128,0
DA:129,0
DA:133,0
DA:145,0
DA:146,0
DA:148,0
DA:149,0
DA:152,0
DA:153,0
DA:154,0
DA:155,0
DA:156,0
DA:157,0
DA:158,0
DA:159,0
DA:161,0
DA:173,0
DA:174,0
DA:176,0
DA:177,0
DA:180,0
DA:181,0
DA:182,0
DA:184,0
DA:185,0
DA:186,0
DA:189,0
DA:190,0
DA:191,0
DA:192,0
DA:194,0
DA:195,0
DA:196,0
DA:197,0
DA:198,0
DA:199,0
DA:200,0
DA:201,0
DA:205,0
DA:206,0
DA:207,0
DA:208,0
DA:209,0
DA:210,0
DA:211,0
DA:214,0
DA:215,0
DA:216,0
DA:217,0
DA:218,0
DA:221,0
DA:222,0
DA:225,0
DA:226,0
DA:227,0
DA:248,0
DA:249,0
DA:250,0
DA:251,0
DA:252,0
DA:253,0
DA:254,0
DA:255,0
DA:256,0
DA:259,0
DA:260,0
DA:262,0
DA:263,0
DA:264,0
DA:265,0
DA:271,1
DA:282,0
DA:283,0
DA:286,0
DA:287,0
DA:288,0
DA:289,0
DA:290,0
DA:298,1
DA:309,0
DA:310,0
DA:313,0
DA:314,0
DA:315,0
DA:316,0
DA:317,0
DA:329,0
DA:339,0
LF:149
LH:6
BRDA:17,0,0,0
BRDA:38,1,0,0
BRDA:38,1,1,0
BRDA:38,2,0,0
BRDA:38,2,1,0
BRDA:41,3,0,0
BRDA:41,3,1,0
BRDA:45,4,0,0
BRDA:45,4,1,0
BRDA:82,5,0,0
BRDA:86,6,0,0
BRDA:110,7,0,0
BRDA:121,8,0,0
BRDA:121,8,1,0
BRDA:122,9,0,0
BRDA:122,9,1,0
BRDA:123,10,0,0
BRDA:123,10,1,0
BRDA:125,11,0,0
BRDA:145,12,0,0
BRDA:145,12,1,0
BRDA:148,13,0,0
BRDA:173,14,0,0
BRDA:176,15,0,0
BRDA:194,16,0,0
BRDA:194,17,0,0
BRDA:194,17,1,0
BRDA:215,18,0,0
BRDA:252,19,0,0
BRDA:252,19,1,0
BRDA:254,20,0,0
BRDA:254,20,1,0
BRDA:256,21,0,0
BRDA:256,21,1,0
BRF:34
BRH:0
end_of_record
TN:
SF:utils/Crypto-lib/Crypto-ts/src/lib/algorithm/cipher/mode/OFB.ts
FN:21,(anonymous_0)
FN:49,(anonymous_1)
FN:59,(anonymous_2)
FN:69,(anonymous_3)
FNF:4
FNH:0
FNDA:0,(anonymous_0)
FNDA:0,(anonymous_1)
FNDA:0,(anonymous_2)
FNDA:0,(anonymous_3)
DA:1,1
DA:6,1
DA:7,0
DA:12,1
DA:23,0
DA:24,0
DA:25,0
DA:26,0
DA:29,0
DA:30,0
DA:33,0
DA:35,0
DA:38,0
DA:39,0
DA:47,1
DA:50,0
DA:60,0
DA:70,0
LF:18
LH:4
BRDA:29,0,0,0
BRF:1
BRH:0
end_of_record
TN:
SF:utils/Crypto-lib/Crypto-ts/src/lib/algorithm/cipher/mode/commonLib.ts
FN:8,padTo128m
FN:37,msb
FN:49,lsb
FNF:3
FNH:0
FNDA:0,padTo128m
FNDA:0,msb
FNDA:0,lsb
DA:1,1
DA:8,1
DA:9,0
DA:10,0
DA:11,0
DA:13,0
DA:16,0
DA:17,0
DA:18,0
DA:19,0
DA:22,0
DA:23,0
DA:26,0
DA:37,1
DA:38,0
DA:49,1
DA:50,0
DA:51,0
DA:52,0
DA:54,0
DA:55,0
DA:56,0
DA:57,0
DA:58,0
DA:59,0
DA:62,0
DA:63,0
DA:64,0
LF:28
LH:4
BRDA:10,0,0,0
BRDA:22,1,0,0
BRF:2
BRH:0
end_of_record
TN:
SF:utils/Crypto-lib/Crypto-ts/src/lib/algorithm/cipher/pad/AnsiX923.ts
FN:12,pad
FN:36,unpad
FNF:2
FNH:0
FNDA:0,pad
FNDA:0,unpad
DA:14,0
DA:15,0
DA:18,0
DA:21,0
DA:24,0
DA:25,0
DA:26,0
DA:38,0
DA:41,0
DA:44,1
LF:10
LH:1
BRF:0
BRH:0
end_of_record
TN:
SF:utils/Crypto-lib/Crypto-ts/src/lib/algorithm/cipher/pad/ISO10126.ts
FN:12,pad
FN:32,unpad
FNF:2
FNH:0
FNDA:0,pad
FNDA:0,unpad
DA:1,1
DA:14,0
DA:17,0
DA:20,0
DA:34,0
DA:37,0
DA:40,1
LF:7
LH:2
BRF:0
BRH:0
end_of_record
TN:
SF:utils/Crypto-lib/Crypto-ts/src/lib/algorithm/cipher/pad/ISO97971.ts
FN:13,pad
FN:28,unpad
FNF:2
FNH:0
FNDA:0,pad
FNDA:0,unpad
DA:1,1
DA:3,1
DA:15,0
DA:18,0
DA:30,0
DA:33,0
DA:36,1
LF:7
LH:3
BRF:0
BRH:0
end_of_record
TN:
SF:utils/Crypto-lib/Crypto-ts/src/lib/algorithm/cipher/pad/NoPadding.ts
FN:12,pad
FN:23,unpad
FNF:2
FNH:0
FNDA:0,pad
FNDA:0,unpad
DA:27,1
LF:1
LH:1
BRF:0
BRH:0
end_of_record
TN:
SF:utils/Crypto-lib/Crypto-ts/src/lib/algorithm/cipher/pad/Pkcs7.ts
FN:12,pad
FN:40,unpad
FNF:2
FNH:0
FNDA:0,pad
FNDA:0,unpad
DA:1,1
DA:14,0
DA:17,0
DA:20,0
DA:23,0
DA:24,0
DA:25,0
DA:27,0
DA:30,0
DA:42,0
DA:45,0
DA:48,1
LF:12
LH:2
BRF:0
BRH:0
end_of_record
TN:
SF:utils/Crypto-lib/Crypto-ts/src/lib/algorithm/cipher/pad/Zero.ts
FN:12,pad
FN:28,unpad
FNF:2
FNH:0
FNDA:0,pad
FNDA:0,unpad
DA:14,0
DA:17,0
DA:18,0
DA:30,0
DA:33,0
DA:34,0
DA:35,0
DA:36,0
DA:41,1
LF:9
LH:1
BRDA:18,0,0,0
BRDA:18,0,1,0
BRDA:34,1,0,0
BRF:3
BRH:0
end_of_record
TN:
SF:utils/Crypto-lib/Crypto-ts/src/lib/encoder/Base64.ts
FN:19,(anonymous_0)
FN:60,(anonymous_1)
FNF:2
FNH:2
FNDA:11,(anonymous_0)
FNDA:2,(anonymous_1)
DA:2,1
DA:4,1
DA:5,1
DA:6,1
DA:7,65
DA:10,1
DA:21,11
DA:22,11
DA:25,11
DA:28,11
DA:29,11
DA:30,118
DA:31,118
DA:32,118
DA:34,118
DA:36,118
DA:37,466
DA:42,11
DA:43,11
DA:44,11
DA:45,6
DA:49,11
DA:61,2
DA:64,2
DA:65,2
DA:66,2
DA:67,2
DA:68,1
DA:72,2
DA:73,2
DA:75,2
DA:76,99
DA:77,74
DA:78,74
DA:79,74
DA:80,74
DA:81,74
DA:85,2
LF:38
LH:38
BRDA:36,0,0,584
BRDA:36,0,1,472
BRDA:43,1,0,11
BRDA:65,2,0,2
BRDA:67,3,0,1
BRDA:76,4,0,74
BRF:6
BRH:6
end_of_record
TN:
SF:utils/Crypto-lib/Crypto-ts/src/lib/encoder/Hex.ts
FN:13,(anonymous_0)
FN:35,(anonymous_1)
FNF:2
FNH:0
FNDA:0,(anonymous_0)
FNDA:0,(anonymous_1)
DA:2,1
DA:4,1
DA:14,0
DA:15,0
DA:16,0
DA:18,0
DA:19,0
DA:20,0
DA:21,0
DA:24,0
DA:36,0
DA:37,0
DA:38,0
DA:40,0
DA:41,0
DA:43,0
DA:45,0
DA:46,0
DA:49,0
LF:19
LH:2
BRDA:37,0,0,0
BRDA:37,0,1,0
BRDA:40,1,0,0
BRF:3
BRH:0
end_of_record
TN:
SF:utils/Crypto-lib/Crypto-ts/src/lib/encoder/Latin1.ts
FN:13,(anonymous_0)
FN:34,(anonymous_1)
FNF:2
FNH:2
FNDA:2,(anonymous_0)
FNDA:12,(anonymous_1)
DA:2,1
DA:4,1
DA:14,2
DA:15,2
DA:16,2
DA:18,2
DA:19,74
DA:20,74
DA:23,2
DA:35,12
DA:36,12
DA:38,12
DA:39,669
DA:42,12
LF:14
LH:14
BRF:0
BRH:0
end_of_record
TN:
SF:utils/Crypto-lib/Crypto-ts/src/lib/encoder/Utf16.ts
FN:16,(anonymous_0)
FN:38,(anonymous_1)
FN:52,swapEndian
FN:68,(anonymous_3)
FN:90,(anonymous_4)
FNF:5
FNH:0
FNDA:0,(anonymous_0)
FNDA:0,(anonymous_1)
FNDA:0,swapEndian
FNDA:0,(anonymous_3)
FNDA:0,(anonymous_4)
DA:2,1
DA:7,1
DA:18,0
DA:19,0
DA:22,0
DA:23,0
DA:24,0
DA:25,0
DA:28,0
DA:40,0
DA:43,0
DA:44,0
DA:45,0
DA:48,0
DA:53,0
DA:59,1
DA:70,0
DA:71,0
DA:74,0
DA:75,0
DA:76,0
DA:77,0
DA:80,0
DA:92,0
DA:95,0
DA:96,0
DA:97,0
DA:100,0
DA:104,1
LF:29
LH:4
BRF:0
BRH:0
end_of_record
TN:
SF:utils/Crypto-lib/Crypto-ts/src/lib/encoder/Utf8.ts
FN:14,(anonymous_0)
FN:31,(anonymous_1)
FNF:2
FNH:2
FNDA:2,(anonymous_0)
FNDA:12,(anonymous_1)
DA:2,1
DA:5,1
DA:15,2
DA:16,2
DA:19,0
DA:32,12
LF:6
LH:5
BRF:0
BRH:0
end_of_record
TN:
SF:utils/Crypto-lib/Crypto-ts/src/mode/CBC.ts
FN:1,(anonymous_0)
FNF:1
FNH:1
FNDA:1,(anonymous_0)
DA:1,2
LF:1
LH:1
BRF:0
BRH:0
end_of_record
TN:
SF:utils/Crypto-lib/Crypto-ts/src/mode/CCM.ts
FN:1,(anonymous_0)
FNF:1
FNH:1
FNDA:1,(anonymous_0)
DA:1,2
LF:1
LH:1
BRF:0
BRH:0
end_of_record
TN:
SF:utils/Crypto-lib/Crypto-ts/src/mode/CFB.ts
FN:1,(anonymous_0)
FNF:1
FNH:1
FNDA:1,(anonymous_0)
DA:1,2
LF:1
LH:1
BRF:0
BRH:0
end_of_record
TN:
SF:utils/Crypto-lib/Crypto-ts/src/mode/CTR.ts
FN:1,(anonymous_0)
FNF:1
FNH:1
FNDA:1,(anonymous_0)
DA:1,2
LF:1
LH:1
BRF:0
BRH:0
end_of_record
TN:
SF:utils/Crypto-lib/Crypto-ts/src/mode/ECB.ts
FN:1,(anonymous_0)
FNF:1
FNH:1
FNDA:1,(anonymous_0)
DA:1,2
LF:1
LH:1
BRF:0
BRH:0
end_of_record
TN:
SF:utils/Crypto-lib/Crypto-ts/src/mode/GCM.ts
FN:1,(anonymous_0)
FNF:1
FNH:1
FNDA:1,(anonymous_0)
DA:1,2
LF:1
LH:1
BRF:0
BRH:0
end_of_record
TN:
SF:utils/Crypto-lib/Crypto-ts/src/mode/OFB.ts
FN:1,(anonymous_0)
FNF:1
FNH:1
FNDA:1,(anonymous_0)
DA:1,2
LF:1
LH:1
BRF:0
BRH:0
end_of_record
TN:
SF:utils/Crypto-lib/Crypto-ts/src/pad/AnsiX923.ts
FN:1,(anonymous_0)
FNF:1
FNH:1
FNDA:1,(anonymous_0)
DA:1,2
LF:1
LH:1
BRF:0
BRH:0
end_of_record
TN:
SF:utils/Crypto-lib/Crypto-ts/src/pad/ISO10126.ts
FN:1,(anonymous_0)
FNF:1
FNH:1
FNDA:1,(anonymous_0)
DA:1,2
LF:1
LH:1
BRF:0
BRH:0
end_of_record
TN:
SF:utils/Crypto-lib/Crypto-ts/src/pad/ISO97971.ts
FN:1,(anonymous_0)
FNF:1
FNH:1
FNDA:1,(anonymous_0)
DA:1,2
LF:1
LH:1
BRF:0
BRH:0
end_of_record
TN:
SF:utils/Crypto-lib/Crypto-ts/src/pad/NoPadding.ts
FN:1,(anonymous_0)
FNF:1
FNH:1
FNDA:1,(anonymous_0)
DA:1,2
LF:1
LH:1
BRF:0
BRH:0
end_of_record
TN:
SF:utils/Crypto-lib/Crypto-ts/src/pad/Pkcs7.ts
FN:1,(anonymous_0)
FNF:1
FNH:1
FNDA:1,(anonymous_0)
DA:1,2
LF:1
LH:1
BRF:0
BRH:0
end_of_record
TN:
SF:utils/Crypto-lib/Crypto-ts/src/pad/Zero.ts
FN:1,(anonymous_0)
FNF:1
FNH:1
FNDA:1,(anonymous_0)
DA:1,2
LF:1
LH:1
BRF:0
BRH:0
end_of_record
